<?xml version="1.0" encoding="UTF-8"?>
<!-- Generated by org.testng.reporters.JUnitXMLReporter -->
<testsuite hostname="ISW-ENGR-AA9" ignored="0" name="Default test" tests="22" failures="0" timestamp="05 Sep 2021 20:58:54 GMT" time="10.748" errors="0">
  <testcase name="@BeforeTest startUp" time="0.0" classname="actions.Passport2FATestSuite">
    <failure type="org.openqa.selenium.SessionNotCreatedException" message="session not created: This version of ChromeDriver only supports Chrome version 89
Current browser version is 92.0.4515.159 with binary path C:\Program Files (x86)\Google\Chrome\Application\chrome.exe
Build info: version: &amp;apos;3.7.1&amp;apos;, revision: &amp;apos;8a0099a&amp;apos;, time: &amp;apos;2017-11-06T21:01:39.354Z&amp;apos;
System info: host: &amp;apos;ISW-ENGR-AA9&amp;apos;, ip: &amp;apos;172.15.13.164&amp;apos;, os.name: &amp;apos;Windows 10&amp;apos;, os.arch: &amp;apos;amd64&amp;apos;, os.version: &amp;apos;10.0&amp;apos;, java.version: &amp;apos;1.8.0_301&amp;apos;
Driver info: driver.version: ChromeDriver
remote stacktrace: Backtrace:
	Ordinal0 [0x008EE7D3+124883]
	Ordinal0 [0x008EE7B1+124849]
	GetHandleVerifier [0x00B38688+193832]
	GetHandleVerifier [0x00B53AC5+305509]
	GetHandleVerifier [0x00B5021B+291003]
	GetHandleVerifier [0x00B4E0AC+282444]
	GetHandleVerifier [0x00B74A90+440624]
	GetHandleVerifier [0x00B747FC+439964]
	GetHandleVerifier [0x00B7154B+426987]
	GetHandleVerifier [0x00B54FFD+310941]
	GetHandleVerifier [0x00B55D8E+314414]
	GetHandleVerifier [0x00B55D19+314297]
	GetHandleVerifier [0x00C131EC+1089676]
	GetHandleVerifier [0x00C117C9+1082985]
	GetHandleVerifier [0x00C113A3+1081923]
	GetHandleVerifier [0x00D0D9FD+2115741]
	Ordinal0 [0x00A3B82E+1488942]
	Ordinal0 [0x009D5A7D+1071741]
	Ordinal0 [0x009D559B+1070491]
	Ordinal0 [0x009D54B1+1070257]
	Ordinal0 [0x00A0FF53+1310547]
	BaseThreadInitThunk [0x76D50419+25]
	RtlGetAppContainerNamedObjectPath [0x778B66ED+237]
	RtlGetAppContainerNamedObjectPath [0x778B66BD+189]
">
      <![CDATA[org.openqa.selenium.SessionNotCreatedException: session not created: This version of ChromeDriver only supports Chrome version 89
Current browser version is 92.0.4515.159 with binary path C:\Program Files (x86)\Google\Chrome\Application\chrome.exe
Build info: version: '3.7.1', revision: '8a0099a', time: '2017-11-06T21:01:39.354Z'
System info: host: 'ISW-ENGR-AA9', ip: '172.15.13.164', os.name: 'Windows 10', os.arch: 'amd64', os.version: '10.0', java.version: '1.8.0_301'
Driver info: driver.version: ChromeDriver
remote stacktrace: Backtrace:
	Ordinal0 [0x008EE7D3+124883]
	Ordinal0 [0x008EE7B1+124849]
	GetHandleVerifier [0x00B38688+193832]
	GetHandleVerifier [0x00B53AC5+305509]
	GetHandleVerifier [0x00B5021B+291003]
	GetHandleVerifier [0x00B4E0AC+282444]
	GetHandleVerifier [0x00B74A90+440624]
	GetHandleVerifier [0x00B747FC+439964]
	GetHandleVerifier [0x00B7154B+426987]
	GetHandleVerifier [0x00B54FFD+310941]
	GetHandleVerifier [0x00B55D8E+314414]
	GetHandleVerifier [0x00B55D19+314297]
	GetHandleVerifier [0x00C131EC+1089676]
	GetHandleVerifier [0x00C117C9+1082985]
	GetHandleVerifier [0x00C113A3+1081923]
	GetHandleVerifier [0x00D0D9FD+2115741]
	Ordinal0 [0x00A3B82E+1488942]
	Ordinal0 [0x009D5A7D+1071741]
	Ordinal0 [0x009D559B+1070491]
	Ordinal0 [0x009D54B1+1070257]
	Ordinal0 [0x00A0FF53+1310547]
	BaseThreadInitThunk [0x76D50419+25]
	RtlGetAppContainerNamedObjectPath [0x778B66ED+237]
	RtlGetAppContainerNamedObjectPath [0x778B66BD+189]

	at sun.reflect.NativeConstructorAccessorImpl.newInstance0(Native Method)
	at sun.reflect.NativeConstructorAccessorImpl.newInstance(Unknown Source)
	at sun.reflect.DelegatingConstructorAccessorImpl.newInstance(Unknown Source)
	at java.lang.reflect.Constructor.newInstance(Unknown Source)
	at org.openqa.selenium.remote.W3CHandshakeResponse.lambda$new$0(W3CHandshakeResponse.java:57)
	at org.openqa.selenium.remote.W3CHandshakeResponse.lambda$getResponseFunction$2(W3CHandshakeResponse.java:104)
	at org.openqa.selenium.remote.ProtocolHandshake.lambda$createSession$0(ProtocolHandshake.java:123)
	at java.util.stream.ReferencePipeline$3$1.accept(Unknown Source)
	at java.util.Spliterators$ArraySpliterator.tryAdvance(Unknown Source)
	at java.util.stream.ReferencePipeline.forEachWithCancel(Unknown Source)
	at java.util.stream.AbstractPipeline.copyIntoWithCancel(Unknown Source)
	at java.util.stream.AbstractPipeline.copyInto(Unknown Source)
	at java.util.stream.AbstractPipeline.wrapAndCopyInto(Unknown Source)
	at java.util.stream.FindOps$FindOp.evaluateSequential(Unknown Source)
	at java.util.stream.AbstractPipeline.evaluate(Unknown Source)
	at java.util.stream.ReferencePipeline.findFirst(Unknown Source)
	at org.openqa.selenium.remote.ProtocolHandshake.createSession(ProtocolHandshake.java:126)
	at org.openqa.selenium.remote.ProtocolHandshake.createSession(ProtocolHandshake.java:73)
	at org.openqa.selenium.remote.HttpCommandExecutor.execute(HttpCommandExecutor.java:142)
	at org.openqa.selenium.remote.service.DriverCommandExecutor.execute(DriverCommandExecutor.java:83)
	at org.openqa.selenium.remote.RemoteWebDriver.execute(RemoteWebDriver.java:600)
	at org.openqa.selenium.remote.RemoteWebDriver.startSession(RemoteWebDriver.java:219)
	at org.openqa.selenium.remote.RemoteWebDriver.<init>(RemoteWebDriver.java:142)
	at org.openqa.selenium.chrome.ChromeDriver.<init>(ChromeDriver.java:181)
	at org.openqa.selenium.chrome.ChromeDriver.<init>(ChromeDriver.java:168)
	at org.openqa.selenium.chrome.ChromeDriver.<init>(ChromeDriver.java:123)
	at pages.StartBrowser.initializeBrowser(StartBrowser.java:30)
	at actions.Passport2FATestSuite.startUp(Passport2FATestSuite.java:21)
	at sun.reflect.NativeMethodAccessorImpl.invoke0(Native Method)
	at sun.reflect.NativeMethodAccessorImpl.invoke(Unknown Source)
	at sun.reflect.DelegatingMethodAccessorImpl.invoke(Unknown Source)
	at java.lang.reflect.Method.invoke(Unknown Source)
	at org.testng.internal.MethodInvocationHelper.invokeMethod(MethodInvocationHelper.java:104)
	at org.testng.internal.Invoker.invokeConfigurationMethod(Invoker.java:515)
	at org.testng.internal.Invoker.invokeConfigurations(Invoker.java:217)
	at org.testng.internal.Invoker.invokeConfigurations(Invoker.java:144)
	at org.testng.TestRunner.beforeRun(TestRunner.java:634)
	at org.testng.TestRunner.run(TestRunner.java:602)
	at org.testng.SuiteRunner.runTest(SuiteRunner.java:387)
	at org.testng.SuiteRunner.runSequentially(SuiteRunner.java:382)
	at org.testng.SuiteRunner.privateRun(SuiteRunner.java:340)
	at org.testng.SuiteRunner.run(SuiteRunner.java:289)
	at org.testng.SuiteRunnerWorker.runSuite(SuiteRunnerWorker.java:52)
	at org.testng.SuiteRunnerWorker.run(SuiteRunnerWorker.java:86)
	at org.testng.TestNG.runSuitesSequentially(TestNG.java:1293)
	at org.testng.TestNG.runSuitesLocally(TestNG.java:1218)
	at org.testng.TestNG.runSuites(TestNG.java:1133)
	at org.testng.TestNG.run(TestNG.java:1104)
	at org.testng.remote.AbstractRemoteTestNG.run(AbstractRemoteTestNG.java:115)
	at org.testng.remote.RemoteTestNG.initAndRun(RemoteTestNG.java:251)
	at org.testng.remote.RemoteTestNG.main(RemoteTestNG.java:77)
]]>
    </failure>
  </testcase> <!-- @BeforeTest startUp -->
  <testcase name="@BeforeTest startUp" time="0.0" classname="actions.PassportAdminTestSuite">
    <skipped/>
  </testcase> <!-- @BeforeTest startUp -->
  <testcase name="@BeforeTest startUp" time="0.0" classname="actions.PassportCreatAccountTestSuite">
    <skipped/>
  </testcase> <!-- @BeforeTest startUp -->
  <testcase name="@BeforeTest startUp" time="0.0" classname="actions.PassportForgotPasswordTestSuite">
    <skipped/>
  </testcase> <!-- @BeforeTest startUp -->
  <testcase name="@BeforeTest startUp" time="0.0" classname="actions.UserLoginTest">
    <skipped/>
  </testcase> <!-- @BeforeTest startUp -->
  <testcase name="@AfterTest TearDown" time="0.0" classname="actions.Passport2FATestSuite">
    <skipped/>
  </testcase> <!-- @AfterTest TearDown -->
  <testcase name="@AfterTest TearDown" time="0.0" classname="actions.PassportAdminTestSuite">
    <skipped/>
  </testcase> <!-- @AfterTest TearDown -->
  <testcase name="@AfterTest TearDown" time="0.0" classname="actions.PassportCreatAccountTestSuite">
    <skipped/>
  </testcase> <!-- @AfterTest TearDown -->
  <testcase name="@AfterTest TearDown" time="0.0" classname="actions.PassportForgotPasswordTestSuite">
    <skipped/>
  </testcase> <!-- @AfterTest TearDown -->
  <testcase name="@AfterTest TearDown" time="0.0" classname="actions.UserLoginTest">
    <skipped/>
  </testcase> <!-- @AfterTest TearDown -->
  <testcase name="ValidUsernameInvalidPassword" time="0.001" classname="actions.PassportAdminTestSuite">
    <skipped/>
  </testcase> <!-- ValidUsernameInvalidPassword -->
  <testcase name="ValidEmail" time="0.0" classname="actions.PassportForgotPasswordTestSuite">
    <skipped/>
  </testcase> <!-- ValidEmail -->
  <testcase name="PassportSecondFactorAuthentication" time="0.0" classname="actions.Passport2FATestSuite">
    <skipped/>
  </testcase> <!-- PassportSecondFactorAuthentication -->
  <testcase name="CreateUserCheck" time="0.0" classname="actions.PassportCreatAccountTestSuite">
    <skipped/>
  </testcase> <!-- CreateUserCheck -->
  <testcase name="ValidUsernameValidPassword" time="0.0" classname="actions.UserLoginTest">
    <skipped/>
  </testcase> <!-- ValidUsernameValidPassword -->
  <testcase name="InValidUsernameInvalidPassword" time="0.0" classname="actions.PassportAdminTestSuite">
    <skipped/>
  </testcase> <!-- InValidUsernameInvalidPassword -->
  <testcase name="ResendOtp" time="0.0" classname="actions.Passport2FATestSuite">
    <skipped/>
  </testcase> <!-- ResendOtp -->
  <testcase name="EmailAlreadyExistCheck" time="0.007" classname="actions.PassportCreatAccountTestSuite">
    <skipped/>
  </testcase> <!-- EmailAlreadyExistCheck -->
  <testcase name="ValidUsernameInvalidPassword" time="0.0" classname="actions.UserLoginTest">
    <skipped/>
  </testcase> <!-- ValidUsernameInvalidPassword -->
  <testcase name="InValidUsernamevalidPassword" time="0.0" classname="actions.PassportAdminTestSuite">
    <skipped/>
  </testcase> <!-- InValidUsernamevalidPassword -->
  <testcase name="InvalidOtp" time="0.0" classname="actions.Passport2FATestSuite">
    <skipped/>
  </testcase> <!-- InvalidOtp -->
  <testcase name="MobileNumberAlreadyExistCheck" time="0.0" classname="actions.PassportCreatAccountTestSuite">
    <skipped/>
  </testcase> <!-- MobileNumberAlreadyExistCheck -->
  <testcase name="InValidUsernameInvalidPassword" time="0.0" classname="actions.UserLoginTest">
    <skipped/>
  </testcase> <!-- InValidUsernameInvalidPassword -->
  <testcase name="ValidUsernameValidPassword" time="0.0" classname="actions.PassportAdminTestSuite">
    <skipped/>
  </testcase> <!-- ValidUsernameValidPassword -->
  <testcase name="PasswordMismatchCheck" time="0.0" classname="actions.PassportCreatAccountTestSuite">
    <skipped/>
  </testcase> <!-- PasswordMismatchCheck -->
  <testcase name="InValid5UsernamevalidPassword" time="0.0" classname="actions.UserLoginTest">
    <skipped/>
  </testcase> <!-- InValid5UsernamevalidPassword -->
  <testcase name="CheckBoxCheck" time="0.0" classname="actions.PassportCreatAccountTestSuite">
    <skipped/>
  </testcase> <!-- CheckBoxCheck -->
  <testcase name="EmptyFirstNameCheck" time="0.0" classname="actions.PassportCreatAccountTestSuite">
    <skipped/>
  </testcase> <!-- EmptyFirstNameCheck -->
  <testcase name="EmptyLastNameCheck" time="0.015" classname="actions.PassportCreatAccountTestSuite">
    <skipped/>
  </testcase> <!-- EmptyLastNameCheck -->
  <testcase name="InvalidMobileCheck" time="0.001" classname="actions.PassportCreatAccountTestSuite">
    <skipped/>
  </testcase> <!-- InvalidMobileCheck -->
  <testcase name="EmptyPassword" time="0.001" classname="actions.PassportCreatAccountTestSuite">
    <skipped/>
  </testcase> <!-- EmptyPassword -->
  <testcase name="EmptyConfirmPasswordCheck" time="0.001" classname="actions.PassportCreatAccountTestSuite">
    <skipped/>
  </testcase> <!-- EmptyConfirmPasswordCheck -->
</testsuite> <!-- Default test -->
