<?xml version="1.0" encoding="UTF-8"?>
<testng-results skipped="22" failed="0" ignored="0" total="22" passed="0">
  <reporter-output>
  </reporter-output>
  <suite name="Default suite" duration-ms="10748" started-at="2021-09-05T20:58:43Z" finished-at="2021-09-05T20:58:53Z">
    <groups>
    </groups>
    <test name="Default test" duration-ms="10748" started-at="2021-09-05T20:58:43Z" finished-at="2021-09-05T20:58:53Z">
      <class name="actions.PassportAdminTestSuite">
        <test-method status="SKIP" signature="ValidUsernameInvalidPassword()[pri:1, instance:actions.PassportAdminTestSuite@d8355a8]" name="ValidUsernameInvalidPassword" duration-ms="1" started-at="2021-09-05T21:58:53Z" finished-at="2021-09-05T21:58:53Z">
          <exception class="org.openqa.selenium.SessionNotCreatedException">
            <message>
              <![CDATA[session not created: This version of ChromeDriver only supports Chrome version 89
Current browser version is 92.0.4515.159 with binary path C:\Program Files (x86)\Google\Chrome\Application\chrome.exe
Build info: version: '3.7.1', revision: '8a0099a', time: '2017-11-06T21:01:39.354Z'
System info: host: 'ISW-ENGR-AA9', ip: '172.15.13.164', os.name: 'Windows 10', os.arch: 'amd64', os.version: '10.0', java.version: '1.8.0_301'
Driver info: driver.version: ChromeDriver
remote stacktrace: Backtrace:
	Ordinal0 [0x008EE7D3+124883]
	Ordinal0 [0x008EE7B1+124849]
	GetHandleVerifier [0x00B38688+193832]
	GetHandleVerifier [0x00B53AC5+305509]
	GetHandleVerifier [0x00B5021B+291003]
	GetHandleVerifier [0x00B4E0AC+282444]
	GetHandleVerifier [0x00B74A90+440624]
	GetHandleVerifier [0x00B747FC+439964]
	GetHandleVerifier [0x00B7154B+426987]
	GetHandleVerifier [0x00B54FFD+310941]
	GetHandleVerifier [0x00B55D8E+314414]
	GetHandleVerifier [0x00B55D19+314297]
	GetHandleVerifier [0x00C131EC+1089676]
	GetHandleVerifier [0x00C117C9+1082985]
	GetHandleVerifier [0x00C113A3+1081923]
	GetHandleVerifier [0x00D0D9FD+2115741]
	Ordinal0 [0x00A3B82E+1488942]
	Ordinal0 [0x009D5A7D+1071741]
	Ordinal0 [0x009D559B+1070491]
	Ordinal0 [0x009D54B1+1070257]
	Ordinal0 [0x00A0FF53+1310547]
	BaseThreadInitThunk [0x76D50419+25]
	RtlGetAppContainerNamedObjectPath [0x778B66ED+237]
	RtlGetAppContainerNamedObjectPath [0x778B66BD+189]
]]>
            </message>
            <full-stacktrace>
              <![CDATA[org.openqa.selenium.SessionNotCreatedException: session not created: This version of ChromeDriver only supports Chrome version 89
Current browser version is 92.0.4515.159 with binary path C:\Program Files (x86)\Google\Chrome\Application\chrome.exe
Build info: version: '3.7.1', revision: '8a0099a', time: '2017-11-06T21:01:39.354Z'
System info: host: 'ISW-ENGR-AA9', ip: '172.15.13.164', os.name: 'Windows 10', os.arch: 'amd64', os.version: '10.0', java.version: '1.8.0_301'
Driver info: driver.version: ChromeDriver
remote stacktrace: Backtrace:
	Ordinal0 [0x008EE7D3+124883]
	Ordinal0 [0x008EE7B1+124849]
	GetHandleVerifier [0x00B38688+193832]
	GetHandleVerifier [0x00B53AC5+305509]
	GetHandleVerifier [0x00B5021B+291003]
	GetHandleVerifier [0x00B4E0AC+282444]
	GetHandleVerifier [0x00B74A90+440624]
	GetHandleVerifier [0x00B747FC+439964]
	GetHandleVerifier [0x00B7154B+426987]
	GetHandleVerifier [0x00B54FFD+310941]
	GetHandleVerifier [0x00B55D8E+314414]
	GetHandleVerifier [0x00B55D19+314297]
	GetHandleVerifier [0x00C131EC+1089676]
	GetHandleVerifier [0x00C117C9+1082985]
	GetHandleVerifier [0x00C113A3+1081923]
	GetHandleVerifier [0x00D0D9FD+2115741]
	Ordinal0 [0x00A3B82E+1488942]
	Ordinal0 [0x009D5A7D+1071741]
	Ordinal0 [0x009D559B+1070491]
	Ordinal0 [0x009D54B1+1070257]
	Ordinal0 [0x00A0FF53+1310547]
	BaseThreadInitThunk [0x76D50419+25]
	RtlGetAppContainerNamedObjectPath [0x778B66ED+237]
	RtlGetAppContainerNamedObjectPath [0x778B66BD+189]

	at sun.reflect.NativeConstructorAccessorImpl.newInstance0(Native Method)
	at sun.reflect.NativeConstructorAccessorImpl.newInstance(Unknown Source)
	at sun.reflect.DelegatingConstructorAccessorImpl.newInstance(Unknown Source)
	at java.lang.reflect.Constructor.newInstance(Unknown Source)
	at org.openqa.selenium.remote.W3CHandshakeResponse.lambda$new$0(W3CHandshakeResponse.java:57)
	at org.openqa.selenium.remote.W3CHandshakeResponse.lambda$getResponseFunction$2(W3CHandshakeResponse.java:104)
	at org.openqa.selenium.remote.ProtocolHandshake.lambda$createSession$0(ProtocolHandshake.java:123)
	at java.util.stream.ReferencePipeline$3$1.accept(Unknown Source)
	at java.util.Spliterators$ArraySpliterator.tryAdvance(Unknown Source)
	at java.util.stream.ReferencePipeline.forEachWithCancel(Unknown Source)
	at java.util.stream.AbstractPipeline.copyIntoWithCancel(Unknown Source)
	at java.util.stream.AbstractPipeline.copyInto(Unknown Source)
	at java.util.stream.AbstractPipeline.wrapAndCopyInto(Unknown Source)
	at java.util.stream.FindOps$FindOp.evaluateSequential(Unknown Source)
	at java.util.stream.AbstractPipeline.evaluate(Unknown Source)
	at java.util.stream.ReferencePipeline.findFirst(Unknown Source)
	at org.openqa.selenium.remote.ProtocolHandshake.createSession(ProtocolHandshake.java:126)
	at org.openqa.selenium.remote.ProtocolHandshake.createSession(ProtocolHandshake.java:73)
	at org.openqa.selenium.remote.HttpCommandExecutor.execute(HttpCommandExecutor.java:142)
	at org.openqa.selenium.remote.service.DriverCommandExecutor.execute(DriverCommandExecutor.java:83)
	at org.openqa.selenium.remote.RemoteWebDriver.execute(RemoteWebDriver.java:600)
	at org.openqa.selenium.remote.RemoteWebDriver.startSession(RemoteWebDriver.java:219)
	at org.openqa.selenium.remote.RemoteWebDriver.<init>(RemoteWebDriver.java:142)
	at org.openqa.selenium.chrome.ChromeDriver.<init>(ChromeDriver.java:181)
	at org.openqa.selenium.chrome.ChromeDriver.<init>(ChromeDriver.java:168)
	at org.openqa.selenium.chrome.ChromeDriver.<init>(ChromeDriver.java:123)
	at pages.StartBrowser.initializeBrowser(StartBrowser.java:30)
	at actions.Passport2FATestSuite.startUp(Passport2FATestSuite.java:21)
	at sun.reflect.NativeMethodAccessorImpl.invoke0(Native Method)
	at sun.reflect.NativeMethodAccessorImpl.invoke(Unknown Source)
	at sun.reflect.DelegatingMethodAccessorImpl.invoke(Unknown Source)
	at java.lang.reflect.Method.invoke(Unknown Source)
	at org.testng.internal.MethodInvocationHelper.invokeMethod(MethodInvocationHelper.java:104)
	at org.testng.internal.Invoker.invokeConfigurationMethod(Invoker.java:515)
	at org.testng.internal.Invoker.invokeConfigurations(Invoker.java:217)
	at org.testng.internal.Invoker.invokeConfigurations(Invoker.java:144)
	at org.testng.TestRunner.beforeRun(TestRunner.java:634)
	at org.testng.TestRunner.run(TestRunner.java:602)
	at org.testng.SuiteRunner.runTest(SuiteRunner.java:387)
	at org.testng.SuiteRunner.runSequentially(SuiteRunner.java:382)
	at org.testng.SuiteRunner.privateRun(SuiteRunner.java:340)
	at org.testng.SuiteRunner.run(SuiteRunner.java:289)
	at org.testng.SuiteRunnerWorker.runSuite(SuiteRunnerWorker.java:52)
	at org.testng.SuiteRunnerWorker.run(SuiteRunnerWorker.java:86)
	at org.testng.TestNG.runSuitesSequentially(TestNG.java:1293)
	at org.testng.TestNG.runSuitesLocally(TestNG.java:1218)
	at org.testng.TestNG.runSuites(TestNG.java:1133)
	at org.testng.TestNG.run(TestNG.java:1104)
	at org.testng.remote.AbstractRemoteTestNG.run(AbstractRemoteTestNG.java:115)
	at org.testng.remote.RemoteTestNG.initAndRun(RemoteTestNG.java:251)
	at org.testng.remote.RemoteTestNG.main(RemoteTestNG.java:77)
]]>
            </full-stacktrace>
          </exception> <!-- org.openqa.selenium.SessionNotCreatedException -->
          <reporter-output>
          </reporter-output>
        </test-method> <!-- ValidUsernameInvalidPassword -->
        <test-method status="SKIP" signature="InValidUsernameInvalidPassword()[pri:2, instance:actions.PassportAdminTestSuite@d8355a8]" name="InValidUsernameInvalidPassword" duration-ms="0" started-at="2021-09-05T21:58:53Z" finished-at="2021-09-05T21:58:53Z">
          <exception class="org.openqa.selenium.SessionNotCreatedException">
            <message>
              <![CDATA[session not created: This version of ChromeDriver only supports Chrome version 89
Current browser version is 92.0.4515.159 with binary path C:\Program Files (x86)\Google\Chrome\Application\chrome.exe
Build info: version: '3.7.1', revision: '8a0099a', time: '2017-11-06T21:01:39.354Z'
System info: host: 'ISW-ENGR-AA9', ip: '172.15.13.164', os.name: 'Windows 10', os.arch: 'amd64', os.version: '10.0', java.version: '1.8.0_301'
Driver info: driver.version: ChromeDriver
remote stacktrace: Backtrace:
	Ordinal0 [0x008EE7D3+124883]
	Ordinal0 [0x008EE7B1+124849]
	GetHandleVerifier [0x00B38688+193832]
	GetHandleVerifier [0x00B53AC5+305509]
	GetHandleVerifier [0x00B5021B+291003]
	GetHandleVerifier [0x00B4E0AC+282444]
	GetHandleVerifier [0x00B74A90+440624]
	GetHandleVerifier [0x00B747FC+439964]
	GetHandleVerifier [0x00B7154B+426987]
	GetHandleVerifier [0x00B54FFD+310941]
	GetHandleVerifier [0x00B55D8E+314414]
	GetHandleVerifier [0x00B55D19+314297]
	GetHandleVerifier [0x00C131EC+1089676]
	GetHandleVerifier [0x00C117C9+1082985]
	GetHandleVerifier [0x00C113A3+1081923]
	GetHandleVerifier [0x00D0D9FD+2115741]
	Ordinal0 [0x00A3B82E+1488942]
	Ordinal0 [0x009D5A7D+1071741]
	Ordinal0 [0x009D559B+1070491]
	Ordinal0 [0x009D54B1+1070257]
	Ordinal0 [0x00A0FF53+1310547]
	BaseThreadInitThunk [0x76D50419+25]
	RtlGetAppContainerNamedObjectPath [0x778B66ED+237]
	RtlGetAppContainerNamedObjectPath [0x778B66BD+189]
]]>
            </message>
            <full-stacktrace>
              <![CDATA[org.openqa.selenium.SessionNotCreatedException: session not created: This version of ChromeDriver only supports Chrome version 89
Current browser version is 92.0.4515.159 with binary path C:\Program Files (x86)\Google\Chrome\Application\chrome.exe
Build info: version: '3.7.1', revision: '8a0099a', time: '2017-11-06T21:01:39.354Z'
System info: host: 'ISW-ENGR-AA9', ip: '172.15.13.164', os.name: 'Windows 10', os.arch: 'amd64', os.version: '10.0', java.version: '1.8.0_301'
Driver info: driver.version: ChromeDriver
remote stacktrace: Backtrace:
	Ordinal0 [0x008EE7D3+124883]
	Ordinal0 [0x008EE7B1+124849]
	GetHandleVerifier [0x00B38688+193832]
	GetHandleVerifier [0x00B53AC5+305509]
	GetHandleVerifier [0x00B5021B+291003]
	GetHandleVerifier [0x00B4E0AC+282444]
	GetHandleVerifier [0x00B74A90+440624]
	GetHandleVerifier [0x00B747FC+439964]
	GetHandleVerifier [0x00B7154B+426987]
	GetHandleVerifier [0x00B54FFD+310941]
	GetHandleVerifier [0x00B55D8E+314414]
	GetHandleVerifier [0x00B55D19+314297]
	GetHandleVerifier [0x00C131EC+1089676]
	GetHandleVerifier [0x00C117C9+1082985]
	GetHandleVerifier [0x00C113A3+1081923]
	GetHandleVerifier [0x00D0D9FD+2115741]
	Ordinal0 [0x00A3B82E+1488942]
	Ordinal0 [0x009D5A7D+1071741]
	Ordinal0 [0x009D559B+1070491]
	Ordinal0 [0x009D54B1+1070257]
	Ordinal0 [0x00A0FF53+1310547]
	BaseThreadInitThunk [0x76D50419+25]
	RtlGetAppContainerNamedObjectPath [0x778B66ED+237]
	RtlGetAppContainerNamedObjectPath [0x778B66BD+189]

	at sun.reflect.NativeConstructorAccessorImpl.newInstance0(Native Method)
	at sun.reflect.NativeConstructorAccessorImpl.newInstance(Unknown Source)
	at sun.reflect.DelegatingConstructorAccessorImpl.newInstance(Unknown Source)
	at java.lang.reflect.Constructor.newInstance(Unknown Source)
	at org.openqa.selenium.remote.W3CHandshakeResponse.lambda$new$0(W3CHandshakeResponse.java:57)
	at org.openqa.selenium.remote.W3CHandshakeResponse.lambda$getResponseFunction$2(W3CHandshakeResponse.java:104)
	at org.openqa.selenium.remote.ProtocolHandshake.lambda$createSession$0(ProtocolHandshake.java:123)
	at java.util.stream.ReferencePipeline$3$1.accept(Unknown Source)
	at java.util.Spliterators$ArraySpliterator.tryAdvance(Unknown Source)
	at java.util.stream.ReferencePipeline.forEachWithCancel(Unknown Source)
	at java.util.stream.AbstractPipeline.copyIntoWithCancel(Unknown Source)
	at java.util.stream.AbstractPipeline.copyInto(Unknown Source)
	at java.util.stream.AbstractPipeline.wrapAndCopyInto(Unknown Source)
	at java.util.stream.FindOps$FindOp.evaluateSequential(Unknown Source)
	at java.util.stream.AbstractPipeline.evaluate(Unknown Source)
	at java.util.stream.ReferencePipeline.findFirst(Unknown Source)
	at org.openqa.selenium.remote.ProtocolHandshake.createSession(ProtocolHandshake.java:126)
	at org.openqa.selenium.remote.ProtocolHandshake.createSession(ProtocolHandshake.java:73)
	at org.openqa.selenium.remote.HttpCommandExecutor.execute(HttpCommandExecutor.java:142)
	at org.openqa.selenium.remote.service.DriverCommandExecutor.execute(DriverCommandExecutor.java:83)
	at org.openqa.selenium.remote.RemoteWebDriver.execute(RemoteWebDriver.java:600)
	at org.openqa.selenium.remote.RemoteWebDriver.startSession(RemoteWebDriver.java:219)
	at org.openqa.selenium.remote.RemoteWebDriver.<init>(RemoteWebDriver.java:142)
	at org.openqa.selenium.chrome.ChromeDriver.<init>(ChromeDriver.java:181)
	at org.openqa.selenium.chrome.ChromeDriver.<init>(ChromeDriver.java:168)
	at org.openqa.selenium.chrome.ChromeDriver.<init>(ChromeDriver.java:123)
	at pages.StartBrowser.initializeBrowser(StartBrowser.java:30)
	at actions.Passport2FATestSuite.startUp(Passport2FATestSuite.java:21)
	at sun.reflect.NativeMethodAccessorImpl.invoke0(Native Method)
	at sun.reflect.NativeMethodAccessorImpl.invoke(Unknown Source)
	at sun.reflect.DelegatingMethodAccessorImpl.invoke(Unknown Source)
	at java.lang.reflect.Method.invoke(Unknown Source)
	at org.testng.internal.MethodInvocationHelper.invokeMethod(MethodInvocationHelper.java:104)
	at org.testng.internal.Invoker.invokeConfigurationMethod(Invoker.java:515)
	at org.testng.internal.Invoker.invokeConfigurations(Invoker.java:217)
	at org.testng.internal.Invoker.invokeConfigurations(Invoker.java:144)
	at org.testng.TestRunner.beforeRun(TestRunner.java:634)
	at org.testng.TestRunner.run(TestRunner.java:602)
	at org.testng.SuiteRunner.runTest(SuiteRunner.java:387)
	at org.testng.SuiteRunner.runSequentially(SuiteRunner.java:382)
	at org.testng.SuiteRunner.privateRun(SuiteRunner.java:340)
	at org.testng.SuiteRunner.run(SuiteRunner.java:289)
	at org.testng.SuiteRunnerWorker.runSuite(SuiteRunnerWorker.java:52)
	at org.testng.SuiteRunnerWorker.run(SuiteRunnerWorker.java:86)
	at org.testng.TestNG.runSuitesSequentially(TestNG.java:1293)
	at org.testng.TestNG.runSuitesLocally(TestNG.java:1218)
	at org.testng.TestNG.runSuites(TestNG.java:1133)
	at org.testng.TestNG.run(TestNG.java:1104)
	at org.testng.remote.AbstractRemoteTestNG.run(AbstractRemoteTestNG.java:115)
	at org.testng.remote.RemoteTestNG.initAndRun(RemoteTestNG.java:251)
	at org.testng.remote.RemoteTestNG.main(RemoteTestNG.java:77)
]]>
            </full-stacktrace>
          </exception> <!-- org.openqa.selenium.SessionNotCreatedException -->
          <reporter-output>
          </reporter-output>
        </test-method> <!-- InValidUsernameInvalidPassword -->
        <test-method status="SKIP" signature="InValidUsernamevalidPassword()[pri:3, instance:actions.PassportAdminTestSuite@d8355a8]" name="InValidUsernamevalidPassword" duration-ms="0" started-at="2021-09-05T21:58:53Z" finished-at="2021-09-05T21:58:53Z">
          <exception class="org.openqa.selenium.SessionNotCreatedException">
            <message>
              <![CDATA[session not created: This version of ChromeDriver only supports Chrome version 89
Current browser version is 92.0.4515.159 with binary path C:\Program Files (x86)\Google\Chrome\Application\chrome.exe
Build info: version: '3.7.1', revision: '8a0099a', time: '2017-11-06T21:01:39.354Z'
System info: host: 'ISW-ENGR-AA9', ip: '172.15.13.164', os.name: 'Windows 10', os.arch: 'amd64', os.version: '10.0', java.version: '1.8.0_301'
Driver info: driver.version: ChromeDriver
remote stacktrace: Backtrace:
	Ordinal0 [0x008EE7D3+124883]
	Ordinal0 [0x008EE7B1+124849]
	GetHandleVerifier [0x00B38688+193832]
	GetHandleVerifier [0x00B53AC5+305509]
	GetHandleVerifier [0x00B5021B+291003]
	GetHandleVerifier [0x00B4E0AC+282444]
	GetHandleVerifier [0x00B74A90+440624]
	GetHandleVerifier [0x00B747FC+439964]
	GetHandleVerifier [0x00B7154B+426987]
	GetHandleVerifier [0x00B54FFD+310941]
	GetHandleVerifier [0x00B55D8E+314414]
	GetHandleVerifier [0x00B55D19+314297]
	GetHandleVerifier [0x00C131EC+1089676]
	GetHandleVerifier [0x00C117C9+1082985]
	GetHandleVerifier [0x00C113A3+1081923]
	GetHandleVerifier [0x00D0D9FD+2115741]
	Ordinal0 [0x00A3B82E+1488942]
	Ordinal0 [0x009D5A7D+1071741]
	Ordinal0 [0x009D559B+1070491]
	Ordinal0 [0x009D54B1+1070257]
	Ordinal0 [0x00A0FF53+1310547]
	BaseThreadInitThunk [0x76D50419+25]
	RtlGetAppContainerNamedObjectPath [0x778B66ED+237]
	RtlGetAppContainerNamedObjectPath [0x778B66BD+189]
]]>
            </message>
            <full-stacktrace>
              <![CDATA[org.openqa.selenium.SessionNotCreatedException: session not created: This version of ChromeDriver only supports Chrome version 89
Current browser version is 92.0.4515.159 with binary path C:\Program Files (x86)\Google\Chrome\Application\chrome.exe
Build info: version: '3.7.1', revision: '8a0099a', time: '2017-11-06T21:01:39.354Z'
System info: host: 'ISW-ENGR-AA9', ip: '172.15.13.164', os.name: 'Windows 10', os.arch: 'amd64', os.version: '10.0', java.version: '1.8.0_301'
Driver info: driver.version: ChromeDriver
remote stacktrace: Backtrace:
	Ordinal0 [0x008EE7D3+124883]
	Ordinal0 [0x008EE7B1+124849]
	GetHandleVerifier [0x00B38688+193832]
	GetHandleVerifier [0x00B53AC5+305509]
	GetHandleVerifier [0x00B5021B+291003]
	GetHandleVerifier [0x00B4E0AC+282444]
	GetHandleVerifier [0x00B74A90+440624]
	GetHandleVerifier [0x00B747FC+439964]
	GetHandleVerifier [0x00B7154B+426987]
	GetHandleVerifier [0x00B54FFD+310941]
	GetHandleVerifier [0x00B55D8E+314414]
	GetHandleVerifier [0x00B55D19+314297]
	GetHandleVerifier [0x00C131EC+1089676]
	GetHandleVerifier [0x00C117C9+1082985]
	GetHandleVerifier [0x00C113A3+1081923]
	GetHandleVerifier [0x00D0D9FD+2115741]
	Ordinal0 [0x00A3B82E+1488942]
	Ordinal0 [0x009D5A7D+1071741]
	Ordinal0 [0x009D559B+1070491]
	Ordinal0 [0x009D54B1+1070257]
	Ordinal0 [0x00A0FF53+1310547]
	BaseThreadInitThunk [0x76D50419+25]
	RtlGetAppContainerNamedObjectPath [0x778B66ED+237]
	RtlGetAppContainerNamedObjectPath [0x778B66BD+189]

	at sun.reflect.NativeConstructorAccessorImpl.newInstance0(Native Method)
	at sun.reflect.NativeConstructorAccessorImpl.newInstance(Unknown Source)
	at sun.reflect.DelegatingConstructorAccessorImpl.newInstance(Unknown Source)
	at java.lang.reflect.Constructor.newInstance(Unknown Source)
	at org.openqa.selenium.remote.W3CHandshakeResponse.lambda$new$0(W3CHandshakeResponse.java:57)
	at org.openqa.selenium.remote.W3CHandshakeResponse.lambda$getResponseFunction$2(W3CHandshakeResponse.java:104)
	at org.openqa.selenium.remote.ProtocolHandshake.lambda$createSession$0(ProtocolHandshake.java:123)
	at java.util.stream.ReferencePipeline$3$1.accept(Unknown Source)
	at java.util.Spliterators$ArraySpliterator.tryAdvance(Unknown Source)
	at java.util.stream.ReferencePipeline.forEachWithCancel(Unknown Source)
	at java.util.stream.AbstractPipeline.copyIntoWithCancel(Unknown Source)
	at java.util.stream.AbstractPipeline.copyInto(Unknown Source)
	at java.util.stream.AbstractPipeline.wrapAndCopyInto(Unknown Source)
	at java.util.stream.FindOps$FindOp.evaluateSequential(Unknown Source)
	at java.util.stream.AbstractPipeline.evaluate(Unknown Source)
	at java.util.stream.ReferencePipeline.findFirst(Unknown Source)
	at org.openqa.selenium.remote.ProtocolHandshake.createSession(ProtocolHandshake.java:126)
	at org.openqa.selenium.remote.ProtocolHandshake.createSession(ProtocolHandshake.java:73)
	at org.openqa.selenium.remote.HttpCommandExecutor.execute(HttpCommandExecutor.java:142)
	at org.openqa.selenium.remote.service.DriverCommandExecutor.execute(DriverCommandExecutor.java:83)
	at org.openqa.selenium.remote.RemoteWebDriver.execute(RemoteWebDriver.java:600)
	at org.openqa.selenium.remote.RemoteWebDriver.startSession(RemoteWebDriver.java:219)
	at org.openqa.selenium.remote.RemoteWebDriver.<init>(RemoteWebDriver.java:142)
	at org.openqa.selenium.chrome.ChromeDriver.<init>(ChromeDriver.java:181)
	at org.openqa.selenium.chrome.ChromeDriver.<init>(ChromeDriver.java:168)
	at org.openqa.selenium.chrome.ChromeDriver.<init>(ChromeDriver.java:123)
	at pages.StartBrowser.initializeBrowser(StartBrowser.java:30)
	at actions.Passport2FATestSuite.startUp(Passport2FATestSuite.java:21)
	at sun.reflect.NativeMethodAccessorImpl.invoke0(Native Method)
	at sun.reflect.NativeMethodAccessorImpl.invoke(Unknown Source)
	at sun.reflect.DelegatingMethodAccessorImpl.invoke(Unknown Source)
	at java.lang.reflect.Method.invoke(Unknown Source)
	at org.testng.internal.MethodInvocationHelper.invokeMethod(MethodInvocationHelper.java:104)
	at org.testng.internal.Invoker.invokeConfigurationMethod(Invoker.java:515)
	at org.testng.internal.Invoker.invokeConfigurations(Invoker.java:217)
	at org.testng.internal.Invoker.invokeConfigurations(Invoker.java:144)
	at org.testng.TestRunner.beforeRun(TestRunner.java:634)
	at org.testng.TestRunner.run(TestRunner.java:602)
	at org.testng.SuiteRunner.runTest(SuiteRunner.java:387)
	at org.testng.SuiteRunner.runSequentially(SuiteRunner.java:382)
	at org.testng.SuiteRunner.privateRun(SuiteRunner.java:340)
	at org.testng.SuiteRunner.run(SuiteRunner.java:289)
	at org.testng.SuiteRunnerWorker.runSuite(SuiteRunnerWorker.java:52)
	at org.testng.SuiteRunnerWorker.run(SuiteRunnerWorker.java:86)
	at org.testng.TestNG.runSuitesSequentially(TestNG.java:1293)
	at org.testng.TestNG.runSuitesLocally(TestNG.java:1218)
	at org.testng.TestNG.runSuites(TestNG.java:1133)
	at org.testng.TestNG.run(TestNG.java:1104)
	at org.testng.remote.AbstractRemoteTestNG.run(AbstractRemoteTestNG.java:115)
	at org.testng.remote.RemoteTestNG.initAndRun(RemoteTestNG.java:251)
	at org.testng.remote.RemoteTestNG.main(RemoteTestNG.java:77)
]]>
            </full-stacktrace>
          </exception> <!-- org.openqa.selenium.SessionNotCreatedException -->
          <reporter-output>
          </reporter-output>
        </test-method> <!-- InValidUsernamevalidPassword -->
        <test-method status="SKIP" signature="ValidUsernameValidPassword()[pri:4, instance:actions.PassportAdminTestSuite@d8355a8]" name="ValidUsernameValidPassword" duration-ms="0" started-at="2021-09-05T21:58:53Z" finished-at="2021-09-05T21:58:53Z">
          <exception class="org.openqa.selenium.SessionNotCreatedException">
            <message>
              <![CDATA[session not created: This version of ChromeDriver only supports Chrome version 89
Current browser version is 92.0.4515.159 with binary path C:\Program Files (x86)\Google\Chrome\Application\chrome.exe
Build info: version: '3.7.1', revision: '8a0099a', time: '2017-11-06T21:01:39.354Z'
System info: host: 'ISW-ENGR-AA9', ip: '172.15.13.164', os.name: 'Windows 10', os.arch: 'amd64', os.version: '10.0', java.version: '1.8.0_301'
Driver info: driver.version: ChromeDriver
remote stacktrace: Backtrace:
	Ordinal0 [0x008EE7D3+124883]
	Ordinal0 [0x008EE7B1+124849]
	GetHandleVerifier [0x00B38688+193832]
	GetHandleVerifier [0x00B53AC5+305509]
	GetHandleVerifier [0x00B5021B+291003]
	GetHandleVerifier [0x00B4E0AC+282444]
	GetHandleVerifier [0x00B74A90+440624]
	GetHandleVerifier [0x00B747FC+439964]
	GetHandleVerifier [0x00B7154B+426987]
	GetHandleVerifier [0x00B54FFD+310941]
	GetHandleVerifier [0x00B55D8E+314414]
	GetHandleVerifier [0x00B55D19+314297]
	GetHandleVerifier [0x00C131EC+1089676]
	GetHandleVerifier [0x00C117C9+1082985]
	GetHandleVerifier [0x00C113A3+1081923]
	GetHandleVerifier [0x00D0D9FD+2115741]
	Ordinal0 [0x00A3B82E+1488942]
	Ordinal0 [0x009D5A7D+1071741]
	Ordinal0 [0x009D559B+1070491]
	Ordinal0 [0x009D54B1+1070257]
	Ordinal0 [0x00A0FF53+1310547]
	BaseThreadInitThunk [0x76D50419+25]
	RtlGetAppContainerNamedObjectPath [0x778B66ED+237]
	RtlGetAppContainerNamedObjectPath [0x778B66BD+189]
]]>
            </message>
            <full-stacktrace>
              <![CDATA[org.openqa.selenium.SessionNotCreatedException: session not created: This version of ChromeDriver only supports Chrome version 89
Current browser version is 92.0.4515.159 with binary path C:\Program Files (x86)\Google\Chrome\Application\chrome.exe
Build info: version: '3.7.1', revision: '8a0099a', time: '2017-11-06T21:01:39.354Z'
System info: host: 'ISW-ENGR-AA9', ip: '172.15.13.164', os.name: 'Windows 10', os.arch: 'amd64', os.version: '10.0', java.version: '1.8.0_301'
Driver info: driver.version: ChromeDriver
remote stacktrace: Backtrace:
	Ordinal0 [0x008EE7D3+124883]
	Ordinal0 [0x008EE7B1+124849]
	GetHandleVerifier [0x00B38688+193832]
	GetHandleVerifier [0x00B53AC5+305509]
	GetHandleVerifier [0x00B5021B+291003]
	GetHandleVerifier [0x00B4E0AC+282444]
	GetHandleVerifier [0x00B74A90+440624]
	GetHandleVerifier [0x00B747FC+439964]
	GetHandleVerifier [0x00B7154B+426987]
	GetHandleVerifier [0x00B54FFD+310941]
	GetHandleVerifier [0x00B55D8E+314414]
	GetHandleVerifier [0x00B55D19+314297]
	GetHandleVerifier [0x00C131EC+1089676]
	GetHandleVerifier [0x00C117C9+1082985]
	GetHandleVerifier [0x00C113A3+1081923]
	GetHandleVerifier [0x00D0D9FD+2115741]
	Ordinal0 [0x00A3B82E+1488942]
	Ordinal0 [0x009D5A7D+1071741]
	Ordinal0 [0x009D559B+1070491]
	Ordinal0 [0x009D54B1+1070257]
	Ordinal0 [0x00A0FF53+1310547]
	BaseThreadInitThunk [0x76D50419+25]
	RtlGetAppContainerNamedObjectPath [0x778B66ED+237]
	RtlGetAppContainerNamedObjectPath [0x778B66BD+189]

	at sun.reflect.NativeConstructorAccessorImpl.newInstance0(Native Method)
	at sun.reflect.NativeConstructorAccessorImpl.newInstance(Unknown Source)
	at sun.reflect.DelegatingConstructorAccessorImpl.newInstance(Unknown Source)
	at java.lang.reflect.Constructor.newInstance(Unknown Source)
	at org.openqa.selenium.remote.W3CHandshakeResponse.lambda$new$0(W3CHandshakeResponse.java:57)
	at org.openqa.selenium.remote.W3CHandshakeResponse.lambda$getResponseFunction$2(W3CHandshakeResponse.java:104)
	at org.openqa.selenium.remote.ProtocolHandshake.lambda$createSession$0(ProtocolHandshake.java:123)
	at java.util.stream.ReferencePipeline$3$1.accept(Unknown Source)
	at java.util.Spliterators$ArraySpliterator.tryAdvance(Unknown Source)
	at java.util.stream.ReferencePipeline.forEachWithCancel(Unknown Source)
	at java.util.stream.AbstractPipeline.copyIntoWithCancel(Unknown Source)
	at java.util.stream.AbstractPipeline.copyInto(Unknown Source)
	at java.util.stream.AbstractPipeline.wrapAndCopyInto(Unknown Source)
	at java.util.stream.FindOps$FindOp.evaluateSequential(Unknown Source)
	at java.util.stream.AbstractPipeline.evaluate(Unknown Source)
	at java.util.stream.ReferencePipeline.findFirst(Unknown Source)
	at org.openqa.selenium.remote.ProtocolHandshake.createSession(ProtocolHandshake.java:126)
	at org.openqa.selenium.remote.ProtocolHandshake.createSession(ProtocolHandshake.java:73)
	at org.openqa.selenium.remote.HttpCommandExecutor.execute(HttpCommandExecutor.java:142)
	at org.openqa.selenium.remote.service.DriverCommandExecutor.execute(DriverCommandExecutor.java:83)
	at org.openqa.selenium.remote.RemoteWebDriver.execute(RemoteWebDriver.java:600)
	at org.openqa.selenium.remote.RemoteWebDriver.startSession(RemoteWebDriver.java:219)
	at org.openqa.selenium.remote.RemoteWebDriver.<init>(RemoteWebDriver.java:142)
	at org.openqa.selenium.chrome.ChromeDriver.<init>(ChromeDriver.java:181)
	at org.openqa.selenium.chrome.ChromeDriver.<init>(ChromeDriver.java:168)
	at org.openqa.selenium.chrome.ChromeDriver.<init>(ChromeDriver.java:123)
	at pages.StartBrowser.initializeBrowser(StartBrowser.java:30)
	at actions.Passport2FATestSuite.startUp(Passport2FATestSuite.java:21)
	at sun.reflect.NativeMethodAccessorImpl.invoke0(Native Method)
	at sun.reflect.NativeMethodAccessorImpl.invoke(Unknown Source)
	at sun.reflect.DelegatingMethodAccessorImpl.invoke(Unknown Source)
	at java.lang.reflect.Method.invoke(Unknown Source)
	at org.testng.internal.MethodInvocationHelper.invokeMethod(MethodInvocationHelper.java:104)
	at org.testng.internal.Invoker.invokeConfigurationMethod(Invoker.java:515)
	at org.testng.internal.Invoker.invokeConfigurations(Invoker.java:217)
	at org.testng.internal.Invoker.invokeConfigurations(Invoker.java:144)
	at org.testng.TestRunner.beforeRun(TestRunner.java:634)
	at org.testng.TestRunner.run(TestRunner.java:602)
	at org.testng.SuiteRunner.runTest(SuiteRunner.java:387)
	at org.testng.SuiteRunner.runSequentially(SuiteRunner.java:382)
	at org.testng.SuiteRunner.privateRun(SuiteRunner.java:340)
	at org.testng.SuiteRunner.run(SuiteRunner.java:289)
	at org.testng.SuiteRunnerWorker.runSuite(SuiteRunnerWorker.java:52)
	at org.testng.SuiteRunnerWorker.run(SuiteRunnerWorker.java:86)
	at org.testng.TestNG.runSuitesSequentially(TestNG.java:1293)
	at org.testng.TestNG.runSuitesLocally(TestNG.java:1218)
	at org.testng.TestNG.runSuites(TestNG.java:1133)
	at org.testng.TestNG.run(TestNG.java:1104)
	at org.testng.remote.AbstractRemoteTestNG.run(AbstractRemoteTestNG.java:115)
	at org.testng.remote.RemoteTestNG.initAndRun(RemoteTestNG.java:251)
	at org.testng.remote.RemoteTestNG.main(RemoteTestNG.java:77)
]]>
            </full-stacktrace>
          </exception> <!-- org.openqa.selenium.SessionNotCreatedException -->
          <reporter-output>
          </reporter-output>
        </test-method> <!-- ValidUsernameValidPassword -->
      </class> <!-- actions.PassportAdminTestSuite -->
      <class name="actions.PassportForgotPasswordTestSuite">
        <test-method status="SKIP" signature="ValidEmail()[pri:1, instance:actions.PassportForgotPasswordTestSuite@59fa1d9b]" name="ValidEmail" duration-ms="0" started-at="2021-09-05T21:58:53Z" finished-at="2021-09-05T21:58:53Z">
          <exception class="org.openqa.selenium.SessionNotCreatedException">
            <message>
              <![CDATA[session not created: This version of ChromeDriver only supports Chrome version 89
Current browser version is 92.0.4515.159 with binary path C:\Program Files (x86)\Google\Chrome\Application\chrome.exe
Build info: version: '3.7.1', revision: '8a0099a', time: '2017-11-06T21:01:39.354Z'
System info: host: 'ISW-ENGR-AA9', ip: '172.15.13.164', os.name: 'Windows 10', os.arch: 'amd64', os.version: '10.0', java.version: '1.8.0_301'
Driver info: driver.version: ChromeDriver
remote stacktrace: Backtrace:
	Ordinal0 [0x008EE7D3+124883]
	Ordinal0 [0x008EE7B1+124849]
	GetHandleVerifier [0x00B38688+193832]
	GetHandleVerifier [0x00B53AC5+305509]
	GetHandleVerifier [0x00B5021B+291003]
	GetHandleVerifier [0x00B4E0AC+282444]
	GetHandleVerifier [0x00B74A90+440624]
	GetHandleVerifier [0x00B747FC+439964]
	GetHandleVerifier [0x00B7154B+426987]
	GetHandleVerifier [0x00B54FFD+310941]
	GetHandleVerifier [0x00B55D8E+314414]
	GetHandleVerifier [0x00B55D19+314297]
	GetHandleVerifier [0x00C131EC+1089676]
	GetHandleVerifier [0x00C117C9+1082985]
	GetHandleVerifier [0x00C113A3+1081923]
	GetHandleVerifier [0x00D0D9FD+2115741]
	Ordinal0 [0x00A3B82E+1488942]
	Ordinal0 [0x009D5A7D+1071741]
	Ordinal0 [0x009D559B+1070491]
	Ordinal0 [0x009D54B1+1070257]
	Ordinal0 [0x00A0FF53+1310547]
	BaseThreadInitThunk [0x76D50419+25]
	RtlGetAppContainerNamedObjectPath [0x778B66ED+237]
	RtlGetAppContainerNamedObjectPath [0x778B66BD+189]
]]>
            </message>
            <full-stacktrace>
              <![CDATA[org.openqa.selenium.SessionNotCreatedException: session not created: This version of ChromeDriver only supports Chrome version 89
Current browser version is 92.0.4515.159 with binary path C:\Program Files (x86)\Google\Chrome\Application\chrome.exe
Build info: version: '3.7.1', revision: '8a0099a', time: '2017-11-06T21:01:39.354Z'
System info: host: 'ISW-ENGR-AA9', ip: '172.15.13.164', os.name: 'Windows 10', os.arch: 'amd64', os.version: '10.0', java.version: '1.8.0_301'
Driver info: driver.version: ChromeDriver
remote stacktrace: Backtrace:
	Ordinal0 [0x008EE7D3+124883]
	Ordinal0 [0x008EE7B1+124849]
	GetHandleVerifier [0x00B38688+193832]
	GetHandleVerifier [0x00B53AC5+305509]
	GetHandleVerifier [0x00B5021B+291003]
	GetHandleVerifier [0x00B4E0AC+282444]
	GetHandleVerifier [0x00B74A90+440624]
	GetHandleVerifier [0x00B747FC+439964]
	GetHandleVerifier [0x00B7154B+426987]
	GetHandleVerifier [0x00B54FFD+310941]
	GetHandleVerifier [0x00B55D8E+314414]
	GetHandleVerifier [0x00B55D19+314297]
	GetHandleVerifier [0x00C131EC+1089676]
	GetHandleVerifier [0x00C117C9+1082985]
	GetHandleVerifier [0x00C113A3+1081923]
	GetHandleVerifier [0x00D0D9FD+2115741]
	Ordinal0 [0x00A3B82E+1488942]
	Ordinal0 [0x009D5A7D+1071741]
	Ordinal0 [0x009D559B+1070491]
	Ordinal0 [0x009D54B1+1070257]
	Ordinal0 [0x00A0FF53+1310547]
	BaseThreadInitThunk [0x76D50419+25]
	RtlGetAppContainerNamedObjectPath [0x778B66ED+237]
	RtlGetAppContainerNamedObjectPath [0x778B66BD+189]

	at sun.reflect.NativeConstructorAccessorImpl.newInstance0(Native Method)
	at sun.reflect.NativeConstructorAccessorImpl.newInstance(Unknown Source)
	at sun.reflect.DelegatingConstructorAccessorImpl.newInstance(Unknown Source)
	at java.lang.reflect.Constructor.newInstance(Unknown Source)
	at org.openqa.selenium.remote.W3CHandshakeResponse.lambda$new$0(W3CHandshakeResponse.java:57)
	at org.openqa.selenium.remote.W3CHandshakeResponse.lambda$getResponseFunction$2(W3CHandshakeResponse.java:104)
	at org.openqa.selenium.remote.ProtocolHandshake.lambda$createSession$0(ProtocolHandshake.java:123)
	at java.util.stream.ReferencePipeline$3$1.accept(Unknown Source)
	at java.util.Spliterators$ArraySpliterator.tryAdvance(Unknown Source)
	at java.util.stream.ReferencePipeline.forEachWithCancel(Unknown Source)
	at java.util.stream.AbstractPipeline.copyIntoWithCancel(Unknown Source)
	at java.util.stream.AbstractPipeline.copyInto(Unknown Source)
	at java.util.stream.AbstractPipeline.wrapAndCopyInto(Unknown Source)
	at java.util.stream.FindOps$FindOp.evaluateSequential(Unknown Source)
	at java.util.stream.AbstractPipeline.evaluate(Unknown Source)
	at java.util.stream.ReferencePipeline.findFirst(Unknown Source)
	at org.openqa.selenium.remote.ProtocolHandshake.createSession(ProtocolHandshake.java:126)
	at org.openqa.selenium.remote.ProtocolHandshake.createSession(ProtocolHandshake.java:73)
	at org.openqa.selenium.remote.HttpCommandExecutor.execute(HttpCommandExecutor.java:142)
	at org.openqa.selenium.remote.service.DriverCommandExecutor.execute(DriverCommandExecutor.java:83)
	at org.openqa.selenium.remote.RemoteWebDriver.execute(RemoteWebDriver.java:600)
	at org.openqa.selenium.remote.RemoteWebDriver.startSession(RemoteWebDriver.java:219)
	at org.openqa.selenium.remote.RemoteWebDriver.<init>(RemoteWebDriver.java:142)
	at org.openqa.selenium.chrome.ChromeDriver.<init>(ChromeDriver.java:181)
	at org.openqa.selenium.chrome.ChromeDriver.<init>(ChromeDriver.java:168)
	at org.openqa.selenium.chrome.ChromeDriver.<init>(ChromeDriver.java:123)
	at pages.StartBrowser.initializeBrowser(StartBrowser.java:30)
	at actions.Passport2FATestSuite.startUp(Passport2FATestSuite.java:21)
	at sun.reflect.NativeMethodAccessorImpl.invoke0(Native Method)
	at sun.reflect.NativeMethodAccessorImpl.invoke(Unknown Source)
	at sun.reflect.DelegatingMethodAccessorImpl.invoke(Unknown Source)
	at java.lang.reflect.Method.invoke(Unknown Source)
	at org.testng.internal.MethodInvocationHelper.invokeMethod(MethodInvocationHelper.java:104)
	at org.testng.internal.Invoker.invokeConfigurationMethod(Invoker.java:515)
	at org.testng.internal.Invoker.invokeConfigurations(Invoker.java:217)
	at org.testng.internal.Invoker.invokeConfigurations(Invoker.java:144)
	at org.testng.TestRunner.beforeRun(TestRunner.java:634)
	at org.testng.TestRunner.run(TestRunner.java:602)
	at org.testng.SuiteRunner.runTest(SuiteRunner.java:387)
	at org.testng.SuiteRunner.runSequentially(SuiteRunner.java:382)
	at org.testng.SuiteRunner.privateRun(SuiteRunner.java:340)
	at org.testng.SuiteRunner.run(SuiteRunner.java:289)
	at org.testng.SuiteRunnerWorker.runSuite(SuiteRunnerWorker.java:52)
	at org.testng.SuiteRunnerWorker.run(SuiteRunnerWorker.java:86)
	at org.testng.TestNG.runSuitesSequentially(TestNG.java:1293)
	at org.testng.TestNG.runSuitesLocally(TestNG.java:1218)
	at org.testng.TestNG.runSuites(TestNG.java:1133)
	at org.testng.TestNG.run(TestNG.java:1104)
	at org.testng.remote.AbstractRemoteTestNG.run(AbstractRemoteTestNG.java:115)
	at org.testng.remote.RemoteTestNG.initAndRun(RemoteTestNG.java:251)
	at org.testng.remote.RemoteTestNG.main(RemoteTestNG.java:77)
]]>
            </full-stacktrace>
          </exception> <!-- org.openqa.selenium.SessionNotCreatedException -->
          <reporter-output>
          </reporter-output>
        </test-method> <!-- ValidEmail -->
      </class> <!-- actions.PassportForgotPasswordTestSuite -->
      <class name="actions.Passport2FATestSuite">
        <test-method status="FAIL" signature="startUp()[pri:0, instance:actions.Passport2FATestSuite@28d25987]" name="startUp" is-config="true" duration-ms="0" started-at="2021-09-05T21:58:43Z" finished-at="2021-09-05T21:58:43Z">
          <exception class="org.openqa.selenium.SessionNotCreatedException">
            <message>
              <![CDATA[session not created: This version of ChromeDriver only supports Chrome version 89
Current browser version is 92.0.4515.159 with binary path C:\Program Files (x86)\Google\Chrome\Application\chrome.exe
Build info: version: '3.7.1', revision: '8a0099a', time: '2017-11-06T21:01:39.354Z'
System info: host: 'ISW-ENGR-AA9', ip: '172.15.13.164', os.name: 'Windows 10', os.arch: 'amd64', os.version: '10.0', java.version: '1.8.0_301'
Driver info: driver.version: ChromeDriver
remote stacktrace: Backtrace:
	Ordinal0 [0x008EE7D3+124883]
	Ordinal0 [0x008EE7B1+124849]
	GetHandleVerifier [0x00B38688+193832]
	GetHandleVerifier [0x00B53AC5+305509]
	GetHandleVerifier [0x00B5021B+291003]
	GetHandleVerifier [0x00B4E0AC+282444]
	GetHandleVerifier [0x00B74A90+440624]
	GetHandleVerifier [0x00B747FC+439964]
	GetHandleVerifier [0x00B7154B+426987]
	GetHandleVerifier [0x00B54FFD+310941]
	GetHandleVerifier [0x00B55D8E+314414]
	GetHandleVerifier [0x00B55D19+314297]
	GetHandleVerifier [0x00C131EC+1089676]
	GetHandleVerifier [0x00C117C9+1082985]
	GetHandleVerifier [0x00C113A3+1081923]
	GetHandleVerifier [0x00D0D9FD+2115741]
	Ordinal0 [0x00A3B82E+1488942]
	Ordinal0 [0x009D5A7D+1071741]
	Ordinal0 [0x009D559B+1070491]
	Ordinal0 [0x009D54B1+1070257]
	Ordinal0 [0x00A0FF53+1310547]
	BaseThreadInitThunk [0x76D50419+25]
	RtlGetAppContainerNamedObjectPath [0x778B66ED+237]
	RtlGetAppContainerNamedObjectPath [0x778B66BD+189]
]]>
            </message>
            <full-stacktrace>
              <![CDATA[org.openqa.selenium.SessionNotCreatedException: session not created: This version of ChromeDriver only supports Chrome version 89
Current browser version is 92.0.4515.159 with binary path C:\Program Files (x86)\Google\Chrome\Application\chrome.exe
Build info: version: '3.7.1', revision: '8a0099a', time: '2017-11-06T21:01:39.354Z'
System info: host: 'ISW-ENGR-AA9', ip: '172.15.13.164', os.name: 'Windows 10', os.arch: 'amd64', os.version: '10.0', java.version: '1.8.0_301'
Driver info: driver.version: ChromeDriver
remote stacktrace: Backtrace:
	Ordinal0 [0x008EE7D3+124883]
	Ordinal0 [0x008EE7B1+124849]
	GetHandleVerifier [0x00B38688+193832]
	GetHandleVerifier [0x00B53AC5+305509]
	GetHandleVerifier [0x00B5021B+291003]
	GetHandleVerifier [0x00B4E0AC+282444]
	GetHandleVerifier [0x00B74A90+440624]
	GetHandleVerifier [0x00B747FC+439964]
	GetHandleVerifier [0x00B7154B+426987]
	GetHandleVerifier [0x00B54FFD+310941]
	GetHandleVerifier [0x00B55D8E+314414]
	GetHandleVerifier [0x00B55D19+314297]
	GetHandleVerifier [0x00C131EC+1089676]
	GetHandleVerifier [0x00C117C9+1082985]
	GetHandleVerifier [0x00C113A3+1081923]
	GetHandleVerifier [0x00D0D9FD+2115741]
	Ordinal0 [0x00A3B82E+1488942]
	Ordinal0 [0x009D5A7D+1071741]
	Ordinal0 [0x009D559B+1070491]
	Ordinal0 [0x009D54B1+1070257]
	Ordinal0 [0x00A0FF53+1310547]
	BaseThreadInitThunk [0x76D50419+25]
	RtlGetAppContainerNamedObjectPath [0x778B66ED+237]
	RtlGetAppContainerNamedObjectPath [0x778B66BD+189]

	at sun.reflect.NativeConstructorAccessorImpl.newInstance0(Native Method)
	at sun.reflect.NativeConstructorAccessorImpl.newInstance(Unknown Source)
	at sun.reflect.DelegatingConstructorAccessorImpl.newInstance(Unknown Source)
	at java.lang.reflect.Constructor.newInstance(Unknown Source)
	at org.openqa.selenium.remote.W3CHandshakeResponse.lambda$new$0(W3CHandshakeResponse.java:57)
	at org.openqa.selenium.remote.W3CHandshakeResponse.lambda$getResponseFunction$2(W3CHandshakeResponse.java:104)
	at org.openqa.selenium.remote.ProtocolHandshake.lambda$createSession$0(ProtocolHandshake.java:123)
	at java.util.stream.ReferencePipeline$3$1.accept(Unknown Source)
	at java.util.Spliterators$ArraySpliterator.tryAdvance(Unknown Source)
	at java.util.stream.ReferencePipeline.forEachWithCancel(Unknown Source)
	at java.util.stream.AbstractPipeline.copyIntoWithCancel(Unknown Source)
	at java.util.stream.AbstractPipeline.copyInto(Unknown Source)
	at java.util.stream.AbstractPipeline.wrapAndCopyInto(Unknown Source)
	at java.util.stream.FindOps$FindOp.evaluateSequential(Unknown Source)
	at java.util.stream.AbstractPipeline.evaluate(Unknown Source)
	at java.util.stream.ReferencePipeline.findFirst(Unknown Source)
	at org.openqa.selenium.remote.ProtocolHandshake.createSession(ProtocolHandshake.java:126)
	at org.openqa.selenium.remote.ProtocolHandshake.createSession(ProtocolHandshake.java:73)
	at org.openqa.selenium.remote.HttpCommandExecutor.execute(HttpCommandExecutor.java:142)
	at org.openqa.selenium.remote.service.DriverCommandExecutor.execute(DriverCommandExecutor.java:83)
	at org.openqa.selenium.remote.RemoteWebDriver.execute(RemoteWebDriver.java:600)
	at org.openqa.selenium.remote.RemoteWebDriver.startSession(RemoteWebDriver.java:219)
	at org.openqa.selenium.remote.RemoteWebDriver.<init>(RemoteWebDriver.java:142)
	at org.openqa.selenium.chrome.ChromeDriver.<init>(ChromeDriver.java:181)
	at org.openqa.selenium.chrome.ChromeDriver.<init>(ChromeDriver.java:168)
	at org.openqa.selenium.chrome.ChromeDriver.<init>(ChromeDriver.java:123)
	at pages.StartBrowser.initializeBrowser(StartBrowser.java:30)
	at actions.Passport2FATestSuite.startUp(Passport2FATestSuite.java:21)
	at sun.reflect.NativeMethodAccessorImpl.invoke0(Native Method)
	at sun.reflect.NativeMethodAccessorImpl.invoke(Unknown Source)
	at sun.reflect.DelegatingMethodAccessorImpl.invoke(Unknown Source)
	at java.lang.reflect.Method.invoke(Unknown Source)
	at org.testng.internal.MethodInvocationHelper.invokeMethod(MethodInvocationHelper.java:104)
	at org.testng.internal.Invoker.invokeConfigurationMethod(Invoker.java:515)
	at org.testng.internal.Invoker.invokeConfigurations(Invoker.java:217)
	at org.testng.internal.Invoker.invokeConfigurations(Invoker.java:144)
	at org.testng.TestRunner.beforeRun(TestRunner.java:634)
	at org.testng.TestRunner.run(TestRunner.java:602)
	at org.testng.SuiteRunner.runTest(SuiteRunner.java:387)
	at org.testng.SuiteRunner.runSequentially(SuiteRunner.java:382)
	at org.testng.SuiteRunner.privateRun(SuiteRunner.java:340)
	at org.testng.SuiteRunner.run(SuiteRunner.java:289)
	at org.testng.SuiteRunnerWorker.runSuite(SuiteRunnerWorker.java:52)
	at org.testng.SuiteRunnerWorker.run(SuiteRunnerWorker.java:86)
	at org.testng.TestNG.runSuitesSequentially(TestNG.java:1293)
	at org.testng.TestNG.runSuitesLocally(TestNG.java:1218)
	at org.testng.TestNG.runSuites(TestNG.java:1133)
	at org.testng.TestNG.run(TestNG.java:1104)
	at org.testng.remote.AbstractRemoteTestNG.run(AbstractRemoteTestNG.java:115)
	at org.testng.remote.RemoteTestNG.initAndRun(RemoteTestNG.java:251)
	at org.testng.remote.RemoteTestNG.main(RemoteTestNG.java:77)
]]>
            </full-stacktrace>
          </exception> <!-- org.openqa.selenium.SessionNotCreatedException -->
          <reporter-output>
          </reporter-output>
        </test-method> <!-- startUp -->
        <test-method status="SKIP" signature="startUp()[pri:0, instance:actions.PassportForgotPasswordTestSuite@59fa1d9b]" name="startUp" is-config="true" duration-ms="0" started-at="2021-09-05T21:58:53Z" finished-at="2021-09-05T21:58:53Z">
          <reporter-output>
          </reporter-output>
        </test-method> <!-- startUp -->
        <test-method status="SKIP" signature="startUp()[pri:0, instance:actions.PassportAdminTestSuite@d8355a8]" name="startUp" is-config="true" duration-ms="0" started-at="2021-09-05T21:58:53Z" finished-at="2021-09-05T21:58:53Z">
          <reporter-output>
          </reporter-output>
        </test-method> <!-- startUp -->
        <test-method status="SKIP" signature="startUp()[pri:0, instance:actions.PassportCreatAccountTestSuite@4501b7af]" name="startUp" is-config="true" duration-ms="0" started-at="2021-09-05T21:58:53Z" finished-at="2021-09-05T21:58:53Z">
          <reporter-output>
          </reporter-output>
        </test-method> <!-- startUp -->
        <test-method status="SKIP" signature="startUp()[pri:0, instance:actions.UserLoginTest@523884b2]" name="startUp" is-config="true" duration-ms="0" started-at="2021-09-05T21:58:53Z" finished-at="2021-09-05T21:58:53Z">
          <reporter-output>
          </reporter-output>
        </test-method> <!-- startUp -->
        <test-method status="SKIP" signature="PassportSecondFactorAuthentication()[pri:1, instance:actions.Passport2FATestSuite@28d25987]" name="PassportSecondFactorAuthentication" duration-ms="0" started-at="2021-09-05T21:58:53Z" finished-at="2021-09-05T21:58:53Z">
          <exception class="org.openqa.selenium.SessionNotCreatedException">
            <message>
              <![CDATA[session not created: This version of ChromeDriver only supports Chrome version 89
Current browser version is 92.0.4515.159 with binary path C:\Program Files (x86)\Google\Chrome\Application\chrome.exe
Build info: version: '3.7.1', revision: '8a0099a', time: '2017-11-06T21:01:39.354Z'
System info: host: 'ISW-ENGR-AA9', ip: '172.15.13.164', os.name: 'Windows 10', os.arch: 'amd64', os.version: '10.0', java.version: '1.8.0_301'
Driver info: driver.version: ChromeDriver
remote stacktrace: Backtrace:
	Ordinal0 [0x008EE7D3+124883]
	Ordinal0 [0x008EE7B1+124849]
	GetHandleVerifier [0x00B38688+193832]
	GetHandleVerifier [0x00B53AC5+305509]
	GetHandleVerifier [0x00B5021B+291003]
	GetHandleVerifier [0x00B4E0AC+282444]
	GetHandleVerifier [0x00B74A90+440624]
	GetHandleVerifier [0x00B747FC+439964]
	GetHandleVerifier [0x00B7154B+426987]
	GetHandleVerifier [0x00B54FFD+310941]
	GetHandleVerifier [0x00B55D8E+314414]
	GetHandleVerifier [0x00B55D19+314297]
	GetHandleVerifier [0x00C131EC+1089676]
	GetHandleVerifier [0x00C117C9+1082985]
	GetHandleVerifier [0x00C113A3+1081923]
	GetHandleVerifier [0x00D0D9FD+2115741]
	Ordinal0 [0x00A3B82E+1488942]
	Ordinal0 [0x009D5A7D+1071741]
	Ordinal0 [0x009D559B+1070491]
	Ordinal0 [0x009D54B1+1070257]
	Ordinal0 [0x00A0FF53+1310547]
	BaseThreadInitThunk [0x76D50419+25]
	RtlGetAppContainerNamedObjectPath [0x778B66ED+237]
	RtlGetAppContainerNamedObjectPath [0x778B66BD+189]
]]>
            </message>
            <full-stacktrace>
              <![CDATA[org.openqa.selenium.SessionNotCreatedException: session not created: This version of ChromeDriver only supports Chrome version 89
Current browser version is 92.0.4515.159 with binary path C:\Program Files (x86)\Google\Chrome\Application\chrome.exe
Build info: version: '3.7.1', revision: '8a0099a', time: '2017-11-06T21:01:39.354Z'
System info: host: 'ISW-ENGR-AA9', ip: '172.15.13.164', os.name: 'Windows 10', os.arch: 'amd64', os.version: '10.0', java.version: '1.8.0_301'
Driver info: driver.version: ChromeDriver
remote stacktrace: Backtrace:
	Ordinal0 [0x008EE7D3+124883]
	Ordinal0 [0x008EE7B1+124849]
	GetHandleVerifier [0x00B38688+193832]
	GetHandleVerifier [0x00B53AC5+305509]
	GetHandleVerifier [0x00B5021B+291003]
	GetHandleVerifier [0x00B4E0AC+282444]
	GetHandleVerifier [0x00B74A90+440624]
	GetHandleVerifier [0x00B747FC+439964]
	GetHandleVerifier [0x00B7154B+426987]
	GetHandleVerifier [0x00B54FFD+310941]
	GetHandleVerifier [0x00B55D8E+314414]
	GetHandleVerifier [0x00B55D19+314297]
	GetHandleVerifier [0x00C131EC+1089676]
	GetHandleVerifier [0x00C117C9+1082985]
	GetHandleVerifier [0x00C113A3+1081923]
	GetHandleVerifier [0x00D0D9FD+2115741]
	Ordinal0 [0x00A3B82E+1488942]
	Ordinal0 [0x009D5A7D+1071741]
	Ordinal0 [0x009D559B+1070491]
	Ordinal0 [0x009D54B1+1070257]
	Ordinal0 [0x00A0FF53+1310547]
	BaseThreadInitThunk [0x76D50419+25]
	RtlGetAppContainerNamedObjectPath [0x778B66ED+237]
	RtlGetAppContainerNamedObjectPath [0x778B66BD+189]

	at sun.reflect.NativeConstructorAccessorImpl.newInstance0(Native Method)
	at sun.reflect.NativeConstructorAccessorImpl.newInstance(Unknown Source)
	at sun.reflect.DelegatingConstructorAccessorImpl.newInstance(Unknown Source)
	at java.lang.reflect.Constructor.newInstance(Unknown Source)
	at org.openqa.selenium.remote.W3CHandshakeResponse.lambda$new$0(W3CHandshakeResponse.java:57)
	at org.openqa.selenium.remote.W3CHandshakeResponse.lambda$getResponseFunction$2(W3CHandshakeResponse.java:104)
	at org.openqa.selenium.remote.ProtocolHandshake.lambda$createSession$0(ProtocolHandshake.java:123)
	at java.util.stream.ReferencePipeline$3$1.accept(Unknown Source)
	at java.util.Spliterators$ArraySpliterator.tryAdvance(Unknown Source)
	at java.util.stream.ReferencePipeline.forEachWithCancel(Unknown Source)
	at java.util.stream.AbstractPipeline.copyIntoWithCancel(Unknown Source)
	at java.util.stream.AbstractPipeline.copyInto(Unknown Source)
	at java.util.stream.AbstractPipeline.wrapAndCopyInto(Unknown Source)
	at java.util.stream.FindOps$FindOp.evaluateSequential(Unknown Source)
	at java.util.stream.AbstractPipeline.evaluate(Unknown Source)
	at java.util.stream.ReferencePipeline.findFirst(Unknown Source)
	at org.openqa.selenium.remote.ProtocolHandshake.createSession(ProtocolHandshake.java:126)
	at org.openqa.selenium.remote.ProtocolHandshake.createSession(ProtocolHandshake.java:73)
	at org.openqa.selenium.remote.HttpCommandExecutor.execute(HttpCommandExecutor.java:142)
	at org.openqa.selenium.remote.service.DriverCommandExecutor.execute(DriverCommandExecutor.java:83)
	at org.openqa.selenium.remote.RemoteWebDriver.execute(RemoteWebDriver.java:600)
	at org.openqa.selenium.remote.RemoteWebDriver.startSession(RemoteWebDriver.java:219)
	at org.openqa.selenium.remote.RemoteWebDriver.<init>(RemoteWebDriver.java:142)
	at org.openqa.selenium.chrome.ChromeDriver.<init>(ChromeDriver.java:181)
	at org.openqa.selenium.chrome.ChromeDriver.<init>(ChromeDriver.java:168)
	at org.openqa.selenium.chrome.ChromeDriver.<init>(ChromeDriver.java:123)
	at pages.StartBrowser.initializeBrowser(StartBrowser.java:30)
	at actions.Passport2FATestSuite.startUp(Passport2FATestSuite.java:21)
	at sun.reflect.NativeMethodAccessorImpl.invoke0(Native Method)
	at sun.reflect.NativeMethodAccessorImpl.invoke(Unknown Source)
	at sun.reflect.DelegatingMethodAccessorImpl.invoke(Unknown Source)
	at java.lang.reflect.Method.invoke(Unknown Source)
	at org.testng.internal.MethodInvocationHelper.invokeMethod(MethodInvocationHelper.java:104)
	at org.testng.internal.Invoker.invokeConfigurationMethod(Invoker.java:515)
	at org.testng.internal.Invoker.invokeConfigurations(Invoker.java:217)
	at org.testng.internal.Invoker.invokeConfigurations(Invoker.java:144)
	at org.testng.TestRunner.beforeRun(TestRunner.java:634)
	at org.testng.TestRunner.run(TestRunner.java:602)
	at org.testng.SuiteRunner.runTest(SuiteRunner.java:387)
	at org.testng.SuiteRunner.runSequentially(SuiteRunner.java:382)
	at org.testng.SuiteRunner.privateRun(SuiteRunner.java:340)
	at org.testng.SuiteRunner.run(SuiteRunner.java:289)
	at org.testng.SuiteRunnerWorker.runSuite(SuiteRunnerWorker.java:52)
	at org.testng.SuiteRunnerWorker.run(SuiteRunnerWorker.java:86)
	at org.testng.TestNG.runSuitesSequentially(TestNG.java:1293)
	at org.testng.TestNG.runSuitesLocally(TestNG.java:1218)
	at org.testng.TestNG.runSuites(TestNG.java:1133)
	at org.testng.TestNG.run(TestNG.java:1104)
	at org.testng.remote.AbstractRemoteTestNG.run(AbstractRemoteTestNG.java:115)
	at org.testng.remote.RemoteTestNG.initAndRun(RemoteTestNG.java:251)
	at org.testng.remote.RemoteTestNG.main(RemoteTestNG.java:77)
]]>
            </full-stacktrace>
          </exception> <!-- org.openqa.selenium.SessionNotCreatedException -->
          <reporter-output>
          </reporter-output>
        </test-method> <!-- PassportSecondFactorAuthentication -->
        <test-method status="SKIP" signature="ResendOtp()[pri:2, instance:actions.Passport2FATestSuite@28d25987]" name="ResendOtp" duration-ms="0" started-at="2021-09-05T21:58:53Z" finished-at="2021-09-05T21:58:53Z">
          <exception class="org.openqa.selenium.SessionNotCreatedException">
            <message>
              <![CDATA[session not created: This version of ChromeDriver only supports Chrome version 89
Current browser version is 92.0.4515.159 with binary path C:\Program Files (x86)\Google\Chrome\Application\chrome.exe
Build info: version: '3.7.1', revision: '8a0099a', time: '2017-11-06T21:01:39.354Z'
System info: host: 'ISW-ENGR-AA9', ip: '172.15.13.164', os.name: 'Windows 10', os.arch: 'amd64', os.version: '10.0', java.version: '1.8.0_301'
Driver info: driver.version: ChromeDriver
remote stacktrace: Backtrace:
	Ordinal0 [0x008EE7D3+124883]
	Ordinal0 [0x008EE7B1+124849]
	GetHandleVerifier [0x00B38688+193832]
	GetHandleVerifier [0x00B53AC5+305509]
	GetHandleVerifier [0x00B5021B+291003]
	GetHandleVerifier [0x00B4E0AC+282444]
	GetHandleVerifier [0x00B74A90+440624]
	GetHandleVerifier [0x00B747FC+439964]
	GetHandleVerifier [0x00B7154B+426987]
	GetHandleVerifier [0x00B54FFD+310941]
	GetHandleVerifier [0x00B55D8E+314414]
	GetHandleVerifier [0x00B55D19+314297]
	GetHandleVerifier [0x00C131EC+1089676]
	GetHandleVerifier [0x00C117C9+1082985]
	GetHandleVerifier [0x00C113A3+1081923]
	GetHandleVerifier [0x00D0D9FD+2115741]
	Ordinal0 [0x00A3B82E+1488942]
	Ordinal0 [0x009D5A7D+1071741]
	Ordinal0 [0x009D559B+1070491]
	Ordinal0 [0x009D54B1+1070257]
	Ordinal0 [0x00A0FF53+1310547]
	BaseThreadInitThunk [0x76D50419+25]
	RtlGetAppContainerNamedObjectPath [0x778B66ED+237]
	RtlGetAppContainerNamedObjectPath [0x778B66BD+189]
]]>
            </message>
            <full-stacktrace>
              <![CDATA[org.openqa.selenium.SessionNotCreatedException: session not created: This version of ChromeDriver only supports Chrome version 89
Current browser version is 92.0.4515.159 with binary path C:\Program Files (x86)\Google\Chrome\Application\chrome.exe
Build info: version: '3.7.1', revision: '8a0099a', time: '2017-11-06T21:01:39.354Z'
System info: host: 'ISW-ENGR-AA9', ip: '172.15.13.164', os.name: 'Windows 10', os.arch: 'amd64', os.version: '10.0', java.version: '1.8.0_301'
Driver info: driver.version: ChromeDriver
remote stacktrace: Backtrace:
	Ordinal0 [0x008EE7D3+124883]
	Ordinal0 [0x008EE7B1+124849]
	GetHandleVerifier [0x00B38688+193832]
	GetHandleVerifier [0x00B53AC5+305509]
	GetHandleVerifier [0x00B5021B+291003]
	GetHandleVerifier [0x00B4E0AC+282444]
	GetHandleVerifier [0x00B74A90+440624]
	GetHandleVerifier [0x00B747FC+439964]
	GetHandleVerifier [0x00B7154B+426987]
	GetHandleVerifier [0x00B54FFD+310941]
	GetHandleVerifier [0x00B55D8E+314414]
	GetHandleVerifier [0x00B55D19+314297]
	GetHandleVerifier [0x00C131EC+1089676]
	GetHandleVerifier [0x00C117C9+1082985]
	GetHandleVerifier [0x00C113A3+1081923]
	GetHandleVerifier [0x00D0D9FD+2115741]
	Ordinal0 [0x00A3B82E+1488942]
	Ordinal0 [0x009D5A7D+1071741]
	Ordinal0 [0x009D559B+1070491]
	Ordinal0 [0x009D54B1+1070257]
	Ordinal0 [0x00A0FF53+1310547]
	BaseThreadInitThunk [0x76D50419+25]
	RtlGetAppContainerNamedObjectPath [0x778B66ED+237]
	RtlGetAppContainerNamedObjectPath [0x778B66BD+189]

	at sun.reflect.NativeConstructorAccessorImpl.newInstance0(Native Method)
	at sun.reflect.NativeConstructorAccessorImpl.newInstance(Unknown Source)
	at sun.reflect.DelegatingConstructorAccessorImpl.newInstance(Unknown Source)
	at java.lang.reflect.Constructor.newInstance(Unknown Source)
	at org.openqa.selenium.remote.W3CHandshakeResponse.lambda$new$0(W3CHandshakeResponse.java:57)
	at org.openqa.selenium.remote.W3CHandshakeResponse.lambda$getResponseFunction$2(W3CHandshakeResponse.java:104)
	at org.openqa.selenium.remote.ProtocolHandshake.lambda$createSession$0(ProtocolHandshake.java:123)
	at java.util.stream.ReferencePipeline$3$1.accept(Unknown Source)
	at java.util.Spliterators$ArraySpliterator.tryAdvance(Unknown Source)
	at java.util.stream.ReferencePipeline.forEachWithCancel(Unknown Source)
	at java.util.stream.AbstractPipeline.copyIntoWithCancel(Unknown Source)
	at java.util.stream.AbstractPipeline.copyInto(Unknown Source)
	at java.util.stream.AbstractPipeline.wrapAndCopyInto(Unknown Source)
	at java.util.stream.FindOps$FindOp.evaluateSequential(Unknown Source)
	at java.util.stream.AbstractPipeline.evaluate(Unknown Source)
	at java.util.stream.ReferencePipeline.findFirst(Unknown Source)
	at org.openqa.selenium.remote.ProtocolHandshake.createSession(ProtocolHandshake.java:126)
	at org.openqa.selenium.remote.ProtocolHandshake.createSession(ProtocolHandshake.java:73)
	at org.openqa.selenium.remote.HttpCommandExecutor.execute(HttpCommandExecutor.java:142)
	at org.openqa.selenium.remote.service.DriverCommandExecutor.execute(DriverCommandExecutor.java:83)
	at org.openqa.selenium.remote.RemoteWebDriver.execute(RemoteWebDriver.java:600)
	at org.openqa.selenium.remote.RemoteWebDriver.startSession(RemoteWebDriver.java:219)
	at org.openqa.selenium.remote.RemoteWebDriver.<init>(RemoteWebDriver.java:142)
	at org.openqa.selenium.chrome.ChromeDriver.<init>(ChromeDriver.java:181)
	at org.openqa.selenium.chrome.ChromeDriver.<init>(ChromeDriver.java:168)
	at org.openqa.selenium.chrome.ChromeDriver.<init>(ChromeDriver.java:123)
	at pages.StartBrowser.initializeBrowser(StartBrowser.java:30)
	at actions.Passport2FATestSuite.startUp(Passport2FATestSuite.java:21)
	at sun.reflect.NativeMethodAccessorImpl.invoke0(Native Method)
	at sun.reflect.NativeMethodAccessorImpl.invoke(Unknown Source)
	at sun.reflect.DelegatingMethodAccessorImpl.invoke(Unknown Source)
	at java.lang.reflect.Method.invoke(Unknown Source)
	at org.testng.internal.MethodInvocationHelper.invokeMethod(MethodInvocationHelper.java:104)
	at org.testng.internal.Invoker.invokeConfigurationMethod(Invoker.java:515)
	at org.testng.internal.Invoker.invokeConfigurations(Invoker.java:217)
	at org.testng.internal.Invoker.invokeConfigurations(Invoker.java:144)
	at org.testng.TestRunner.beforeRun(TestRunner.java:634)
	at org.testng.TestRunner.run(TestRunner.java:602)
	at org.testng.SuiteRunner.runTest(SuiteRunner.java:387)
	at org.testng.SuiteRunner.runSequentially(SuiteRunner.java:382)
	at org.testng.SuiteRunner.privateRun(SuiteRunner.java:340)
	at org.testng.SuiteRunner.run(SuiteRunner.java:289)
	at org.testng.SuiteRunnerWorker.runSuite(SuiteRunnerWorker.java:52)
	at org.testng.SuiteRunnerWorker.run(SuiteRunnerWorker.java:86)
	at org.testng.TestNG.runSuitesSequentially(TestNG.java:1293)
	at org.testng.TestNG.runSuitesLocally(TestNG.java:1218)
	at org.testng.TestNG.runSuites(TestNG.java:1133)
	at org.testng.TestNG.run(TestNG.java:1104)
	at org.testng.remote.AbstractRemoteTestNG.run(AbstractRemoteTestNG.java:115)
	at org.testng.remote.RemoteTestNG.initAndRun(RemoteTestNG.java:251)
	at org.testng.remote.RemoteTestNG.main(RemoteTestNG.java:77)
]]>
            </full-stacktrace>
          </exception> <!-- org.openqa.selenium.SessionNotCreatedException -->
          <reporter-output>
          </reporter-output>
        </test-method> <!-- ResendOtp -->
        <test-method status="SKIP" signature="InvalidOtp()[pri:3, instance:actions.Passport2FATestSuite@28d25987]" name="InvalidOtp" duration-ms="0" started-at="2021-09-05T21:58:53Z" finished-at="2021-09-05T21:58:53Z">
          <exception class="org.openqa.selenium.SessionNotCreatedException">
            <message>
              <![CDATA[session not created: This version of ChromeDriver only supports Chrome version 89
Current browser version is 92.0.4515.159 with binary path C:\Program Files (x86)\Google\Chrome\Application\chrome.exe
Build info: version: '3.7.1', revision: '8a0099a', time: '2017-11-06T21:01:39.354Z'
System info: host: 'ISW-ENGR-AA9', ip: '172.15.13.164', os.name: 'Windows 10', os.arch: 'amd64', os.version: '10.0', java.version: '1.8.0_301'
Driver info: driver.version: ChromeDriver
remote stacktrace: Backtrace:
	Ordinal0 [0x008EE7D3+124883]
	Ordinal0 [0x008EE7B1+124849]
	GetHandleVerifier [0x00B38688+193832]
	GetHandleVerifier [0x00B53AC5+305509]
	GetHandleVerifier [0x00B5021B+291003]
	GetHandleVerifier [0x00B4E0AC+282444]
	GetHandleVerifier [0x00B74A90+440624]
	GetHandleVerifier [0x00B747FC+439964]
	GetHandleVerifier [0x00B7154B+426987]
	GetHandleVerifier [0x00B54FFD+310941]
	GetHandleVerifier [0x00B55D8E+314414]
	GetHandleVerifier [0x00B55D19+314297]
	GetHandleVerifier [0x00C131EC+1089676]
	GetHandleVerifier [0x00C117C9+1082985]
	GetHandleVerifier [0x00C113A3+1081923]
	GetHandleVerifier [0x00D0D9FD+2115741]
	Ordinal0 [0x00A3B82E+1488942]
	Ordinal0 [0x009D5A7D+1071741]
	Ordinal0 [0x009D559B+1070491]
	Ordinal0 [0x009D54B1+1070257]
	Ordinal0 [0x00A0FF53+1310547]
	BaseThreadInitThunk [0x76D50419+25]
	RtlGetAppContainerNamedObjectPath [0x778B66ED+237]
	RtlGetAppContainerNamedObjectPath [0x778B66BD+189]
]]>
            </message>
            <full-stacktrace>
              <![CDATA[org.openqa.selenium.SessionNotCreatedException: session not created: This version of ChromeDriver only supports Chrome version 89
Current browser version is 92.0.4515.159 with binary path C:\Program Files (x86)\Google\Chrome\Application\chrome.exe
Build info: version: '3.7.1', revision: '8a0099a', time: '2017-11-06T21:01:39.354Z'
System info: host: 'ISW-ENGR-AA9', ip: '172.15.13.164', os.name: 'Windows 10', os.arch: 'amd64', os.version: '10.0', java.version: '1.8.0_301'
Driver info: driver.version: ChromeDriver
remote stacktrace: Backtrace:
	Ordinal0 [0x008EE7D3+124883]
	Ordinal0 [0x008EE7B1+124849]
	GetHandleVerifier [0x00B38688+193832]
	GetHandleVerifier [0x00B53AC5+305509]
	GetHandleVerifier [0x00B5021B+291003]
	GetHandleVerifier [0x00B4E0AC+282444]
	GetHandleVerifier [0x00B74A90+440624]
	GetHandleVerifier [0x00B747FC+439964]
	GetHandleVerifier [0x00B7154B+426987]
	GetHandleVerifier [0x00B54FFD+310941]
	GetHandleVerifier [0x00B55D8E+314414]
	GetHandleVerifier [0x00B55D19+314297]
	GetHandleVerifier [0x00C131EC+1089676]
	GetHandleVerifier [0x00C117C9+1082985]
	GetHandleVerifier [0x00C113A3+1081923]
	GetHandleVerifier [0x00D0D9FD+2115741]
	Ordinal0 [0x00A3B82E+1488942]
	Ordinal0 [0x009D5A7D+1071741]
	Ordinal0 [0x009D559B+1070491]
	Ordinal0 [0x009D54B1+1070257]
	Ordinal0 [0x00A0FF53+1310547]
	BaseThreadInitThunk [0x76D50419+25]
	RtlGetAppContainerNamedObjectPath [0x778B66ED+237]
	RtlGetAppContainerNamedObjectPath [0x778B66BD+189]

	at sun.reflect.NativeConstructorAccessorImpl.newInstance0(Native Method)
	at sun.reflect.NativeConstructorAccessorImpl.newInstance(Unknown Source)
	at sun.reflect.DelegatingConstructorAccessorImpl.newInstance(Unknown Source)
	at java.lang.reflect.Constructor.newInstance(Unknown Source)
	at org.openqa.selenium.remote.W3CHandshakeResponse.lambda$new$0(W3CHandshakeResponse.java:57)
	at org.openqa.selenium.remote.W3CHandshakeResponse.lambda$getResponseFunction$2(W3CHandshakeResponse.java:104)
	at org.openqa.selenium.remote.ProtocolHandshake.lambda$createSession$0(ProtocolHandshake.java:123)
	at java.util.stream.ReferencePipeline$3$1.accept(Unknown Source)
	at java.util.Spliterators$ArraySpliterator.tryAdvance(Unknown Source)
	at java.util.stream.ReferencePipeline.forEachWithCancel(Unknown Source)
	at java.util.stream.AbstractPipeline.copyIntoWithCancel(Unknown Source)
	at java.util.stream.AbstractPipeline.copyInto(Unknown Source)
	at java.util.stream.AbstractPipeline.wrapAndCopyInto(Unknown Source)
	at java.util.stream.FindOps$FindOp.evaluateSequential(Unknown Source)
	at java.util.stream.AbstractPipeline.evaluate(Unknown Source)
	at java.util.stream.ReferencePipeline.findFirst(Unknown Source)
	at org.openqa.selenium.remote.ProtocolHandshake.createSession(ProtocolHandshake.java:126)
	at org.openqa.selenium.remote.ProtocolHandshake.createSession(ProtocolHandshake.java:73)
	at org.openqa.selenium.remote.HttpCommandExecutor.execute(HttpCommandExecutor.java:142)
	at org.openqa.selenium.remote.service.DriverCommandExecutor.execute(DriverCommandExecutor.java:83)
	at org.openqa.selenium.remote.RemoteWebDriver.execute(RemoteWebDriver.java:600)
	at org.openqa.selenium.remote.RemoteWebDriver.startSession(RemoteWebDriver.java:219)
	at org.openqa.selenium.remote.RemoteWebDriver.<init>(RemoteWebDriver.java:142)
	at org.openqa.selenium.chrome.ChromeDriver.<init>(ChromeDriver.java:181)
	at org.openqa.selenium.chrome.ChromeDriver.<init>(ChromeDriver.java:168)
	at org.openqa.selenium.chrome.ChromeDriver.<init>(ChromeDriver.java:123)
	at pages.StartBrowser.initializeBrowser(StartBrowser.java:30)
	at actions.Passport2FATestSuite.startUp(Passport2FATestSuite.java:21)
	at sun.reflect.NativeMethodAccessorImpl.invoke0(Native Method)
	at sun.reflect.NativeMethodAccessorImpl.invoke(Unknown Source)
	at sun.reflect.DelegatingMethodAccessorImpl.invoke(Unknown Source)
	at java.lang.reflect.Method.invoke(Unknown Source)
	at org.testng.internal.MethodInvocationHelper.invokeMethod(MethodInvocationHelper.java:104)
	at org.testng.internal.Invoker.invokeConfigurationMethod(Invoker.java:515)
	at org.testng.internal.Invoker.invokeConfigurations(Invoker.java:217)
	at org.testng.internal.Invoker.invokeConfigurations(Invoker.java:144)
	at org.testng.TestRunner.beforeRun(TestRunner.java:634)
	at org.testng.TestRunner.run(TestRunner.java:602)
	at org.testng.SuiteRunner.runTest(SuiteRunner.java:387)
	at org.testng.SuiteRunner.runSequentially(SuiteRunner.java:382)
	at org.testng.SuiteRunner.privateRun(SuiteRunner.java:340)
	at org.testng.SuiteRunner.run(SuiteRunner.java:289)
	at org.testng.SuiteRunnerWorker.runSuite(SuiteRunnerWorker.java:52)
	at org.testng.SuiteRunnerWorker.run(SuiteRunnerWorker.java:86)
	at org.testng.TestNG.runSuitesSequentially(TestNG.java:1293)
	at org.testng.TestNG.runSuitesLocally(TestNG.java:1218)
	at org.testng.TestNG.runSuites(TestNG.java:1133)
	at org.testng.TestNG.run(TestNG.java:1104)
	at org.testng.remote.AbstractRemoteTestNG.run(AbstractRemoteTestNG.java:115)
	at org.testng.remote.RemoteTestNG.initAndRun(RemoteTestNG.java:251)
	at org.testng.remote.RemoteTestNG.main(RemoteTestNG.java:77)
]]>
            </full-stacktrace>
          </exception> <!-- org.openqa.selenium.SessionNotCreatedException -->
          <reporter-output>
          </reporter-output>
        </test-method> <!-- InvalidOtp -->
        <test-method status="SKIP" signature="TearDown()[pri:0, instance:actions.Passport2FATestSuite@28d25987]" name="TearDown" is-config="true" duration-ms="0" started-at="2021-09-05T21:58:53Z" finished-at="2021-09-05T21:58:53Z">
          <reporter-output>
          </reporter-output>
        </test-method> <!-- TearDown -->
        <test-method status="SKIP" signature="TearDown()[pri:0, instance:actions.PassportAdminTestSuite@d8355a8]" name="TearDown" is-config="true" duration-ms="0" started-at="2021-09-05T21:58:53Z" finished-at="2021-09-05T21:58:53Z">
          <reporter-output>
          </reporter-output>
        </test-method> <!-- TearDown -->
        <test-method status="SKIP" signature="TearDown()[pri:0, instance:actions.PassportCreatAccountTestSuite@4501b7af]" name="TearDown" is-config="true" duration-ms="0" started-at="2021-09-05T21:58:53Z" finished-at="2021-09-05T21:58:53Z">
          <reporter-output>
          </reporter-output>
        </test-method> <!-- TearDown -->
        <test-method status="SKIP" signature="TearDown()[pri:0, instance:actions.PassportForgotPasswordTestSuite@59fa1d9b]" name="TearDown" is-config="true" duration-ms="0" started-at="2021-09-05T21:58:53Z" finished-at="2021-09-05T21:58:53Z">
          <reporter-output>
          </reporter-output>
        </test-method> <!-- TearDown -->
        <test-method status="SKIP" signature="TearDown()[pri:0, instance:actions.UserLoginTest@523884b2]" name="TearDown" is-config="true" duration-ms="0" started-at="2021-09-05T21:58:53Z" finished-at="2021-09-05T21:58:53Z">
          <reporter-output>
          </reporter-output>
        </test-method> <!-- TearDown -->
      </class> <!-- actions.Passport2FATestSuite -->
      <class name="actions.PassportCreatAccountTestSuite">
        <test-method status="SKIP" signature="CreateUserCheck()[pri:1, instance:actions.PassportCreatAccountTestSuite@4501b7af]" name="CreateUserCheck" duration-ms="0" started-at="2021-09-05T21:58:53Z" finished-at="2021-09-05T21:58:53Z">
          <exception class="org.openqa.selenium.SessionNotCreatedException">
            <message>
              <![CDATA[session not created: This version of ChromeDriver only supports Chrome version 89
Current browser version is 92.0.4515.159 with binary path C:\Program Files (x86)\Google\Chrome\Application\chrome.exe
Build info: version: '3.7.1', revision: '8a0099a', time: '2017-11-06T21:01:39.354Z'
System info: host: 'ISW-ENGR-AA9', ip: '172.15.13.164', os.name: 'Windows 10', os.arch: 'amd64', os.version: '10.0', java.version: '1.8.0_301'
Driver info: driver.version: ChromeDriver
remote stacktrace: Backtrace:
	Ordinal0 [0x008EE7D3+124883]
	Ordinal0 [0x008EE7B1+124849]
	GetHandleVerifier [0x00B38688+193832]
	GetHandleVerifier [0x00B53AC5+305509]
	GetHandleVerifier [0x00B5021B+291003]
	GetHandleVerifier [0x00B4E0AC+282444]
	GetHandleVerifier [0x00B74A90+440624]
	GetHandleVerifier [0x00B747FC+439964]
	GetHandleVerifier [0x00B7154B+426987]
	GetHandleVerifier [0x00B54FFD+310941]
	GetHandleVerifier [0x00B55D8E+314414]
	GetHandleVerifier [0x00B55D19+314297]
	GetHandleVerifier [0x00C131EC+1089676]
	GetHandleVerifier [0x00C117C9+1082985]
	GetHandleVerifier [0x00C113A3+1081923]
	GetHandleVerifier [0x00D0D9FD+2115741]
	Ordinal0 [0x00A3B82E+1488942]
	Ordinal0 [0x009D5A7D+1071741]
	Ordinal0 [0x009D559B+1070491]
	Ordinal0 [0x009D54B1+1070257]
	Ordinal0 [0x00A0FF53+1310547]
	BaseThreadInitThunk [0x76D50419+25]
	RtlGetAppContainerNamedObjectPath [0x778B66ED+237]
	RtlGetAppContainerNamedObjectPath [0x778B66BD+189]
]]>
            </message>
            <full-stacktrace>
              <![CDATA[org.openqa.selenium.SessionNotCreatedException: session not created: This version of ChromeDriver only supports Chrome version 89
Current browser version is 92.0.4515.159 with binary path C:\Program Files (x86)\Google\Chrome\Application\chrome.exe
Build info: version: '3.7.1', revision: '8a0099a', time: '2017-11-06T21:01:39.354Z'
System info: host: 'ISW-ENGR-AA9', ip: '172.15.13.164', os.name: 'Windows 10', os.arch: 'amd64', os.version: '10.0', java.version: '1.8.0_301'
Driver info: driver.version: ChromeDriver
remote stacktrace: Backtrace:
	Ordinal0 [0x008EE7D3+124883]
	Ordinal0 [0x008EE7B1+124849]
	GetHandleVerifier [0x00B38688+193832]
	GetHandleVerifier [0x00B53AC5+305509]
	GetHandleVerifier [0x00B5021B+291003]
	GetHandleVerifier [0x00B4E0AC+282444]
	GetHandleVerifier [0x00B74A90+440624]
	GetHandleVerifier [0x00B747FC+439964]
	GetHandleVerifier [0x00B7154B+426987]
	GetHandleVerifier [0x00B54FFD+310941]
	GetHandleVerifier [0x00B55D8E+314414]
	GetHandleVerifier [0x00B55D19+314297]
	GetHandleVerifier [0x00C131EC+1089676]
	GetHandleVerifier [0x00C117C9+1082985]
	GetHandleVerifier [0x00C113A3+1081923]
	GetHandleVerifier [0x00D0D9FD+2115741]
	Ordinal0 [0x00A3B82E+1488942]
	Ordinal0 [0x009D5A7D+1071741]
	Ordinal0 [0x009D559B+1070491]
	Ordinal0 [0x009D54B1+1070257]
	Ordinal0 [0x00A0FF53+1310547]
	BaseThreadInitThunk [0x76D50419+25]
	RtlGetAppContainerNamedObjectPath [0x778B66ED+237]
	RtlGetAppContainerNamedObjectPath [0x778B66BD+189]

	at sun.reflect.NativeConstructorAccessorImpl.newInstance0(Native Method)
	at sun.reflect.NativeConstructorAccessorImpl.newInstance(Unknown Source)
	at sun.reflect.DelegatingConstructorAccessorImpl.newInstance(Unknown Source)
	at java.lang.reflect.Constructor.newInstance(Unknown Source)
	at org.openqa.selenium.remote.W3CHandshakeResponse.lambda$new$0(W3CHandshakeResponse.java:57)
	at org.openqa.selenium.remote.W3CHandshakeResponse.lambda$getResponseFunction$2(W3CHandshakeResponse.java:104)
	at org.openqa.selenium.remote.ProtocolHandshake.lambda$createSession$0(ProtocolHandshake.java:123)
	at java.util.stream.ReferencePipeline$3$1.accept(Unknown Source)
	at java.util.Spliterators$ArraySpliterator.tryAdvance(Unknown Source)
	at java.util.stream.ReferencePipeline.forEachWithCancel(Unknown Source)
	at java.util.stream.AbstractPipeline.copyIntoWithCancel(Unknown Source)
	at java.util.stream.AbstractPipeline.copyInto(Unknown Source)
	at java.util.stream.AbstractPipeline.wrapAndCopyInto(Unknown Source)
	at java.util.stream.FindOps$FindOp.evaluateSequential(Unknown Source)
	at java.util.stream.AbstractPipeline.evaluate(Unknown Source)
	at java.util.stream.ReferencePipeline.findFirst(Unknown Source)
	at org.openqa.selenium.remote.ProtocolHandshake.createSession(ProtocolHandshake.java:126)
	at org.openqa.selenium.remote.ProtocolHandshake.createSession(ProtocolHandshake.java:73)
	at org.openqa.selenium.remote.HttpCommandExecutor.execute(HttpCommandExecutor.java:142)
	at org.openqa.selenium.remote.service.DriverCommandExecutor.execute(DriverCommandExecutor.java:83)
	at org.openqa.selenium.remote.RemoteWebDriver.execute(RemoteWebDriver.java:600)
	at org.openqa.selenium.remote.RemoteWebDriver.startSession(RemoteWebDriver.java:219)
	at org.openqa.selenium.remote.RemoteWebDriver.<init>(RemoteWebDriver.java:142)
	at org.openqa.selenium.chrome.ChromeDriver.<init>(ChromeDriver.java:181)
	at org.openqa.selenium.chrome.ChromeDriver.<init>(ChromeDriver.java:168)
	at org.openqa.selenium.chrome.ChromeDriver.<init>(ChromeDriver.java:123)
	at pages.StartBrowser.initializeBrowser(StartBrowser.java:30)
	at actions.Passport2FATestSuite.startUp(Passport2FATestSuite.java:21)
	at sun.reflect.NativeMethodAccessorImpl.invoke0(Native Method)
	at sun.reflect.NativeMethodAccessorImpl.invoke(Unknown Source)
	at sun.reflect.DelegatingMethodAccessorImpl.invoke(Unknown Source)
	at java.lang.reflect.Method.invoke(Unknown Source)
	at org.testng.internal.MethodInvocationHelper.invokeMethod(MethodInvocationHelper.java:104)
	at org.testng.internal.Invoker.invokeConfigurationMethod(Invoker.java:515)
	at org.testng.internal.Invoker.invokeConfigurations(Invoker.java:217)
	at org.testng.internal.Invoker.invokeConfigurations(Invoker.java:144)
	at org.testng.TestRunner.beforeRun(TestRunner.java:634)
	at org.testng.TestRunner.run(TestRunner.java:602)
	at org.testng.SuiteRunner.runTest(SuiteRunner.java:387)
	at org.testng.SuiteRunner.runSequentially(SuiteRunner.java:382)
	at org.testng.SuiteRunner.privateRun(SuiteRunner.java:340)
	at org.testng.SuiteRunner.run(SuiteRunner.java:289)
	at org.testng.SuiteRunnerWorker.runSuite(SuiteRunnerWorker.java:52)
	at org.testng.SuiteRunnerWorker.run(SuiteRunnerWorker.java:86)
	at org.testng.TestNG.runSuitesSequentially(TestNG.java:1293)
	at org.testng.TestNG.runSuitesLocally(TestNG.java:1218)
	at org.testng.TestNG.runSuites(TestNG.java:1133)
	at org.testng.TestNG.run(TestNG.java:1104)
	at org.testng.remote.AbstractRemoteTestNG.run(AbstractRemoteTestNG.java:115)
	at org.testng.remote.RemoteTestNG.initAndRun(RemoteTestNG.java:251)
	at org.testng.remote.RemoteTestNG.main(RemoteTestNG.java:77)
]]>
            </full-stacktrace>
          </exception> <!-- org.openqa.selenium.SessionNotCreatedException -->
          <reporter-output>
          </reporter-output>
        </test-method> <!-- CreateUserCheck -->
        <test-method status="SKIP" signature="EmailAlreadyExistCheck()[pri:2, instance:actions.PassportCreatAccountTestSuite@4501b7af]" name="EmailAlreadyExistCheck" duration-ms="7" started-at="2021-09-05T21:58:53Z" finished-at="2021-09-05T21:58:53Z">
          <exception class="org.openqa.selenium.SessionNotCreatedException">
            <message>
              <![CDATA[session not created: This version of ChromeDriver only supports Chrome version 89
Current browser version is 92.0.4515.159 with binary path C:\Program Files (x86)\Google\Chrome\Application\chrome.exe
Build info: version: '3.7.1', revision: '8a0099a', time: '2017-11-06T21:01:39.354Z'
System info: host: 'ISW-ENGR-AA9', ip: '172.15.13.164', os.name: 'Windows 10', os.arch: 'amd64', os.version: '10.0', java.version: '1.8.0_301'
Driver info: driver.version: ChromeDriver
remote stacktrace: Backtrace:
	Ordinal0 [0x008EE7D3+124883]
	Ordinal0 [0x008EE7B1+124849]
	GetHandleVerifier [0x00B38688+193832]
	GetHandleVerifier [0x00B53AC5+305509]
	GetHandleVerifier [0x00B5021B+291003]
	GetHandleVerifier [0x00B4E0AC+282444]
	GetHandleVerifier [0x00B74A90+440624]
	GetHandleVerifier [0x00B747FC+439964]
	GetHandleVerifier [0x00B7154B+426987]
	GetHandleVerifier [0x00B54FFD+310941]
	GetHandleVerifier [0x00B55D8E+314414]
	GetHandleVerifier [0x00B55D19+314297]
	GetHandleVerifier [0x00C131EC+1089676]
	GetHandleVerifier [0x00C117C9+1082985]
	GetHandleVerifier [0x00C113A3+1081923]
	GetHandleVerifier [0x00D0D9FD+2115741]
	Ordinal0 [0x00A3B82E+1488942]
	Ordinal0 [0x009D5A7D+1071741]
	Ordinal0 [0x009D559B+1070491]
	Ordinal0 [0x009D54B1+1070257]
	Ordinal0 [0x00A0FF53+1310547]
	BaseThreadInitThunk [0x76D50419+25]
	RtlGetAppContainerNamedObjectPath [0x778B66ED+237]
	RtlGetAppContainerNamedObjectPath [0x778B66BD+189]
]]>
            </message>
            <full-stacktrace>
              <![CDATA[org.openqa.selenium.SessionNotCreatedException: session not created: This version of ChromeDriver only supports Chrome version 89
Current browser version is 92.0.4515.159 with binary path C:\Program Files (x86)\Google\Chrome\Application\chrome.exe
Build info: version: '3.7.1', revision: '8a0099a', time: '2017-11-06T21:01:39.354Z'
System info: host: 'ISW-ENGR-AA9', ip: '172.15.13.164', os.name: 'Windows 10', os.arch: 'amd64', os.version: '10.0', java.version: '1.8.0_301'
Driver info: driver.version: ChromeDriver
remote stacktrace: Backtrace:
	Ordinal0 [0x008EE7D3+124883]
	Ordinal0 [0x008EE7B1+124849]
	GetHandleVerifier [0x00B38688+193832]
	GetHandleVerifier [0x00B53AC5+305509]
	GetHandleVerifier [0x00B5021B+291003]
	GetHandleVerifier [0x00B4E0AC+282444]
	GetHandleVerifier [0x00B74A90+440624]
	GetHandleVerifier [0x00B747FC+439964]
	GetHandleVerifier [0x00B7154B+426987]
	GetHandleVerifier [0x00B54FFD+310941]
	GetHandleVerifier [0x00B55D8E+314414]
	GetHandleVerifier [0x00B55D19+314297]
	GetHandleVerifier [0x00C131EC+1089676]
	GetHandleVerifier [0x00C117C9+1082985]
	GetHandleVerifier [0x00C113A3+1081923]
	GetHandleVerifier [0x00D0D9FD+2115741]
	Ordinal0 [0x00A3B82E+1488942]
	Ordinal0 [0x009D5A7D+1071741]
	Ordinal0 [0x009D559B+1070491]
	Ordinal0 [0x009D54B1+1070257]
	Ordinal0 [0x00A0FF53+1310547]
	BaseThreadInitThunk [0x76D50419+25]
	RtlGetAppContainerNamedObjectPath [0x778B66ED+237]
	RtlGetAppContainerNamedObjectPath [0x778B66BD+189]

	at sun.reflect.NativeConstructorAccessorImpl.newInstance0(Native Method)
	at sun.reflect.NativeConstructorAccessorImpl.newInstance(Unknown Source)
	at sun.reflect.DelegatingConstructorAccessorImpl.newInstance(Unknown Source)
	at java.lang.reflect.Constructor.newInstance(Unknown Source)
	at org.openqa.selenium.remote.W3CHandshakeResponse.lambda$new$0(W3CHandshakeResponse.java:57)
	at org.openqa.selenium.remote.W3CHandshakeResponse.lambda$getResponseFunction$2(W3CHandshakeResponse.java:104)
	at org.openqa.selenium.remote.ProtocolHandshake.lambda$createSession$0(ProtocolHandshake.java:123)
	at java.util.stream.ReferencePipeline$3$1.accept(Unknown Source)
	at java.util.Spliterators$ArraySpliterator.tryAdvance(Unknown Source)
	at java.util.stream.ReferencePipeline.forEachWithCancel(Unknown Source)
	at java.util.stream.AbstractPipeline.copyIntoWithCancel(Unknown Source)
	at java.util.stream.AbstractPipeline.copyInto(Unknown Source)
	at java.util.stream.AbstractPipeline.wrapAndCopyInto(Unknown Source)
	at java.util.stream.FindOps$FindOp.evaluateSequential(Unknown Source)
	at java.util.stream.AbstractPipeline.evaluate(Unknown Source)
	at java.util.stream.ReferencePipeline.findFirst(Unknown Source)
	at org.openqa.selenium.remote.ProtocolHandshake.createSession(ProtocolHandshake.java:126)
	at org.openqa.selenium.remote.ProtocolHandshake.createSession(ProtocolHandshake.java:73)
	at org.openqa.selenium.remote.HttpCommandExecutor.execute(HttpCommandExecutor.java:142)
	at org.openqa.selenium.remote.service.DriverCommandExecutor.execute(DriverCommandExecutor.java:83)
	at org.openqa.selenium.remote.RemoteWebDriver.execute(RemoteWebDriver.java:600)
	at org.openqa.selenium.remote.RemoteWebDriver.startSession(RemoteWebDriver.java:219)
	at org.openqa.selenium.remote.RemoteWebDriver.<init>(RemoteWebDriver.java:142)
	at org.openqa.selenium.chrome.ChromeDriver.<init>(ChromeDriver.java:181)
	at org.openqa.selenium.chrome.ChromeDriver.<init>(ChromeDriver.java:168)
	at org.openqa.selenium.chrome.ChromeDriver.<init>(ChromeDriver.java:123)
	at pages.StartBrowser.initializeBrowser(StartBrowser.java:30)
	at actions.Passport2FATestSuite.startUp(Passport2FATestSuite.java:21)
	at sun.reflect.NativeMethodAccessorImpl.invoke0(Native Method)
	at sun.reflect.NativeMethodAccessorImpl.invoke(Unknown Source)
	at sun.reflect.DelegatingMethodAccessorImpl.invoke(Unknown Source)
	at java.lang.reflect.Method.invoke(Unknown Source)
	at org.testng.internal.MethodInvocationHelper.invokeMethod(MethodInvocationHelper.java:104)
	at org.testng.internal.Invoker.invokeConfigurationMethod(Invoker.java:515)
	at org.testng.internal.Invoker.invokeConfigurations(Invoker.java:217)
	at org.testng.internal.Invoker.invokeConfigurations(Invoker.java:144)
	at org.testng.TestRunner.beforeRun(TestRunner.java:634)
	at org.testng.TestRunner.run(TestRunner.java:602)
	at org.testng.SuiteRunner.runTest(SuiteRunner.java:387)
	at org.testng.SuiteRunner.runSequentially(SuiteRunner.java:382)
	at org.testng.SuiteRunner.privateRun(SuiteRunner.java:340)
	at org.testng.SuiteRunner.run(SuiteRunner.java:289)
	at org.testng.SuiteRunnerWorker.runSuite(SuiteRunnerWorker.java:52)
	at org.testng.SuiteRunnerWorker.run(SuiteRunnerWorker.java:86)
	at org.testng.TestNG.runSuitesSequentially(TestNG.java:1293)
	at org.testng.TestNG.runSuitesLocally(TestNG.java:1218)
	at org.testng.TestNG.runSuites(TestNG.java:1133)
	at org.testng.TestNG.run(TestNG.java:1104)
	at org.testng.remote.AbstractRemoteTestNG.run(AbstractRemoteTestNG.java:115)
	at org.testng.remote.RemoteTestNG.initAndRun(RemoteTestNG.java:251)
	at org.testng.remote.RemoteTestNG.main(RemoteTestNG.java:77)
]]>
            </full-stacktrace>
          </exception> <!-- org.openqa.selenium.SessionNotCreatedException -->
          <reporter-output>
          </reporter-output>
        </test-method> <!-- EmailAlreadyExistCheck -->
        <test-method status="SKIP" signature="MobileNumberAlreadyExistCheck()[pri:3, instance:actions.PassportCreatAccountTestSuite@4501b7af]" name="MobileNumberAlreadyExistCheck" duration-ms="0" started-at="2021-09-05T21:58:53Z" finished-at="2021-09-05T21:58:53Z">
          <exception class="org.openqa.selenium.SessionNotCreatedException">
            <message>
              <![CDATA[session not created: This version of ChromeDriver only supports Chrome version 89
Current browser version is 92.0.4515.159 with binary path C:\Program Files (x86)\Google\Chrome\Application\chrome.exe
Build info: version: '3.7.1', revision: '8a0099a', time: '2017-11-06T21:01:39.354Z'
System info: host: 'ISW-ENGR-AA9', ip: '172.15.13.164', os.name: 'Windows 10', os.arch: 'amd64', os.version: '10.0', java.version: '1.8.0_301'
Driver info: driver.version: ChromeDriver
remote stacktrace: Backtrace:
	Ordinal0 [0x008EE7D3+124883]
	Ordinal0 [0x008EE7B1+124849]
	GetHandleVerifier [0x00B38688+193832]
	GetHandleVerifier [0x00B53AC5+305509]
	GetHandleVerifier [0x00B5021B+291003]
	GetHandleVerifier [0x00B4E0AC+282444]
	GetHandleVerifier [0x00B74A90+440624]
	GetHandleVerifier [0x00B747FC+439964]
	GetHandleVerifier [0x00B7154B+426987]
	GetHandleVerifier [0x00B54FFD+310941]
	GetHandleVerifier [0x00B55D8E+314414]
	GetHandleVerifier [0x00B55D19+314297]
	GetHandleVerifier [0x00C131EC+1089676]
	GetHandleVerifier [0x00C117C9+1082985]
	GetHandleVerifier [0x00C113A3+1081923]
	GetHandleVerifier [0x00D0D9FD+2115741]
	Ordinal0 [0x00A3B82E+1488942]
	Ordinal0 [0x009D5A7D+1071741]
	Ordinal0 [0x009D559B+1070491]
	Ordinal0 [0x009D54B1+1070257]
	Ordinal0 [0x00A0FF53+1310547]
	BaseThreadInitThunk [0x76D50419+25]
	RtlGetAppContainerNamedObjectPath [0x778B66ED+237]
	RtlGetAppContainerNamedObjectPath [0x778B66BD+189]
]]>
            </message>
            <full-stacktrace>
              <![CDATA[org.openqa.selenium.SessionNotCreatedException: session not created: This version of ChromeDriver only supports Chrome version 89
Current browser version is 92.0.4515.159 with binary path C:\Program Files (x86)\Google\Chrome\Application\chrome.exe
Build info: version: '3.7.1', revision: '8a0099a', time: '2017-11-06T21:01:39.354Z'
System info: host: 'ISW-ENGR-AA9', ip: '172.15.13.164', os.name: 'Windows 10', os.arch: 'amd64', os.version: '10.0', java.version: '1.8.0_301'
Driver info: driver.version: ChromeDriver
remote stacktrace: Backtrace:
	Ordinal0 [0x008EE7D3+124883]
	Ordinal0 [0x008EE7B1+124849]
	GetHandleVerifier [0x00B38688+193832]
	GetHandleVerifier [0x00B53AC5+305509]
	GetHandleVerifier [0x00B5021B+291003]
	GetHandleVerifier [0x00B4E0AC+282444]
	GetHandleVerifier [0x00B74A90+440624]
	GetHandleVerifier [0x00B747FC+439964]
	GetHandleVerifier [0x00B7154B+426987]
	GetHandleVerifier [0x00B54FFD+310941]
	GetHandleVerifier [0x00B55D8E+314414]
	GetHandleVerifier [0x00B55D19+314297]
	GetHandleVerifier [0x00C131EC+1089676]
	GetHandleVerifier [0x00C117C9+1082985]
	GetHandleVerifier [0x00C113A3+1081923]
	GetHandleVerifier [0x00D0D9FD+2115741]
	Ordinal0 [0x00A3B82E+1488942]
	Ordinal0 [0x009D5A7D+1071741]
	Ordinal0 [0x009D559B+1070491]
	Ordinal0 [0x009D54B1+1070257]
	Ordinal0 [0x00A0FF53+1310547]
	BaseThreadInitThunk [0x76D50419+25]
	RtlGetAppContainerNamedObjectPath [0x778B66ED+237]
	RtlGetAppContainerNamedObjectPath [0x778B66BD+189]

	at sun.reflect.NativeConstructorAccessorImpl.newInstance0(Native Method)
	at sun.reflect.NativeConstructorAccessorImpl.newInstance(Unknown Source)
	at sun.reflect.DelegatingConstructorAccessorImpl.newInstance(Unknown Source)
	at java.lang.reflect.Constructor.newInstance(Unknown Source)
	at org.openqa.selenium.remote.W3CHandshakeResponse.lambda$new$0(W3CHandshakeResponse.java:57)
	at org.openqa.selenium.remote.W3CHandshakeResponse.lambda$getResponseFunction$2(W3CHandshakeResponse.java:104)
	at org.openqa.selenium.remote.ProtocolHandshake.lambda$createSession$0(ProtocolHandshake.java:123)
	at java.util.stream.ReferencePipeline$3$1.accept(Unknown Source)
	at java.util.Spliterators$ArraySpliterator.tryAdvance(Unknown Source)
	at java.util.stream.ReferencePipeline.forEachWithCancel(Unknown Source)
	at java.util.stream.AbstractPipeline.copyIntoWithCancel(Unknown Source)
	at java.util.stream.AbstractPipeline.copyInto(Unknown Source)
	at java.util.stream.AbstractPipeline.wrapAndCopyInto(Unknown Source)
	at java.util.stream.FindOps$FindOp.evaluateSequential(Unknown Source)
	at java.util.stream.AbstractPipeline.evaluate(Unknown Source)
	at java.util.stream.ReferencePipeline.findFirst(Unknown Source)
	at org.openqa.selenium.remote.ProtocolHandshake.createSession(ProtocolHandshake.java:126)
	at org.openqa.selenium.remote.ProtocolHandshake.createSession(ProtocolHandshake.java:73)
	at org.openqa.selenium.remote.HttpCommandExecutor.execute(HttpCommandExecutor.java:142)
	at org.openqa.selenium.remote.service.DriverCommandExecutor.execute(DriverCommandExecutor.java:83)
	at org.openqa.selenium.remote.RemoteWebDriver.execute(RemoteWebDriver.java:600)
	at org.openqa.selenium.remote.RemoteWebDriver.startSession(RemoteWebDriver.java:219)
	at org.openqa.selenium.remote.RemoteWebDriver.<init>(RemoteWebDriver.java:142)
	at org.openqa.selenium.chrome.ChromeDriver.<init>(ChromeDriver.java:181)
	at org.openqa.selenium.chrome.ChromeDriver.<init>(ChromeDriver.java:168)
	at org.openqa.selenium.chrome.ChromeDriver.<init>(ChromeDriver.java:123)
	at pages.StartBrowser.initializeBrowser(StartBrowser.java:30)
	at actions.Passport2FATestSuite.startUp(Passport2FATestSuite.java:21)
	at sun.reflect.NativeMethodAccessorImpl.invoke0(Native Method)
	at sun.reflect.NativeMethodAccessorImpl.invoke(Unknown Source)
	at sun.reflect.DelegatingMethodAccessorImpl.invoke(Unknown Source)
	at java.lang.reflect.Method.invoke(Unknown Source)
	at org.testng.internal.MethodInvocationHelper.invokeMethod(MethodInvocationHelper.java:104)
	at org.testng.internal.Invoker.invokeConfigurationMethod(Invoker.java:515)
	at org.testng.internal.Invoker.invokeConfigurations(Invoker.java:217)
	at org.testng.internal.Invoker.invokeConfigurations(Invoker.java:144)
	at org.testng.TestRunner.beforeRun(TestRunner.java:634)
	at org.testng.TestRunner.run(TestRunner.java:602)
	at org.testng.SuiteRunner.runTest(SuiteRunner.java:387)
	at org.testng.SuiteRunner.runSequentially(SuiteRunner.java:382)
	at org.testng.SuiteRunner.privateRun(SuiteRunner.java:340)
	at org.testng.SuiteRunner.run(SuiteRunner.java:289)
	at org.testng.SuiteRunnerWorker.runSuite(SuiteRunnerWorker.java:52)
	at org.testng.SuiteRunnerWorker.run(SuiteRunnerWorker.java:86)
	at org.testng.TestNG.runSuitesSequentially(TestNG.java:1293)
	at org.testng.TestNG.runSuitesLocally(TestNG.java:1218)
	at org.testng.TestNG.runSuites(TestNG.java:1133)
	at org.testng.TestNG.run(TestNG.java:1104)
	at org.testng.remote.AbstractRemoteTestNG.run(AbstractRemoteTestNG.java:115)
	at org.testng.remote.RemoteTestNG.initAndRun(RemoteTestNG.java:251)
	at org.testng.remote.RemoteTestNG.main(RemoteTestNG.java:77)
]]>
            </full-stacktrace>
          </exception> <!-- org.openqa.selenium.SessionNotCreatedException -->
          <reporter-output>
          </reporter-output>
        </test-method> <!-- MobileNumberAlreadyExistCheck -->
        <test-method status="SKIP" signature="CheckBoxCheck()[pri:5, instance:actions.PassportCreatAccountTestSuite@4501b7af]" name="CheckBoxCheck" duration-ms="0" started-at="2021-09-05T21:58:53Z" finished-at="2021-09-05T21:58:53Z">
          <exception class="org.openqa.selenium.SessionNotCreatedException">
            <message>
              <![CDATA[session not created: This version of ChromeDriver only supports Chrome version 89
Current browser version is 92.0.4515.159 with binary path C:\Program Files (x86)\Google\Chrome\Application\chrome.exe
Build info: version: '3.7.1', revision: '8a0099a', time: '2017-11-06T21:01:39.354Z'
System info: host: 'ISW-ENGR-AA9', ip: '172.15.13.164', os.name: 'Windows 10', os.arch: 'amd64', os.version: '10.0', java.version: '1.8.0_301'
Driver info: driver.version: ChromeDriver
remote stacktrace: Backtrace:
	Ordinal0 [0x008EE7D3+124883]
	Ordinal0 [0x008EE7B1+124849]
	GetHandleVerifier [0x00B38688+193832]
	GetHandleVerifier [0x00B53AC5+305509]
	GetHandleVerifier [0x00B5021B+291003]
	GetHandleVerifier [0x00B4E0AC+282444]
	GetHandleVerifier [0x00B74A90+440624]
	GetHandleVerifier [0x00B747FC+439964]
	GetHandleVerifier [0x00B7154B+426987]
	GetHandleVerifier [0x00B54FFD+310941]
	GetHandleVerifier [0x00B55D8E+314414]
	GetHandleVerifier [0x00B55D19+314297]
	GetHandleVerifier [0x00C131EC+1089676]
	GetHandleVerifier [0x00C117C9+1082985]
	GetHandleVerifier [0x00C113A3+1081923]
	GetHandleVerifier [0x00D0D9FD+2115741]
	Ordinal0 [0x00A3B82E+1488942]
	Ordinal0 [0x009D5A7D+1071741]
	Ordinal0 [0x009D559B+1070491]
	Ordinal0 [0x009D54B1+1070257]
	Ordinal0 [0x00A0FF53+1310547]
	BaseThreadInitThunk [0x76D50419+25]
	RtlGetAppContainerNamedObjectPath [0x778B66ED+237]
	RtlGetAppContainerNamedObjectPath [0x778B66BD+189]
]]>
            </message>
            <full-stacktrace>
              <![CDATA[org.openqa.selenium.SessionNotCreatedException: session not created: This version of ChromeDriver only supports Chrome version 89
Current browser version is 92.0.4515.159 with binary path C:\Program Files (x86)\Google\Chrome\Application\chrome.exe
Build info: version: '3.7.1', revision: '8a0099a', time: '2017-11-06T21:01:39.354Z'
System info: host: 'ISW-ENGR-AA9', ip: '172.15.13.164', os.name: 'Windows 10', os.arch: 'amd64', os.version: '10.0', java.version: '1.8.0_301'
Driver info: driver.version: ChromeDriver
remote stacktrace: Backtrace:
	Ordinal0 [0x008EE7D3+124883]
	Ordinal0 [0x008EE7B1+124849]
	GetHandleVerifier [0x00B38688+193832]
	GetHandleVerifier [0x00B53AC5+305509]
	GetHandleVerifier [0x00B5021B+291003]
	GetHandleVerifier [0x00B4E0AC+282444]
	GetHandleVerifier [0x00B74A90+440624]
	GetHandleVerifier [0x00B747FC+439964]
	GetHandleVerifier [0x00B7154B+426987]
	GetHandleVerifier [0x00B54FFD+310941]
	GetHandleVerifier [0x00B55D8E+314414]
	GetHandleVerifier [0x00B55D19+314297]
	GetHandleVerifier [0x00C131EC+1089676]
	GetHandleVerifier [0x00C117C9+1082985]
	GetHandleVerifier [0x00C113A3+1081923]
	GetHandleVerifier [0x00D0D9FD+2115741]
	Ordinal0 [0x00A3B82E+1488942]
	Ordinal0 [0x009D5A7D+1071741]
	Ordinal0 [0x009D559B+1070491]
	Ordinal0 [0x009D54B1+1070257]
	Ordinal0 [0x00A0FF53+1310547]
	BaseThreadInitThunk [0x76D50419+25]
	RtlGetAppContainerNamedObjectPath [0x778B66ED+237]
	RtlGetAppContainerNamedObjectPath [0x778B66BD+189]

	at sun.reflect.NativeConstructorAccessorImpl.newInstance0(Native Method)
	at sun.reflect.NativeConstructorAccessorImpl.newInstance(Unknown Source)
	at sun.reflect.DelegatingConstructorAccessorImpl.newInstance(Unknown Source)
	at java.lang.reflect.Constructor.newInstance(Unknown Source)
	at org.openqa.selenium.remote.W3CHandshakeResponse.lambda$new$0(W3CHandshakeResponse.java:57)
	at org.openqa.selenium.remote.W3CHandshakeResponse.lambda$getResponseFunction$2(W3CHandshakeResponse.java:104)
	at org.openqa.selenium.remote.ProtocolHandshake.lambda$createSession$0(ProtocolHandshake.java:123)
	at java.util.stream.ReferencePipeline$3$1.accept(Unknown Source)
	at java.util.Spliterators$ArraySpliterator.tryAdvance(Unknown Source)
	at java.util.stream.ReferencePipeline.forEachWithCancel(Unknown Source)
	at java.util.stream.AbstractPipeline.copyIntoWithCancel(Unknown Source)
	at java.util.stream.AbstractPipeline.copyInto(Unknown Source)
	at java.util.stream.AbstractPipeline.wrapAndCopyInto(Unknown Source)
	at java.util.stream.FindOps$FindOp.evaluateSequential(Unknown Source)
	at java.util.stream.AbstractPipeline.evaluate(Unknown Source)
	at java.util.stream.ReferencePipeline.findFirst(Unknown Source)
	at org.openqa.selenium.remote.ProtocolHandshake.createSession(ProtocolHandshake.java:126)
	at org.openqa.selenium.remote.ProtocolHandshake.createSession(ProtocolHandshake.java:73)
	at org.openqa.selenium.remote.HttpCommandExecutor.execute(HttpCommandExecutor.java:142)
	at org.openqa.selenium.remote.service.DriverCommandExecutor.execute(DriverCommandExecutor.java:83)
	at org.openqa.selenium.remote.RemoteWebDriver.execute(RemoteWebDriver.java:600)
	at org.openqa.selenium.remote.RemoteWebDriver.startSession(RemoteWebDriver.java:219)
	at org.openqa.selenium.remote.RemoteWebDriver.<init>(RemoteWebDriver.java:142)
	at org.openqa.selenium.chrome.ChromeDriver.<init>(ChromeDriver.java:181)
	at org.openqa.selenium.chrome.ChromeDriver.<init>(ChromeDriver.java:168)
	at org.openqa.selenium.chrome.ChromeDriver.<init>(ChromeDriver.java:123)
	at pages.StartBrowser.initializeBrowser(StartBrowser.java:30)
	at actions.Passport2FATestSuite.startUp(Passport2FATestSuite.java:21)
	at sun.reflect.NativeMethodAccessorImpl.invoke0(Native Method)
	at sun.reflect.NativeMethodAccessorImpl.invoke(Unknown Source)
	at sun.reflect.DelegatingMethodAccessorImpl.invoke(Unknown Source)
	at java.lang.reflect.Method.invoke(Unknown Source)
	at org.testng.internal.MethodInvocationHelper.invokeMethod(MethodInvocationHelper.java:104)
	at org.testng.internal.Invoker.invokeConfigurationMethod(Invoker.java:515)
	at org.testng.internal.Invoker.invokeConfigurations(Invoker.java:217)
	at org.testng.internal.Invoker.invokeConfigurations(Invoker.java:144)
	at org.testng.TestRunner.beforeRun(TestRunner.java:634)
	at org.testng.TestRunner.run(TestRunner.java:602)
	at org.testng.SuiteRunner.runTest(SuiteRunner.java:387)
	at org.testng.SuiteRunner.runSequentially(SuiteRunner.java:382)
	at org.testng.SuiteRunner.privateRun(SuiteRunner.java:340)
	at org.testng.SuiteRunner.run(SuiteRunner.java:289)
	at org.testng.SuiteRunnerWorker.runSuite(SuiteRunnerWorker.java:52)
	at org.testng.SuiteRunnerWorker.run(SuiteRunnerWorker.java:86)
	at org.testng.TestNG.runSuitesSequentially(TestNG.java:1293)
	at org.testng.TestNG.runSuitesLocally(TestNG.java:1218)
	at org.testng.TestNG.runSuites(TestNG.java:1133)
	at org.testng.TestNG.run(TestNG.java:1104)
	at org.testng.remote.AbstractRemoteTestNG.run(AbstractRemoteTestNG.java:115)
	at org.testng.remote.RemoteTestNG.initAndRun(RemoteTestNG.java:251)
	at org.testng.remote.RemoteTestNG.main(RemoteTestNG.java:77)
]]>
            </full-stacktrace>
          </exception> <!-- org.openqa.selenium.SessionNotCreatedException -->
          <reporter-output>
          </reporter-output>
        </test-method> <!-- CheckBoxCheck -->
        <test-method status="SKIP" signature="EmptyLastNameCheck()[pri:7, instance:actions.PassportCreatAccountTestSuite@4501b7af]" name="EmptyLastNameCheck" duration-ms="15" started-at="2021-09-05T21:58:53Z" finished-at="2021-09-05T21:58:53Z">
          <exception class="org.openqa.selenium.SessionNotCreatedException">
            <message>
              <![CDATA[session not created: This version of ChromeDriver only supports Chrome version 89
Current browser version is 92.0.4515.159 with binary path C:\Program Files (x86)\Google\Chrome\Application\chrome.exe
Build info: version: '3.7.1', revision: '8a0099a', time: '2017-11-06T21:01:39.354Z'
System info: host: 'ISW-ENGR-AA9', ip: '172.15.13.164', os.name: 'Windows 10', os.arch: 'amd64', os.version: '10.0', java.version: '1.8.0_301'
Driver info: driver.version: ChromeDriver
remote stacktrace: Backtrace:
	Ordinal0 [0x008EE7D3+124883]
	Ordinal0 [0x008EE7B1+124849]
	GetHandleVerifier [0x00B38688+193832]
	GetHandleVerifier [0x00B53AC5+305509]
	GetHandleVerifier [0x00B5021B+291003]
	GetHandleVerifier [0x00B4E0AC+282444]
	GetHandleVerifier [0x00B74A90+440624]
	GetHandleVerifier [0x00B747FC+439964]
	GetHandleVerifier [0x00B7154B+426987]
	GetHandleVerifier [0x00B54FFD+310941]
	GetHandleVerifier [0x00B55D8E+314414]
	GetHandleVerifier [0x00B55D19+314297]
	GetHandleVerifier [0x00C131EC+1089676]
	GetHandleVerifier [0x00C117C9+1082985]
	GetHandleVerifier [0x00C113A3+1081923]
	GetHandleVerifier [0x00D0D9FD+2115741]
	Ordinal0 [0x00A3B82E+1488942]
	Ordinal0 [0x009D5A7D+1071741]
	Ordinal0 [0x009D559B+1070491]
	Ordinal0 [0x009D54B1+1070257]
	Ordinal0 [0x00A0FF53+1310547]
	BaseThreadInitThunk [0x76D50419+25]
	RtlGetAppContainerNamedObjectPath [0x778B66ED+237]
	RtlGetAppContainerNamedObjectPath [0x778B66BD+189]
]]>
            </message>
            <full-stacktrace>
              <![CDATA[org.openqa.selenium.SessionNotCreatedException: session not created: This version of ChromeDriver only supports Chrome version 89
Current browser version is 92.0.4515.159 with binary path C:\Program Files (x86)\Google\Chrome\Application\chrome.exe
Build info: version: '3.7.1', revision: '8a0099a', time: '2017-11-06T21:01:39.354Z'
System info: host: 'ISW-ENGR-AA9', ip: '172.15.13.164', os.name: 'Windows 10', os.arch: 'amd64', os.version: '10.0', java.version: '1.8.0_301'
Driver info: driver.version: ChromeDriver
remote stacktrace: Backtrace:
	Ordinal0 [0x008EE7D3+124883]
	Ordinal0 [0x008EE7B1+124849]
	GetHandleVerifier [0x00B38688+193832]
	GetHandleVerifier [0x00B53AC5+305509]
	GetHandleVerifier [0x00B5021B+291003]
	GetHandleVerifier [0x00B4E0AC+282444]
	GetHandleVerifier [0x00B74A90+440624]
	GetHandleVerifier [0x00B747FC+439964]
	GetHandleVerifier [0x00B7154B+426987]
	GetHandleVerifier [0x00B54FFD+310941]
	GetHandleVerifier [0x00B55D8E+314414]
	GetHandleVerifier [0x00B55D19+314297]
	GetHandleVerifier [0x00C131EC+1089676]
	GetHandleVerifier [0x00C117C9+1082985]
	GetHandleVerifier [0x00C113A3+1081923]
	GetHandleVerifier [0x00D0D9FD+2115741]
	Ordinal0 [0x00A3B82E+1488942]
	Ordinal0 [0x009D5A7D+1071741]
	Ordinal0 [0x009D559B+1070491]
	Ordinal0 [0x009D54B1+1070257]
	Ordinal0 [0x00A0FF53+1310547]
	BaseThreadInitThunk [0x76D50419+25]
	RtlGetAppContainerNamedObjectPath [0x778B66ED+237]
	RtlGetAppContainerNamedObjectPath [0x778B66BD+189]

	at sun.reflect.NativeConstructorAccessorImpl.newInstance0(Native Method)
	at sun.reflect.NativeConstructorAccessorImpl.newInstance(Unknown Source)
	at sun.reflect.DelegatingConstructorAccessorImpl.newInstance(Unknown Source)
	at java.lang.reflect.Constructor.newInstance(Unknown Source)
	at org.openqa.selenium.remote.W3CHandshakeResponse.lambda$new$0(W3CHandshakeResponse.java:57)
	at org.openqa.selenium.remote.W3CHandshakeResponse.lambda$getResponseFunction$2(W3CHandshakeResponse.java:104)
	at org.openqa.selenium.remote.ProtocolHandshake.lambda$createSession$0(ProtocolHandshake.java:123)
	at java.util.stream.ReferencePipeline$3$1.accept(Unknown Source)
	at java.util.Spliterators$ArraySpliterator.tryAdvance(Unknown Source)
	at java.util.stream.ReferencePipeline.forEachWithCancel(Unknown Source)
	at java.util.stream.AbstractPipeline.copyIntoWithCancel(Unknown Source)
	at java.util.stream.AbstractPipeline.copyInto(Unknown Source)
	at java.util.stream.AbstractPipeline.wrapAndCopyInto(Unknown Source)
	at java.util.stream.FindOps$FindOp.evaluateSequential(Unknown Source)
	at java.util.stream.AbstractPipeline.evaluate(Unknown Source)
	at java.util.stream.ReferencePipeline.findFirst(Unknown Source)
	at org.openqa.selenium.remote.ProtocolHandshake.createSession(ProtocolHandshake.java:126)
	at org.openqa.selenium.remote.ProtocolHandshake.createSession(ProtocolHandshake.java:73)
	at org.openqa.selenium.remote.HttpCommandExecutor.execute(HttpCommandExecutor.java:142)
	at org.openqa.selenium.remote.service.DriverCommandExecutor.execute(DriverCommandExecutor.java:83)
	at org.openqa.selenium.remote.RemoteWebDriver.execute(RemoteWebDriver.java:600)
	at org.openqa.selenium.remote.RemoteWebDriver.startSession(RemoteWebDriver.java:219)
	at org.openqa.selenium.remote.RemoteWebDriver.<init>(RemoteWebDriver.java:142)
	at org.openqa.selenium.chrome.ChromeDriver.<init>(ChromeDriver.java:181)
	at org.openqa.selenium.chrome.ChromeDriver.<init>(ChromeDriver.java:168)
	at org.openqa.selenium.chrome.ChromeDriver.<init>(ChromeDriver.java:123)
	at pages.StartBrowser.initializeBrowser(StartBrowser.java:30)
	at actions.Passport2FATestSuite.startUp(Passport2FATestSuite.java:21)
	at sun.reflect.NativeMethodAccessorImpl.invoke0(Native Method)
	at sun.reflect.NativeMethodAccessorImpl.invoke(Unknown Source)
	at sun.reflect.DelegatingMethodAccessorImpl.invoke(Unknown Source)
	at java.lang.reflect.Method.invoke(Unknown Source)
	at org.testng.internal.MethodInvocationHelper.invokeMethod(MethodInvocationHelper.java:104)
	at org.testng.internal.Invoker.invokeConfigurationMethod(Invoker.java:515)
	at org.testng.internal.Invoker.invokeConfigurations(Invoker.java:217)
	at org.testng.internal.Invoker.invokeConfigurations(Invoker.java:144)
	at org.testng.TestRunner.beforeRun(TestRunner.java:634)
	at org.testng.TestRunner.run(TestRunner.java:602)
	at org.testng.SuiteRunner.runTest(SuiteRunner.java:387)
	at org.testng.SuiteRunner.runSequentially(SuiteRunner.java:382)
	at org.testng.SuiteRunner.privateRun(SuiteRunner.java:340)
	at org.testng.SuiteRunner.run(SuiteRunner.java:289)
	at org.testng.SuiteRunnerWorker.runSuite(SuiteRunnerWorker.java:52)
	at org.testng.SuiteRunnerWorker.run(SuiteRunnerWorker.java:86)
	at org.testng.TestNG.runSuitesSequentially(TestNG.java:1293)
	at org.testng.TestNG.runSuitesLocally(TestNG.java:1218)
	at org.testng.TestNG.runSuites(TestNG.java:1133)
	at org.testng.TestNG.run(TestNG.java:1104)
	at org.testng.remote.AbstractRemoteTestNG.run(AbstractRemoteTestNG.java:115)
	at org.testng.remote.RemoteTestNG.initAndRun(RemoteTestNG.java:251)
	at org.testng.remote.RemoteTestNG.main(RemoteTestNG.java:77)
]]>
            </full-stacktrace>
          </exception> <!-- org.openqa.selenium.SessionNotCreatedException -->
          <reporter-output>
          </reporter-output>
        </test-method> <!-- EmptyLastNameCheck -->
        <test-method status="SKIP" signature="EmptyFirstNameCheck()[pri:6, instance:actions.PassportCreatAccountTestSuite@4501b7af]" name="EmptyFirstNameCheck" duration-ms="0" started-at="2021-09-05T21:58:53Z" finished-at="2021-09-05T21:58:53Z">
          <exception class="org.openqa.selenium.SessionNotCreatedException">
            <message>
              <![CDATA[session not created: This version of ChromeDriver only supports Chrome version 89
Current browser version is 92.0.4515.159 with binary path C:\Program Files (x86)\Google\Chrome\Application\chrome.exe
Build info: version: '3.7.1', revision: '8a0099a', time: '2017-11-06T21:01:39.354Z'
System info: host: 'ISW-ENGR-AA9', ip: '172.15.13.164', os.name: 'Windows 10', os.arch: 'amd64', os.version: '10.0', java.version: '1.8.0_301'
Driver info: driver.version: ChromeDriver
remote stacktrace: Backtrace:
	Ordinal0 [0x008EE7D3+124883]
	Ordinal0 [0x008EE7B1+124849]
	GetHandleVerifier [0x00B38688+193832]
	GetHandleVerifier [0x00B53AC5+305509]
	GetHandleVerifier [0x00B5021B+291003]
	GetHandleVerifier [0x00B4E0AC+282444]
	GetHandleVerifier [0x00B74A90+440624]
	GetHandleVerifier [0x00B747FC+439964]
	GetHandleVerifier [0x00B7154B+426987]
	GetHandleVerifier [0x00B54FFD+310941]
	GetHandleVerifier [0x00B55D8E+314414]
	GetHandleVerifier [0x00B55D19+314297]
	GetHandleVerifier [0x00C131EC+1089676]
	GetHandleVerifier [0x00C117C9+1082985]
	GetHandleVerifier [0x00C113A3+1081923]
	GetHandleVerifier [0x00D0D9FD+2115741]
	Ordinal0 [0x00A3B82E+1488942]
	Ordinal0 [0x009D5A7D+1071741]
	Ordinal0 [0x009D559B+1070491]
	Ordinal0 [0x009D54B1+1070257]
	Ordinal0 [0x00A0FF53+1310547]
	BaseThreadInitThunk [0x76D50419+25]
	RtlGetAppContainerNamedObjectPath [0x778B66ED+237]
	RtlGetAppContainerNamedObjectPath [0x778B66BD+189]
]]>
            </message>
            <full-stacktrace>
              <![CDATA[org.openqa.selenium.SessionNotCreatedException: session not created: This version of ChromeDriver only supports Chrome version 89
Current browser version is 92.0.4515.159 with binary path C:\Program Files (x86)\Google\Chrome\Application\chrome.exe
Build info: version: '3.7.1', revision: '8a0099a', time: '2017-11-06T21:01:39.354Z'
System info: host: 'ISW-ENGR-AA9', ip: '172.15.13.164', os.name: 'Windows 10', os.arch: 'amd64', os.version: '10.0', java.version: '1.8.0_301'
Driver info: driver.version: ChromeDriver
remote stacktrace: Backtrace:
	Ordinal0 [0x008EE7D3+124883]
	Ordinal0 [0x008EE7B1+124849]
	GetHandleVerifier [0x00B38688+193832]
	GetHandleVerifier [0x00B53AC5+305509]
	GetHandleVerifier [0x00B5021B+291003]
	GetHandleVerifier [0x00B4E0AC+282444]
	GetHandleVerifier [0x00B74A90+440624]
	GetHandleVerifier [0x00B747FC+439964]
	GetHandleVerifier [0x00B7154B+426987]
	GetHandleVerifier [0x00B54FFD+310941]
	GetHandleVerifier [0x00B55D8E+314414]
	GetHandleVerifier [0x00B55D19+314297]
	GetHandleVerifier [0x00C131EC+1089676]
	GetHandleVerifier [0x00C117C9+1082985]
	GetHandleVerifier [0x00C113A3+1081923]
	GetHandleVerifier [0x00D0D9FD+2115741]
	Ordinal0 [0x00A3B82E+1488942]
	Ordinal0 [0x009D5A7D+1071741]
	Ordinal0 [0x009D559B+1070491]
	Ordinal0 [0x009D54B1+1070257]
	Ordinal0 [0x00A0FF53+1310547]
	BaseThreadInitThunk [0x76D50419+25]
	RtlGetAppContainerNamedObjectPath [0x778B66ED+237]
	RtlGetAppContainerNamedObjectPath [0x778B66BD+189]

	at sun.reflect.NativeConstructorAccessorImpl.newInstance0(Native Method)
	at sun.reflect.NativeConstructorAccessorImpl.newInstance(Unknown Source)
	at sun.reflect.DelegatingConstructorAccessorImpl.newInstance(Unknown Source)
	at java.lang.reflect.Constructor.newInstance(Unknown Source)
	at org.openqa.selenium.remote.W3CHandshakeResponse.lambda$new$0(W3CHandshakeResponse.java:57)
	at org.openqa.selenium.remote.W3CHandshakeResponse.lambda$getResponseFunction$2(W3CHandshakeResponse.java:104)
	at org.openqa.selenium.remote.ProtocolHandshake.lambda$createSession$0(ProtocolHandshake.java:123)
	at java.util.stream.ReferencePipeline$3$1.accept(Unknown Source)
	at java.util.Spliterators$ArraySpliterator.tryAdvance(Unknown Source)
	at java.util.stream.ReferencePipeline.forEachWithCancel(Unknown Source)
	at java.util.stream.AbstractPipeline.copyIntoWithCancel(Unknown Source)
	at java.util.stream.AbstractPipeline.copyInto(Unknown Source)
	at java.util.stream.AbstractPipeline.wrapAndCopyInto(Unknown Source)
	at java.util.stream.FindOps$FindOp.evaluateSequential(Unknown Source)
	at java.util.stream.AbstractPipeline.evaluate(Unknown Source)
	at java.util.stream.ReferencePipeline.findFirst(Unknown Source)
	at org.openqa.selenium.remote.ProtocolHandshake.createSession(ProtocolHandshake.java:126)
	at org.openqa.selenium.remote.ProtocolHandshake.createSession(ProtocolHandshake.java:73)
	at org.openqa.selenium.remote.HttpCommandExecutor.execute(HttpCommandExecutor.java:142)
	at org.openqa.selenium.remote.service.DriverCommandExecutor.execute(DriverCommandExecutor.java:83)
	at org.openqa.selenium.remote.RemoteWebDriver.execute(RemoteWebDriver.java:600)
	at org.openqa.selenium.remote.RemoteWebDriver.startSession(RemoteWebDriver.java:219)
	at org.openqa.selenium.remote.RemoteWebDriver.<init>(RemoteWebDriver.java:142)
	at org.openqa.selenium.chrome.ChromeDriver.<init>(ChromeDriver.java:181)
	at org.openqa.selenium.chrome.ChromeDriver.<init>(ChromeDriver.java:168)
	at org.openqa.selenium.chrome.ChromeDriver.<init>(ChromeDriver.java:123)
	at pages.StartBrowser.initializeBrowser(StartBrowser.java:30)
	at actions.Passport2FATestSuite.startUp(Passport2FATestSuite.java:21)
	at sun.reflect.NativeMethodAccessorImpl.invoke0(Native Method)
	at sun.reflect.NativeMethodAccessorImpl.invoke(Unknown Source)
	at sun.reflect.DelegatingMethodAccessorImpl.invoke(Unknown Source)
	at java.lang.reflect.Method.invoke(Unknown Source)
	at org.testng.internal.MethodInvocationHelper.invokeMethod(MethodInvocationHelper.java:104)
	at org.testng.internal.Invoker.invokeConfigurationMethod(Invoker.java:515)
	at org.testng.internal.Invoker.invokeConfigurations(Invoker.java:217)
	at org.testng.internal.Invoker.invokeConfigurations(Invoker.java:144)
	at org.testng.TestRunner.beforeRun(TestRunner.java:634)
	at org.testng.TestRunner.run(TestRunner.java:602)
	at org.testng.SuiteRunner.runTest(SuiteRunner.java:387)
	at org.testng.SuiteRunner.runSequentially(SuiteRunner.java:382)
	at org.testng.SuiteRunner.privateRun(SuiteRunner.java:340)
	at org.testng.SuiteRunner.run(SuiteRunner.java:289)
	at org.testng.SuiteRunnerWorker.runSuite(SuiteRunnerWorker.java:52)
	at org.testng.SuiteRunnerWorker.run(SuiteRunnerWorker.java:86)
	at org.testng.TestNG.runSuitesSequentially(TestNG.java:1293)
	at org.testng.TestNG.runSuitesLocally(TestNG.java:1218)
	at org.testng.TestNG.runSuites(TestNG.java:1133)
	at org.testng.TestNG.run(TestNG.java:1104)
	at org.testng.remote.AbstractRemoteTestNG.run(AbstractRemoteTestNG.java:115)
	at org.testng.remote.RemoteTestNG.initAndRun(RemoteTestNG.java:251)
	at org.testng.remote.RemoteTestNG.main(RemoteTestNG.java:77)
]]>
            </full-stacktrace>
          </exception> <!-- org.openqa.selenium.SessionNotCreatedException -->
          <reporter-output>
          </reporter-output>
        </test-method> <!-- EmptyFirstNameCheck -->
        <test-method status="SKIP" signature="PasswordMismatchCheck()[pri:4, instance:actions.PassportCreatAccountTestSuite@4501b7af]" name="PasswordMismatchCheck" duration-ms="0" started-at="2021-09-05T21:58:53Z" finished-at="2021-09-05T21:58:53Z">
          <exception class="org.openqa.selenium.SessionNotCreatedException">
            <message>
              <![CDATA[session not created: This version of ChromeDriver only supports Chrome version 89
Current browser version is 92.0.4515.159 with binary path C:\Program Files (x86)\Google\Chrome\Application\chrome.exe
Build info: version: '3.7.1', revision: '8a0099a', time: '2017-11-06T21:01:39.354Z'
System info: host: 'ISW-ENGR-AA9', ip: '172.15.13.164', os.name: 'Windows 10', os.arch: 'amd64', os.version: '10.0', java.version: '1.8.0_301'
Driver info: driver.version: ChromeDriver
remote stacktrace: Backtrace:
	Ordinal0 [0x008EE7D3+124883]
	Ordinal0 [0x008EE7B1+124849]
	GetHandleVerifier [0x00B38688+193832]
	GetHandleVerifier [0x00B53AC5+305509]
	GetHandleVerifier [0x00B5021B+291003]
	GetHandleVerifier [0x00B4E0AC+282444]
	GetHandleVerifier [0x00B74A90+440624]
	GetHandleVerifier [0x00B747FC+439964]
	GetHandleVerifier [0x00B7154B+426987]
	GetHandleVerifier [0x00B54FFD+310941]
	GetHandleVerifier [0x00B55D8E+314414]
	GetHandleVerifier [0x00B55D19+314297]
	GetHandleVerifier [0x00C131EC+1089676]
	GetHandleVerifier [0x00C117C9+1082985]
	GetHandleVerifier [0x00C113A3+1081923]
	GetHandleVerifier [0x00D0D9FD+2115741]
	Ordinal0 [0x00A3B82E+1488942]
	Ordinal0 [0x009D5A7D+1071741]
	Ordinal0 [0x009D559B+1070491]
	Ordinal0 [0x009D54B1+1070257]
	Ordinal0 [0x00A0FF53+1310547]
	BaseThreadInitThunk [0x76D50419+25]
	RtlGetAppContainerNamedObjectPath [0x778B66ED+237]
	RtlGetAppContainerNamedObjectPath [0x778B66BD+189]
]]>
            </message>
            <full-stacktrace>
              <![CDATA[org.openqa.selenium.SessionNotCreatedException: session not created: This version of ChromeDriver only supports Chrome version 89
Current browser version is 92.0.4515.159 with binary path C:\Program Files (x86)\Google\Chrome\Application\chrome.exe
Build info: version: '3.7.1', revision: '8a0099a', time: '2017-11-06T21:01:39.354Z'
System info: host: 'ISW-ENGR-AA9', ip: '172.15.13.164', os.name: 'Windows 10', os.arch: 'amd64', os.version: '10.0', java.version: '1.8.0_301'
Driver info: driver.version: ChromeDriver
remote stacktrace: Backtrace:
	Ordinal0 [0x008EE7D3+124883]
	Ordinal0 [0x008EE7B1+124849]
	GetHandleVerifier [0x00B38688+193832]
	GetHandleVerifier [0x00B53AC5+305509]
	GetHandleVerifier [0x00B5021B+291003]
	GetHandleVerifier [0x00B4E0AC+282444]
	GetHandleVerifier [0x00B74A90+440624]
	GetHandleVerifier [0x00B747FC+439964]
	GetHandleVerifier [0x00B7154B+426987]
	GetHandleVerifier [0x00B54FFD+310941]
	GetHandleVerifier [0x00B55D8E+314414]
	GetHandleVerifier [0x00B55D19+314297]
	GetHandleVerifier [0x00C131EC+1089676]
	GetHandleVerifier [0x00C117C9+1082985]
	GetHandleVerifier [0x00C113A3+1081923]
	GetHandleVerifier [0x00D0D9FD+2115741]
	Ordinal0 [0x00A3B82E+1488942]
	Ordinal0 [0x009D5A7D+1071741]
	Ordinal0 [0x009D559B+1070491]
	Ordinal0 [0x009D54B1+1070257]
	Ordinal0 [0x00A0FF53+1310547]
	BaseThreadInitThunk [0x76D50419+25]
	RtlGetAppContainerNamedObjectPath [0x778B66ED+237]
	RtlGetAppContainerNamedObjectPath [0x778B66BD+189]

	at sun.reflect.NativeConstructorAccessorImpl.newInstance0(Native Method)
	at sun.reflect.NativeConstructorAccessorImpl.newInstance(Unknown Source)
	at sun.reflect.DelegatingConstructorAccessorImpl.newInstance(Unknown Source)
	at java.lang.reflect.Constructor.newInstance(Unknown Source)
	at org.openqa.selenium.remote.W3CHandshakeResponse.lambda$new$0(W3CHandshakeResponse.java:57)
	at org.openqa.selenium.remote.W3CHandshakeResponse.lambda$getResponseFunction$2(W3CHandshakeResponse.java:104)
	at org.openqa.selenium.remote.ProtocolHandshake.lambda$createSession$0(ProtocolHandshake.java:123)
	at java.util.stream.ReferencePipeline$3$1.accept(Unknown Source)
	at java.util.Spliterators$ArraySpliterator.tryAdvance(Unknown Source)
	at java.util.stream.ReferencePipeline.forEachWithCancel(Unknown Source)
	at java.util.stream.AbstractPipeline.copyIntoWithCancel(Unknown Source)
	at java.util.stream.AbstractPipeline.copyInto(Unknown Source)
	at java.util.stream.AbstractPipeline.wrapAndCopyInto(Unknown Source)
	at java.util.stream.FindOps$FindOp.evaluateSequential(Unknown Source)
	at java.util.stream.AbstractPipeline.evaluate(Unknown Source)
	at java.util.stream.ReferencePipeline.findFirst(Unknown Source)
	at org.openqa.selenium.remote.ProtocolHandshake.createSession(ProtocolHandshake.java:126)
	at org.openqa.selenium.remote.ProtocolHandshake.createSession(ProtocolHandshake.java:73)
	at org.openqa.selenium.remote.HttpCommandExecutor.execute(HttpCommandExecutor.java:142)
	at org.openqa.selenium.remote.service.DriverCommandExecutor.execute(DriverCommandExecutor.java:83)
	at org.openqa.selenium.remote.RemoteWebDriver.execute(RemoteWebDriver.java:600)
	at org.openqa.selenium.remote.RemoteWebDriver.startSession(RemoteWebDriver.java:219)
	at org.openqa.selenium.remote.RemoteWebDriver.<init>(RemoteWebDriver.java:142)
	at org.openqa.selenium.chrome.ChromeDriver.<init>(ChromeDriver.java:181)
	at org.openqa.selenium.chrome.ChromeDriver.<init>(ChromeDriver.java:168)
	at org.openqa.selenium.chrome.ChromeDriver.<init>(ChromeDriver.java:123)
	at pages.StartBrowser.initializeBrowser(StartBrowser.java:30)
	at actions.Passport2FATestSuite.startUp(Passport2FATestSuite.java:21)
	at sun.reflect.NativeMethodAccessorImpl.invoke0(Native Method)
	at sun.reflect.NativeMethodAccessorImpl.invoke(Unknown Source)
	at sun.reflect.DelegatingMethodAccessorImpl.invoke(Unknown Source)
	at java.lang.reflect.Method.invoke(Unknown Source)
	at org.testng.internal.MethodInvocationHelper.invokeMethod(MethodInvocationHelper.java:104)
	at org.testng.internal.Invoker.invokeConfigurationMethod(Invoker.java:515)
	at org.testng.internal.Invoker.invokeConfigurations(Invoker.java:217)
	at org.testng.internal.Invoker.invokeConfigurations(Invoker.java:144)
	at org.testng.TestRunner.beforeRun(TestRunner.java:634)
	at org.testng.TestRunner.run(TestRunner.java:602)
	at org.testng.SuiteRunner.runTest(SuiteRunner.java:387)
	at org.testng.SuiteRunner.runSequentially(SuiteRunner.java:382)
	at org.testng.SuiteRunner.privateRun(SuiteRunner.java:340)
	at org.testng.SuiteRunner.run(SuiteRunner.java:289)
	at org.testng.SuiteRunnerWorker.runSuite(SuiteRunnerWorker.java:52)
	at org.testng.SuiteRunnerWorker.run(SuiteRunnerWorker.java:86)
	at org.testng.TestNG.runSuitesSequentially(TestNG.java:1293)
	at org.testng.TestNG.runSuitesLocally(TestNG.java:1218)
	at org.testng.TestNG.runSuites(TestNG.java:1133)
	at org.testng.TestNG.run(TestNG.java:1104)
	at org.testng.remote.AbstractRemoteTestNG.run(AbstractRemoteTestNG.java:115)
	at org.testng.remote.RemoteTestNG.initAndRun(RemoteTestNG.java:251)
	at org.testng.remote.RemoteTestNG.main(RemoteTestNG.java:77)
]]>
            </full-stacktrace>
          </exception> <!-- org.openqa.selenium.SessionNotCreatedException -->
          <reporter-output>
          </reporter-output>
        </test-method> <!-- PasswordMismatchCheck -->
        <test-method status="SKIP" signature="InvalidMobileCheck()[pri:8, instance:actions.PassportCreatAccountTestSuite@4501b7af]" name="InvalidMobileCheck" duration-ms="1" started-at="2021-09-05T21:58:53Z" finished-at="2021-09-05T21:58:53Z">
          <exception class="org.openqa.selenium.SessionNotCreatedException">
            <message>
              <![CDATA[session not created: This version of ChromeDriver only supports Chrome version 89
Current browser version is 92.0.4515.159 with binary path C:\Program Files (x86)\Google\Chrome\Application\chrome.exe
Build info: version: '3.7.1', revision: '8a0099a', time: '2017-11-06T21:01:39.354Z'
System info: host: 'ISW-ENGR-AA9', ip: '172.15.13.164', os.name: 'Windows 10', os.arch: 'amd64', os.version: '10.0', java.version: '1.8.0_301'
Driver info: driver.version: ChromeDriver
remote stacktrace: Backtrace:
	Ordinal0 [0x008EE7D3+124883]
	Ordinal0 [0x008EE7B1+124849]
	GetHandleVerifier [0x00B38688+193832]
	GetHandleVerifier [0x00B53AC5+305509]
	GetHandleVerifier [0x00B5021B+291003]
	GetHandleVerifier [0x00B4E0AC+282444]
	GetHandleVerifier [0x00B74A90+440624]
	GetHandleVerifier [0x00B747FC+439964]
	GetHandleVerifier [0x00B7154B+426987]
	GetHandleVerifier [0x00B54FFD+310941]
	GetHandleVerifier [0x00B55D8E+314414]
	GetHandleVerifier [0x00B55D19+314297]
	GetHandleVerifier [0x00C131EC+1089676]
	GetHandleVerifier [0x00C117C9+1082985]
	GetHandleVerifier [0x00C113A3+1081923]
	GetHandleVerifier [0x00D0D9FD+2115741]
	Ordinal0 [0x00A3B82E+1488942]
	Ordinal0 [0x009D5A7D+1071741]
	Ordinal0 [0x009D559B+1070491]
	Ordinal0 [0x009D54B1+1070257]
	Ordinal0 [0x00A0FF53+1310547]
	BaseThreadInitThunk [0x76D50419+25]
	RtlGetAppContainerNamedObjectPath [0x778B66ED+237]
	RtlGetAppContainerNamedObjectPath [0x778B66BD+189]
]]>
            </message>
            <full-stacktrace>
              <![CDATA[org.openqa.selenium.SessionNotCreatedException: session not created: This version of ChromeDriver only supports Chrome version 89
Current browser version is 92.0.4515.159 with binary path C:\Program Files (x86)\Google\Chrome\Application\chrome.exe
Build info: version: '3.7.1', revision: '8a0099a', time: '2017-11-06T21:01:39.354Z'
System info: host: 'ISW-ENGR-AA9', ip: '172.15.13.164', os.name: 'Windows 10', os.arch: 'amd64', os.version: '10.0', java.version: '1.8.0_301'
Driver info: driver.version: ChromeDriver
remote stacktrace: Backtrace:
	Ordinal0 [0x008EE7D3+124883]
	Ordinal0 [0x008EE7B1+124849]
	GetHandleVerifier [0x00B38688+193832]
	GetHandleVerifier [0x00B53AC5+305509]
	GetHandleVerifier [0x00B5021B+291003]
	GetHandleVerifier [0x00B4E0AC+282444]
	GetHandleVerifier [0x00B74A90+440624]
	GetHandleVerifier [0x00B747FC+439964]
	GetHandleVerifier [0x00B7154B+426987]
	GetHandleVerifier [0x00B54FFD+310941]
	GetHandleVerifier [0x00B55D8E+314414]
	GetHandleVerifier [0x00B55D19+314297]
	GetHandleVerifier [0x00C131EC+1089676]
	GetHandleVerifier [0x00C117C9+1082985]
	GetHandleVerifier [0x00C113A3+1081923]
	GetHandleVerifier [0x00D0D9FD+2115741]
	Ordinal0 [0x00A3B82E+1488942]
	Ordinal0 [0x009D5A7D+1071741]
	Ordinal0 [0x009D559B+1070491]
	Ordinal0 [0x009D54B1+1070257]
	Ordinal0 [0x00A0FF53+1310547]
	BaseThreadInitThunk [0x76D50419+25]
	RtlGetAppContainerNamedObjectPath [0x778B66ED+237]
	RtlGetAppContainerNamedObjectPath [0x778B66BD+189]

	at sun.reflect.NativeConstructorAccessorImpl.newInstance0(Native Method)
	at sun.reflect.NativeConstructorAccessorImpl.newInstance(Unknown Source)
	at sun.reflect.DelegatingConstructorAccessorImpl.newInstance(Unknown Source)
	at java.lang.reflect.Constructor.newInstance(Unknown Source)
	at org.openqa.selenium.remote.W3CHandshakeResponse.lambda$new$0(W3CHandshakeResponse.java:57)
	at org.openqa.selenium.remote.W3CHandshakeResponse.lambda$getResponseFunction$2(W3CHandshakeResponse.java:104)
	at org.openqa.selenium.remote.ProtocolHandshake.lambda$createSession$0(ProtocolHandshake.java:123)
	at java.util.stream.ReferencePipeline$3$1.accept(Unknown Source)
	at java.util.Spliterators$ArraySpliterator.tryAdvance(Unknown Source)
	at java.util.stream.ReferencePipeline.forEachWithCancel(Unknown Source)
	at java.util.stream.AbstractPipeline.copyIntoWithCancel(Unknown Source)
	at java.util.stream.AbstractPipeline.copyInto(Unknown Source)
	at java.util.stream.AbstractPipeline.wrapAndCopyInto(Unknown Source)
	at java.util.stream.FindOps$FindOp.evaluateSequential(Unknown Source)
	at java.util.stream.AbstractPipeline.evaluate(Unknown Source)
	at java.util.stream.ReferencePipeline.findFirst(Unknown Source)
	at org.openqa.selenium.remote.ProtocolHandshake.createSession(ProtocolHandshake.java:126)
	at org.openqa.selenium.remote.ProtocolHandshake.createSession(ProtocolHandshake.java:73)
	at org.openqa.selenium.remote.HttpCommandExecutor.execute(HttpCommandExecutor.java:142)
	at org.openqa.selenium.remote.service.DriverCommandExecutor.execute(DriverCommandExecutor.java:83)
	at org.openqa.selenium.remote.RemoteWebDriver.execute(RemoteWebDriver.java:600)
	at org.openqa.selenium.remote.RemoteWebDriver.startSession(RemoteWebDriver.java:219)
	at org.openqa.selenium.remote.RemoteWebDriver.<init>(RemoteWebDriver.java:142)
	at org.openqa.selenium.chrome.ChromeDriver.<init>(ChromeDriver.java:181)
	at org.openqa.selenium.chrome.ChromeDriver.<init>(ChromeDriver.java:168)
	at org.openqa.selenium.chrome.ChromeDriver.<init>(ChromeDriver.java:123)
	at pages.StartBrowser.initializeBrowser(StartBrowser.java:30)
	at actions.Passport2FATestSuite.startUp(Passport2FATestSuite.java:21)
	at sun.reflect.NativeMethodAccessorImpl.invoke0(Native Method)
	at sun.reflect.NativeMethodAccessorImpl.invoke(Unknown Source)
	at sun.reflect.DelegatingMethodAccessorImpl.invoke(Unknown Source)
	at java.lang.reflect.Method.invoke(Unknown Source)
	at org.testng.internal.MethodInvocationHelper.invokeMethod(MethodInvocationHelper.java:104)
	at org.testng.internal.Invoker.invokeConfigurationMethod(Invoker.java:515)
	at org.testng.internal.Invoker.invokeConfigurations(Invoker.java:217)
	at org.testng.internal.Invoker.invokeConfigurations(Invoker.java:144)
	at org.testng.TestRunner.beforeRun(TestRunner.java:634)
	at org.testng.TestRunner.run(TestRunner.java:602)
	at org.testng.SuiteRunner.runTest(SuiteRunner.java:387)
	at org.testng.SuiteRunner.runSequentially(SuiteRunner.java:382)
	at org.testng.SuiteRunner.privateRun(SuiteRunner.java:340)
	at org.testng.SuiteRunner.run(SuiteRunner.java:289)
	at org.testng.SuiteRunnerWorker.runSuite(SuiteRunnerWorker.java:52)
	at org.testng.SuiteRunnerWorker.run(SuiteRunnerWorker.java:86)
	at org.testng.TestNG.runSuitesSequentially(TestNG.java:1293)
	at org.testng.TestNG.runSuitesLocally(TestNG.java:1218)
	at org.testng.TestNG.runSuites(TestNG.java:1133)
	at org.testng.TestNG.run(TestNG.java:1104)
	at org.testng.remote.AbstractRemoteTestNG.run(AbstractRemoteTestNG.java:115)
	at org.testng.remote.RemoteTestNG.initAndRun(RemoteTestNG.java:251)
	at org.testng.remote.RemoteTestNG.main(RemoteTestNG.java:77)
]]>
            </full-stacktrace>
          </exception> <!-- org.openqa.selenium.SessionNotCreatedException -->
          <reporter-output>
          </reporter-output>
        </test-method> <!-- InvalidMobileCheck -->
        <test-method status="SKIP" signature="EmptyPassword()[pri:10, instance:actions.PassportCreatAccountTestSuite@4501b7af]" name="EmptyPassword" duration-ms="1" started-at="2021-09-05T21:58:53Z" finished-at="2021-09-05T21:58:53Z">
          <exception class="org.openqa.selenium.SessionNotCreatedException">
            <message>
              <![CDATA[session not created: This version of ChromeDriver only supports Chrome version 89
Current browser version is 92.0.4515.159 with binary path C:\Program Files (x86)\Google\Chrome\Application\chrome.exe
Build info: version: '3.7.1', revision: '8a0099a', time: '2017-11-06T21:01:39.354Z'
System info: host: 'ISW-ENGR-AA9', ip: '172.15.13.164', os.name: 'Windows 10', os.arch: 'amd64', os.version: '10.0', java.version: '1.8.0_301'
Driver info: driver.version: ChromeDriver
remote stacktrace: Backtrace:
	Ordinal0 [0x008EE7D3+124883]
	Ordinal0 [0x008EE7B1+124849]
	GetHandleVerifier [0x00B38688+193832]
	GetHandleVerifier [0x00B53AC5+305509]
	GetHandleVerifier [0x00B5021B+291003]
	GetHandleVerifier [0x00B4E0AC+282444]
	GetHandleVerifier [0x00B74A90+440624]
	GetHandleVerifier [0x00B747FC+439964]
	GetHandleVerifier [0x00B7154B+426987]
	GetHandleVerifier [0x00B54FFD+310941]
	GetHandleVerifier [0x00B55D8E+314414]
	GetHandleVerifier [0x00B55D19+314297]
	GetHandleVerifier [0x00C131EC+1089676]
	GetHandleVerifier [0x00C117C9+1082985]
	GetHandleVerifier [0x00C113A3+1081923]
	GetHandleVerifier [0x00D0D9FD+2115741]
	Ordinal0 [0x00A3B82E+1488942]
	Ordinal0 [0x009D5A7D+1071741]
	Ordinal0 [0x009D559B+1070491]
	Ordinal0 [0x009D54B1+1070257]
	Ordinal0 [0x00A0FF53+1310547]
	BaseThreadInitThunk [0x76D50419+25]
	RtlGetAppContainerNamedObjectPath [0x778B66ED+237]
	RtlGetAppContainerNamedObjectPath [0x778B66BD+189]
]]>
            </message>
            <full-stacktrace>
              <![CDATA[org.openqa.selenium.SessionNotCreatedException: session not created: This version of ChromeDriver only supports Chrome version 89
Current browser version is 92.0.4515.159 with binary path C:\Program Files (x86)\Google\Chrome\Application\chrome.exe
Build info: version: '3.7.1', revision: '8a0099a', time: '2017-11-06T21:01:39.354Z'
System info: host: 'ISW-ENGR-AA9', ip: '172.15.13.164', os.name: 'Windows 10', os.arch: 'amd64', os.version: '10.0', java.version: '1.8.0_301'
Driver info: driver.version: ChromeDriver
remote stacktrace: Backtrace:
	Ordinal0 [0x008EE7D3+124883]
	Ordinal0 [0x008EE7B1+124849]
	GetHandleVerifier [0x00B38688+193832]
	GetHandleVerifier [0x00B53AC5+305509]
	GetHandleVerifier [0x00B5021B+291003]
	GetHandleVerifier [0x00B4E0AC+282444]
	GetHandleVerifier [0x00B74A90+440624]
	GetHandleVerifier [0x00B747FC+439964]
	GetHandleVerifier [0x00B7154B+426987]
	GetHandleVerifier [0x00B54FFD+310941]
	GetHandleVerifier [0x00B55D8E+314414]
	GetHandleVerifier [0x00B55D19+314297]
	GetHandleVerifier [0x00C131EC+1089676]
	GetHandleVerifier [0x00C117C9+1082985]
	GetHandleVerifier [0x00C113A3+1081923]
	GetHandleVerifier [0x00D0D9FD+2115741]
	Ordinal0 [0x00A3B82E+1488942]
	Ordinal0 [0x009D5A7D+1071741]
	Ordinal0 [0x009D559B+1070491]
	Ordinal0 [0x009D54B1+1070257]
	Ordinal0 [0x00A0FF53+1310547]
	BaseThreadInitThunk [0x76D50419+25]
	RtlGetAppContainerNamedObjectPath [0x778B66ED+237]
	RtlGetAppContainerNamedObjectPath [0x778B66BD+189]

	at sun.reflect.NativeConstructorAccessorImpl.newInstance0(Native Method)
	at sun.reflect.NativeConstructorAccessorImpl.newInstance(Unknown Source)
	at sun.reflect.DelegatingConstructorAccessorImpl.newInstance(Unknown Source)
	at java.lang.reflect.Constructor.newInstance(Unknown Source)
	at org.openqa.selenium.remote.W3CHandshakeResponse.lambda$new$0(W3CHandshakeResponse.java:57)
	at org.openqa.selenium.remote.W3CHandshakeResponse.lambda$getResponseFunction$2(W3CHandshakeResponse.java:104)
	at org.openqa.selenium.remote.ProtocolHandshake.lambda$createSession$0(ProtocolHandshake.java:123)
	at java.util.stream.ReferencePipeline$3$1.accept(Unknown Source)
	at java.util.Spliterators$ArraySpliterator.tryAdvance(Unknown Source)
	at java.util.stream.ReferencePipeline.forEachWithCancel(Unknown Source)
	at java.util.stream.AbstractPipeline.copyIntoWithCancel(Unknown Source)
	at java.util.stream.AbstractPipeline.copyInto(Unknown Source)
	at java.util.stream.AbstractPipeline.wrapAndCopyInto(Unknown Source)
	at java.util.stream.FindOps$FindOp.evaluateSequential(Unknown Source)
	at java.util.stream.AbstractPipeline.evaluate(Unknown Source)
	at java.util.stream.ReferencePipeline.findFirst(Unknown Source)
	at org.openqa.selenium.remote.ProtocolHandshake.createSession(ProtocolHandshake.java:126)
	at org.openqa.selenium.remote.ProtocolHandshake.createSession(ProtocolHandshake.java:73)
	at org.openqa.selenium.remote.HttpCommandExecutor.execute(HttpCommandExecutor.java:142)
	at org.openqa.selenium.remote.service.DriverCommandExecutor.execute(DriverCommandExecutor.java:83)
	at org.openqa.selenium.remote.RemoteWebDriver.execute(RemoteWebDriver.java:600)
	at org.openqa.selenium.remote.RemoteWebDriver.startSession(RemoteWebDriver.java:219)
	at org.openqa.selenium.remote.RemoteWebDriver.<init>(RemoteWebDriver.java:142)
	at org.openqa.selenium.chrome.ChromeDriver.<init>(ChromeDriver.java:181)
	at org.openqa.selenium.chrome.ChromeDriver.<init>(ChromeDriver.java:168)
	at org.openqa.selenium.chrome.ChromeDriver.<init>(ChromeDriver.java:123)
	at pages.StartBrowser.initializeBrowser(StartBrowser.java:30)
	at actions.Passport2FATestSuite.startUp(Passport2FATestSuite.java:21)
	at sun.reflect.NativeMethodAccessorImpl.invoke0(Native Method)
	at sun.reflect.NativeMethodAccessorImpl.invoke(Unknown Source)
	at sun.reflect.DelegatingMethodAccessorImpl.invoke(Unknown Source)
	at java.lang.reflect.Method.invoke(Unknown Source)
	at org.testng.internal.MethodInvocationHelper.invokeMethod(MethodInvocationHelper.java:104)
	at org.testng.internal.Invoker.invokeConfigurationMethod(Invoker.java:515)
	at org.testng.internal.Invoker.invokeConfigurations(Invoker.java:217)
	at org.testng.internal.Invoker.invokeConfigurations(Invoker.java:144)
	at org.testng.TestRunner.beforeRun(TestRunner.java:634)
	at org.testng.TestRunner.run(TestRunner.java:602)
	at org.testng.SuiteRunner.runTest(SuiteRunner.java:387)
	at org.testng.SuiteRunner.runSequentially(SuiteRunner.java:382)
	at org.testng.SuiteRunner.privateRun(SuiteRunner.java:340)
	at org.testng.SuiteRunner.run(SuiteRunner.java:289)
	at org.testng.SuiteRunnerWorker.runSuite(SuiteRunnerWorker.java:52)
	at org.testng.SuiteRunnerWorker.run(SuiteRunnerWorker.java:86)
	at org.testng.TestNG.runSuitesSequentially(TestNG.java:1293)
	at org.testng.TestNG.runSuitesLocally(TestNG.java:1218)
	at org.testng.TestNG.runSuites(TestNG.java:1133)
	at org.testng.TestNG.run(TestNG.java:1104)
	at org.testng.remote.AbstractRemoteTestNG.run(AbstractRemoteTestNG.java:115)
	at org.testng.remote.RemoteTestNG.initAndRun(RemoteTestNG.java:251)
	at org.testng.remote.RemoteTestNG.main(RemoteTestNG.java:77)
]]>
            </full-stacktrace>
          </exception> <!-- org.openqa.selenium.SessionNotCreatedException -->
          <reporter-output>
          </reporter-output>
        </test-method> <!-- EmptyPassword -->
        <test-method status="SKIP" signature="EmptyConfirmPasswordCheck()[pri:11, instance:actions.PassportCreatAccountTestSuite@4501b7af]" name="EmptyConfirmPasswordCheck" duration-ms="1" started-at="2021-09-05T21:58:53Z" finished-at="2021-09-05T21:58:53Z">
          <exception class="org.openqa.selenium.SessionNotCreatedException">
            <message>
              <![CDATA[session not created: This version of ChromeDriver only supports Chrome version 89
Current browser version is 92.0.4515.159 with binary path C:\Program Files (x86)\Google\Chrome\Application\chrome.exe
Build info: version: '3.7.1', revision: '8a0099a', time: '2017-11-06T21:01:39.354Z'
System info: host: 'ISW-ENGR-AA9', ip: '172.15.13.164', os.name: 'Windows 10', os.arch: 'amd64', os.version: '10.0', java.version: '1.8.0_301'
Driver info: driver.version: ChromeDriver
remote stacktrace: Backtrace:
	Ordinal0 [0x008EE7D3+124883]
	Ordinal0 [0x008EE7B1+124849]
	GetHandleVerifier [0x00B38688+193832]
	GetHandleVerifier [0x00B53AC5+305509]
	GetHandleVerifier [0x00B5021B+291003]
	GetHandleVerifier [0x00B4E0AC+282444]
	GetHandleVerifier [0x00B74A90+440624]
	GetHandleVerifier [0x00B747FC+439964]
	GetHandleVerifier [0x00B7154B+426987]
	GetHandleVerifier [0x00B54FFD+310941]
	GetHandleVerifier [0x00B55D8E+314414]
	GetHandleVerifier [0x00B55D19+314297]
	GetHandleVerifier [0x00C131EC+1089676]
	GetHandleVerifier [0x00C117C9+1082985]
	GetHandleVerifier [0x00C113A3+1081923]
	GetHandleVerifier [0x00D0D9FD+2115741]
	Ordinal0 [0x00A3B82E+1488942]
	Ordinal0 [0x009D5A7D+1071741]
	Ordinal0 [0x009D559B+1070491]
	Ordinal0 [0x009D54B1+1070257]
	Ordinal0 [0x00A0FF53+1310547]
	BaseThreadInitThunk [0x76D50419+25]
	RtlGetAppContainerNamedObjectPath [0x778B66ED+237]
	RtlGetAppContainerNamedObjectPath [0x778B66BD+189]
]]>
            </message>
            <full-stacktrace>
              <![CDATA[org.openqa.selenium.SessionNotCreatedException: session not created: This version of ChromeDriver only supports Chrome version 89
Current browser version is 92.0.4515.159 with binary path C:\Program Files (x86)\Google\Chrome\Application\chrome.exe
Build info: version: '3.7.1', revision: '8a0099a', time: '2017-11-06T21:01:39.354Z'
System info: host: 'ISW-ENGR-AA9', ip: '172.15.13.164', os.name: 'Windows 10', os.arch: 'amd64', os.version: '10.0', java.version: '1.8.0_301'
Driver info: driver.version: ChromeDriver
remote stacktrace: Backtrace:
	Ordinal0 [0x008EE7D3+124883]
	Ordinal0 [0x008EE7B1+124849]
	GetHandleVerifier [0x00B38688+193832]
	GetHandleVerifier [0x00B53AC5+305509]
	GetHandleVerifier [0x00B5021B+291003]
	GetHandleVerifier [0x00B4E0AC+282444]
	GetHandleVerifier [0x00B74A90+440624]
	GetHandleVerifier [0x00B747FC+439964]
	GetHandleVerifier [0x00B7154B+426987]
	GetHandleVerifier [0x00B54FFD+310941]
	GetHandleVerifier [0x00B55D8E+314414]
	GetHandleVerifier [0x00B55D19+314297]
	GetHandleVerifier [0x00C131EC+1089676]
	GetHandleVerifier [0x00C117C9+1082985]
	GetHandleVerifier [0x00C113A3+1081923]
	GetHandleVerifier [0x00D0D9FD+2115741]
	Ordinal0 [0x00A3B82E+1488942]
	Ordinal0 [0x009D5A7D+1071741]
	Ordinal0 [0x009D559B+1070491]
	Ordinal0 [0x009D54B1+1070257]
	Ordinal0 [0x00A0FF53+1310547]
	BaseThreadInitThunk [0x76D50419+25]
	RtlGetAppContainerNamedObjectPath [0x778B66ED+237]
	RtlGetAppContainerNamedObjectPath [0x778B66BD+189]

	at sun.reflect.NativeConstructorAccessorImpl.newInstance0(Native Method)
	at sun.reflect.NativeConstructorAccessorImpl.newInstance(Unknown Source)
	at sun.reflect.DelegatingConstructorAccessorImpl.newInstance(Unknown Source)
	at java.lang.reflect.Constructor.newInstance(Unknown Source)
	at org.openqa.selenium.remote.W3CHandshakeResponse.lambda$new$0(W3CHandshakeResponse.java:57)
	at org.openqa.selenium.remote.W3CHandshakeResponse.lambda$getResponseFunction$2(W3CHandshakeResponse.java:104)
	at org.openqa.selenium.remote.ProtocolHandshake.lambda$createSession$0(ProtocolHandshake.java:123)
	at java.util.stream.ReferencePipeline$3$1.accept(Unknown Source)
	at java.util.Spliterators$ArraySpliterator.tryAdvance(Unknown Source)
	at java.util.stream.ReferencePipeline.forEachWithCancel(Unknown Source)
	at java.util.stream.AbstractPipeline.copyIntoWithCancel(Unknown Source)
	at java.util.stream.AbstractPipeline.copyInto(Unknown Source)
	at java.util.stream.AbstractPipeline.wrapAndCopyInto(Unknown Source)
	at java.util.stream.FindOps$FindOp.evaluateSequential(Unknown Source)
	at java.util.stream.AbstractPipeline.evaluate(Unknown Source)
	at java.util.stream.ReferencePipeline.findFirst(Unknown Source)
	at org.openqa.selenium.remote.ProtocolHandshake.createSession(ProtocolHandshake.java:126)
	at org.openqa.selenium.remote.ProtocolHandshake.createSession(ProtocolHandshake.java:73)
	at org.openqa.selenium.remote.HttpCommandExecutor.execute(HttpCommandExecutor.java:142)
	at org.openqa.selenium.remote.service.DriverCommandExecutor.execute(DriverCommandExecutor.java:83)
	at org.openqa.selenium.remote.RemoteWebDriver.execute(RemoteWebDriver.java:600)
	at org.openqa.selenium.remote.RemoteWebDriver.startSession(RemoteWebDriver.java:219)
	at org.openqa.selenium.remote.RemoteWebDriver.<init>(RemoteWebDriver.java:142)
	at org.openqa.selenium.chrome.ChromeDriver.<init>(ChromeDriver.java:181)
	at org.openqa.selenium.chrome.ChromeDriver.<init>(ChromeDriver.java:168)
	at org.openqa.selenium.chrome.ChromeDriver.<init>(ChromeDriver.java:123)
	at pages.StartBrowser.initializeBrowser(StartBrowser.java:30)
	at actions.Passport2FATestSuite.startUp(Passport2FATestSuite.java:21)
	at sun.reflect.NativeMethodAccessorImpl.invoke0(Native Method)
	at sun.reflect.NativeMethodAccessorImpl.invoke(Unknown Source)
	at sun.reflect.DelegatingMethodAccessorImpl.invoke(Unknown Source)
	at java.lang.reflect.Method.invoke(Unknown Source)
	at org.testng.internal.MethodInvocationHelper.invokeMethod(MethodInvocationHelper.java:104)
	at org.testng.internal.Invoker.invokeConfigurationMethod(Invoker.java:515)
	at org.testng.internal.Invoker.invokeConfigurations(Invoker.java:217)
	at org.testng.internal.Invoker.invokeConfigurations(Invoker.java:144)
	at org.testng.TestRunner.beforeRun(TestRunner.java:634)
	at org.testng.TestRunner.run(TestRunner.java:602)
	at org.testng.SuiteRunner.runTest(SuiteRunner.java:387)
	at org.testng.SuiteRunner.runSequentially(SuiteRunner.java:382)
	at org.testng.SuiteRunner.privateRun(SuiteRunner.java:340)
	at org.testng.SuiteRunner.run(SuiteRunner.java:289)
	at org.testng.SuiteRunnerWorker.runSuite(SuiteRunnerWorker.java:52)
	at org.testng.SuiteRunnerWorker.run(SuiteRunnerWorker.java:86)
	at org.testng.TestNG.runSuitesSequentially(TestNG.java:1293)
	at org.testng.TestNG.runSuitesLocally(TestNG.java:1218)
	at org.testng.TestNG.runSuites(TestNG.java:1133)
	at org.testng.TestNG.run(TestNG.java:1104)
	at org.testng.remote.AbstractRemoteTestNG.run(AbstractRemoteTestNG.java:115)
	at org.testng.remote.RemoteTestNG.initAndRun(RemoteTestNG.java:251)
	at org.testng.remote.RemoteTestNG.main(RemoteTestNG.java:77)
]]>
            </full-stacktrace>
          </exception> <!-- org.openqa.selenium.SessionNotCreatedException -->
          <reporter-output>
          </reporter-output>
        </test-method> <!-- EmptyConfirmPasswordCheck -->
      </class> <!-- actions.PassportCreatAccountTestSuite -->
      <class name="actions.UserLoginTest">
        <test-method status="SKIP" signature="ValidUsernameValidPassword()[pri:1, instance:actions.UserLoginTest@523884b2]" name="ValidUsernameValidPassword" duration-ms="0" started-at="2021-09-05T21:58:53Z" finished-at="2021-09-05T21:58:53Z">
          <exception class="org.openqa.selenium.SessionNotCreatedException">
            <message>
              <![CDATA[session not created: This version of ChromeDriver only supports Chrome version 89
Current browser version is 92.0.4515.159 with binary path C:\Program Files (x86)\Google\Chrome\Application\chrome.exe
Build info: version: '3.7.1', revision: '8a0099a', time: '2017-11-06T21:01:39.354Z'
System info: host: 'ISW-ENGR-AA9', ip: '172.15.13.164', os.name: 'Windows 10', os.arch: 'amd64', os.version: '10.0', java.version: '1.8.0_301'
Driver info: driver.version: ChromeDriver
remote stacktrace: Backtrace:
	Ordinal0 [0x008EE7D3+124883]
	Ordinal0 [0x008EE7B1+124849]
	GetHandleVerifier [0x00B38688+193832]
	GetHandleVerifier [0x00B53AC5+305509]
	GetHandleVerifier [0x00B5021B+291003]
	GetHandleVerifier [0x00B4E0AC+282444]
	GetHandleVerifier [0x00B74A90+440624]
	GetHandleVerifier [0x00B747FC+439964]
	GetHandleVerifier [0x00B7154B+426987]
	GetHandleVerifier [0x00B54FFD+310941]
	GetHandleVerifier [0x00B55D8E+314414]
	GetHandleVerifier [0x00B55D19+314297]
	GetHandleVerifier [0x00C131EC+1089676]
	GetHandleVerifier [0x00C117C9+1082985]
	GetHandleVerifier [0x00C113A3+1081923]
	GetHandleVerifier [0x00D0D9FD+2115741]
	Ordinal0 [0x00A3B82E+1488942]
	Ordinal0 [0x009D5A7D+1071741]
	Ordinal0 [0x009D559B+1070491]
	Ordinal0 [0x009D54B1+1070257]
	Ordinal0 [0x00A0FF53+1310547]
	BaseThreadInitThunk [0x76D50419+25]
	RtlGetAppContainerNamedObjectPath [0x778B66ED+237]
	RtlGetAppContainerNamedObjectPath [0x778B66BD+189]
]]>
            </message>
            <full-stacktrace>
              <![CDATA[org.openqa.selenium.SessionNotCreatedException: session not created: This version of ChromeDriver only supports Chrome version 89
Current browser version is 92.0.4515.159 with binary path C:\Program Files (x86)\Google\Chrome\Application\chrome.exe
Build info: version: '3.7.1', revision: '8a0099a', time: '2017-11-06T21:01:39.354Z'
System info: host: 'ISW-ENGR-AA9', ip: '172.15.13.164', os.name: 'Windows 10', os.arch: 'amd64', os.version: '10.0', java.version: '1.8.0_301'
Driver info: driver.version: ChromeDriver
remote stacktrace: Backtrace:
	Ordinal0 [0x008EE7D3+124883]
	Ordinal0 [0x008EE7B1+124849]
	GetHandleVerifier [0x00B38688+193832]
	GetHandleVerifier [0x00B53AC5+305509]
	GetHandleVerifier [0x00B5021B+291003]
	GetHandleVerifier [0x00B4E0AC+282444]
	GetHandleVerifier [0x00B74A90+440624]
	GetHandleVerifier [0x00B747FC+439964]
	GetHandleVerifier [0x00B7154B+426987]
	GetHandleVerifier [0x00B54FFD+310941]
	GetHandleVerifier [0x00B55D8E+314414]
	GetHandleVerifier [0x00B55D19+314297]
	GetHandleVerifier [0x00C131EC+1089676]
	GetHandleVerifier [0x00C117C9+1082985]
	GetHandleVerifier [0x00C113A3+1081923]
	GetHandleVerifier [0x00D0D9FD+2115741]
	Ordinal0 [0x00A3B82E+1488942]
	Ordinal0 [0x009D5A7D+1071741]
	Ordinal0 [0x009D559B+1070491]
	Ordinal0 [0x009D54B1+1070257]
	Ordinal0 [0x00A0FF53+1310547]
	BaseThreadInitThunk [0x76D50419+25]
	RtlGetAppContainerNamedObjectPath [0x778B66ED+237]
	RtlGetAppContainerNamedObjectPath [0x778B66BD+189]

	at sun.reflect.NativeConstructorAccessorImpl.newInstance0(Native Method)
	at sun.reflect.NativeConstructorAccessorImpl.newInstance(Unknown Source)
	at sun.reflect.DelegatingConstructorAccessorImpl.newInstance(Unknown Source)
	at java.lang.reflect.Constructor.newInstance(Unknown Source)
	at org.openqa.selenium.remote.W3CHandshakeResponse.lambda$new$0(W3CHandshakeResponse.java:57)
	at org.openqa.selenium.remote.W3CHandshakeResponse.lambda$getResponseFunction$2(W3CHandshakeResponse.java:104)
	at org.openqa.selenium.remote.ProtocolHandshake.lambda$createSession$0(ProtocolHandshake.java:123)
	at java.util.stream.ReferencePipeline$3$1.accept(Unknown Source)
	at java.util.Spliterators$ArraySpliterator.tryAdvance(Unknown Source)
	at java.util.stream.ReferencePipeline.forEachWithCancel(Unknown Source)
	at java.util.stream.AbstractPipeline.copyIntoWithCancel(Unknown Source)
	at java.util.stream.AbstractPipeline.copyInto(Unknown Source)
	at java.util.stream.AbstractPipeline.wrapAndCopyInto(Unknown Source)
	at java.util.stream.FindOps$FindOp.evaluateSequential(Unknown Source)
	at java.util.stream.AbstractPipeline.evaluate(Unknown Source)
	at java.util.stream.ReferencePipeline.findFirst(Unknown Source)
	at org.openqa.selenium.remote.ProtocolHandshake.createSession(ProtocolHandshake.java:126)
	at org.openqa.selenium.remote.ProtocolHandshake.createSession(ProtocolHandshake.java:73)
	at org.openqa.selenium.remote.HttpCommandExecutor.execute(HttpCommandExecutor.java:142)
	at org.openqa.selenium.remote.service.DriverCommandExecutor.execute(DriverCommandExecutor.java:83)
	at org.openqa.selenium.remote.RemoteWebDriver.execute(RemoteWebDriver.java:600)
	at org.openqa.selenium.remote.RemoteWebDriver.startSession(RemoteWebDriver.java:219)
	at org.openqa.selenium.remote.RemoteWebDriver.<init>(RemoteWebDriver.java:142)
	at org.openqa.selenium.chrome.ChromeDriver.<init>(ChromeDriver.java:181)
	at org.openqa.selenium.chrome.ChromeDriver.<init>(ChromeDriver.java:168)
	at org.openqa.selenium.chrome.ChromeDriver.<init>(ChromeDriver.java:123)
	at pages.StartBrowser.initializeBrowser(StartBrowser.java:30)
	at actions.Passport2FATestSuite.startUp(Passport2FATestSuite.java:21)
	at sun.reflect.NativeMethodAccessorImpl.invoke0(Native Method)
	at sun.reflect.NativeMethodAccessorImpl.invoke(Unknown Source)
	at sun.reflect.DelegatingMethodAccessorImpl.invoke(Unknown Source)
	at java.lang.reflect.Method.invoke(Unknown Source)
	at org.testng.internal.MethodInvocationHelper.invokeMethod(MethodInvocationHelper.java:104)
	at org.testng.internal.Invoker.invokeConfigurationMethod(Invoker.java:515)
	at org.testng.internal.Invoker.invokeConfigurations(Invoker.java:217)
	at org.testng.internal.Invoker.invokeConfigurations(Invoker.java:144)
	at org.testng.TestRunner.beforeRun(TestRunner.java:634)
	at org.testng.TestRunner.run(TestRunner.java:602)
	at org.testng.SuiteRunner.runTest(SuiteRunner.java:387)
	at org.testng.SuiteRunner.runSequentially(SuiteRunner.java:382)
	at org.testng.SuiteRunner.privateRun(SuiteRunner.java:340)
	at org.testng.SuiteRunner.run(SuiteRunner.java:289)
	at org.testng.SuiteRunnerWorker.runSuite(SuiteRunnerWorker.java:52)
	at org.testng.SuiteRunnerWorker.run(SuiteRunnerWorker.java:86)
	at org.testng.TestNG.runSuitesSequentially(TestNG.java:1293)
	at org.testng.TestNG.runSuitesLocally(TestNG.java:1218)
	at org.testng.TestNG.runSuites(TestNG.java:1133)
	at org.testng.TestNG.run(TestNG.java:1104)
	at org.testng.remote.AbstractRemoteTestNG.run(AbstractRemoteTestNG.java:115)
	at org.testng.remote.RemoteTestNG.initAndRun(RemoteTestNG.java:251)
	at org.testng.remote.RemoteTestNG.main(RemoteTestNG.java:77)
]]>
            </full-stacktrace>
          </exception> <!-- org.openqa.selenium.SessionNotCreatedException -->
          <reporter-output>
          </reporter-output>
        </test-method> <!-- ValidUsernameValidPassword -->
        <test-method status="SKIP" signature="ValidUsernameInvalidPassword()[pri:2, instance:actions.UserLoginTest@523884b2]" name="ValidUsernameInvalidPassword" duration-ms="0" started-at="2021-09-05T21:58:53Z" finished-at="2021-09-05T21:58:53Z">
          <exception class="org.openqa.selenium.SessionNotCreatedException">
            <message>
              <![CDATA[session not created: This version of ChromeDriver only supports Chrome version 89
Current browser version is 92.0.4515.159 with binary path C:\Program Files (x86)\Google\Chrome\Application\chrome.exe
Build info: version: '3.7.1', revision: '8a0099a', time: '2017-11-06T21:01:39.354Z'
System info: host: 'ISW-ENGR-AA9', ip: '172.15.13.164', os.name: 'Windows 10', os.arch: 'amd64', os.version: '10.0', java.version: '1.8.0_301'
Driver info: driver.version: ChromeDriver
remote stacktrace: Backtrace:
	Ordinal0 [0x008EE7D3+124883]
	Ordinal0 [0x008EE7B1+124849]
	GetHandleVerifier [0x00B38688+193832]
	GetHandleVerifier [0x00B53AC5+305509]
	GetHandleVerifier [0x00B5021B+291003]
	GetHandleVerifier [0x00B4E0AC+282444]
	GetHandleVerifier [0x00B74A90+440624]
	GetHandleVerifier [0x00B747FC+439964]
	GetHandleVerifier [0x00B7154B+426987]
	GetHandleVerifier [0x00B54FFD+310941]
	GetHandleVerifier [0x00B55D8E+314414]
	GetHandleVerifier [0x00B55D19+314297]
	GetHandleVerifier [0x00C131EC+1089676]
	GetHandleVerifier [0x00C117C9+1082985]
	GetHandleVerifier [0x00C113A3+1081923]
	GetHandleVerifier [0x00D0D9FD+2115741]
	Ordinal0 [0x00A3B82E+1488942]
	Ordinal0 [0x009D5A7D+1071741]
	Ordinal0 [0x009D559B+1070491]
	Ordinal0 [0x009D54B1+1070257]
	Ordinal0 [0x00A0FF53+1310547]
	BaseThreadInitThunk [0x76D50419+25]
	RtlGetAppContainerNamedObjectPath [0x778B66ED+237]
	RtlGetAppContainerNamedObjectPath [0x778B66BD+189]
]]>
            </message>
            <full-stacktrace>
              <![CDATA[org.openqa.selenium.SessionNotCreatedException: session not created: This version of ChromeDriver only supports Chrome version 89
Current browser version is 92.0.4515.159 with binary path C:\Program Files (x86)\Google\Chrome\Application\chrome.exe
Build info: version: '3.7.1', revision: '8a0099a', time: '2017-11-06T21:01:39.354Z'
System info: host: 'ISW-ENGR-AA9', ip: '172.15.13.164', os.name: 'Windows 10', os.arch: 'amd64', os.version: '10.0', java.version: '1.8.0_301'
Driver info: driver.version: ChromeDriver
remote stacktrace: Backtrace:
	Ordinal0 [0x008EE7D3+124883]
	Ordinal0 [0x008EE7B1+124849]
	GetHandleVerifier [0x00B38688+193832]
	GetHandleVerifier [0x00B53AC5+305509]
	GetHandleVerifier [0x00B5021B+291003]
	GetHandleVerifier [0x00B4E0AC+282444]
	GetHandleVerifier [0x00B74A90+440624]
	GetHandleVerifier [0x00B747FC+439964]
	GetHandleVerifier [0x00B7154B+426987]
	GetHandleVerifier [0x00B54FFD+310941]
	GetHandleVerifier [0x00B55D8E+314414]
	GetHandleVerifier [0x00B55D19+314297]
	GetHandleVerifier [0x00C131EC+1089676]
	GetHandleVerifier [0x00C117C9+1082985]
	GetHandleVerifier [0x00C113A3+1081923]
	GetHandleVerifier [0x00D0D9FD+2115741]
	Ordinal0 [0x00A3B82E+1488942]
	Ordinal0 [0x009D5A7D+1071741]
	Ordinal0 [0x009D559B+1070491]
	Ordinal0 [0x009D54B1+1070257]
	Ordinal0 [0x00A0FF53+1310547]
	BaseThreadInitThunk [0x76D50419+25]
	RtlGetAppContainerNamedObjectPath [0x778B66ED+237]
	RtlGetAppContainerNamedObjectPath [0x778B66BD+189]

	at sun.reflect.NativeConstructorAccessorImpl.newInstance0(Native Method)
	at sun.reflect.NativeConstructorAccessorImpl.newInstance(Unknown Source)
	at sun.reflect.DelegatingConstructorAccessorImpl.newInstance(Unknown Source)
	at java.lang.reflect.Constructor.newInstance(Unknown Source)
	at org.openqa.selenium.remote.W3CHandshakeResponse.lambda$new$0(W3CHandshakeResponse.java:57)
	at org.openqa.selenium.remote.W3CHandshakeResponse.lambda$getResponseFunction$2(W3CHandshakeResponse.java:104)
	at org.openqa.selenium.remote.ProtocolHandshake.lambda$createSession$0(ProtocolHandshake.java:123)
	at java.util.stream.ReferencePipeline$3$1.accept(Unknown Source)
	at java.util.Spliterators$ArraySpliterator.tryAdvance(Unknown Source)
	at java.util.stream.ReferencePipeline.forEachWithCancel(Unknown Source)
	at java.util.stream.AbstractPipeline.copyIntoWithCancel(Unknown Source)
	at java.util.stream.AbstractPipeline.copyInto(Unknown Source)
	at java.util.stream.AbstractPipeline.wrapAndCopyInto(Unknown Source)
	at java.util.stream.FindOps$FindOp.evaluateSequential(Unknown Source)
	at java.util.stream.AbstractPipeline.evaluate(Unknown Source)
	at java.util.stream.ReferencePipeline.findFirst(Unknown Source)
	at org.openqa.selenium.remote.ProtocolHandshake.createSession(ProtocolHandshake.java:126)
	at org.openqa.selenium.remote.ProtocolHandshake.createSession(ProtocolHandshake.java:73)
	at org.openqa.selenium.remote.HttpCommandExecutor.execute(HttpCommandExecutor.java:142)
	at org.openqa.selenium.remote.service.DriverCommandExecutor.execute(DriverCommandExecutor.java:83)
	at org.openqa.selenium.remote.RemoteWebDriver.execute(RemoteWebDriver.java:600)
	at org.openqa.selenium.remote.RemoteWebDriver.startSession(RemoteWebDriver.java:219)
	at org.openqa.selenium.remote.RemoteWebDriver.<init>(RemoteWebDriver.java:142)
	at org.openqa.selenium.chrome.ChromeDriver.<init>(ChromeDriver.java:181)
	at org.openqa.selenium.chrome.ChromeDriver.<init>(ChromeDriver.java:168)
	at org.openqa.selenium.chrome.ChromeDriver.<init>(ChromeDriver.java:123)
	at pages.StartBrowser.initializeBrowser(StartBrowser.java:30)
	at actions.Passport2FATestSuite.startUp(Passport2FATestSuite.java:21)
	at sun.reflect.NativeMethodAccessorImpl.invoke0(Native Method)
	at sun.reflect.NativeMethodAccessorImpl.invoke(Unknown Source)
	at sun.reflect.DelegatingMethodAccessorImpl.invoke(Unknown Source)
	at java.lang.reflect.Method.invoke(Unknown Source)
	at org.testng.internal.MethodInvocationHelper.invokeMethod(MethodInvocationHelper.java:104)
	at org.testng.internal.Invoker.invokeConfigurationMethod(Invoker.java:515)
	at org.testng.internal.Invoker.invokeConfigurations(Invoker.java:217)
	at org.testng.internal.Invoker.invokeConfigurations(Invoker.java:144)
	at org.testng.TestRunner.beforeRun(TestRunner.java:634)
	at org.testng.TestRunner.run(TestRunner.java:602)
	at org.testng.SuiteRunner.runTest(SuiteRunner.java:387)
	at org.testng.SuiteRunner.runSequentially(SuiteRunner.java:382)
	at org.testng.SuiteRunner.privateRun(SuiteRunner.java:340)
	at org.testng.SuiteRunner.run(SuiteRunner.java:289)
	at org.testng.SuiteRunnerWorker.runSuite(SuiteRunnerWorker.java:52)
	at org.testng.SuiteRunnerWorker.run(SuiteRunnerWorker.java:86)
	at org.testng.TestNG.runSuitesSequentially(TestNG.java:1293)
	at org.testng.TestNG.runSuitesLocally(TestNG.java:1218)
	at org.testng.TestNG.runSuites(TestNG.java:1133)
	at org.testng.TestNG.run(TestNG.java:1104)
	at org.testng.remote.AbstractRemoteTestNG.run(AbstractRemoteTestNG.java:115)
	at org.testng.remote.RemoteTestNG.initAndRun(RemoteTestNG.java:251)
	at org.testng.remote.RemoteTestNG.main(RemoteTestNG.java:77)
]]>
            </full-stacktrace>
          </exception> <!-- org.openqa.selenium.SessionNotCreatedException -->
          <reporter-output>
          </reporter-output>
        </test-method> <!-- ValidUsernameInvalidPassword -->
        <test-method status="SKIP" signature="InValidUsernameInvalidPassword()[pri:3, instance:actions.UserLoginTest@523884b2]" name="InValidUsernameInvalidPassword" duration-ms="0" started-at="2021-09-05T21:58:53Z" finished-at="2021-09-05T21:58:53Z">
          <exception class="org.openqa.selenium.SessionNotCreatedException">
            <message>
              <![CDATA[session not created: This version of ChromeDriver only supports Chrome version 89
Current browser version is 92.0.4515.159 with binary path C:\Program Files (x86)\Google\Chrome\Application\chrome.exe
Build info: version: '3.7.1', revision: '8a0099a', time: '2017-11-06T21:01:39.354Z'
System info: host: 'ISW-ENGR-AA9', ip: '172.15.13.164', os.name: 'Windows 10', os.arch: 'amd64', os.version: '10.0', java.version: '1.8.0_301'
Driver info: driver.version: ChromeDriver
remote stacktrace: Backtrace:
	Ordinal0 [0x008EE7D3+124883]
	Ordinal0 [0x008EE7B1+124849]
	GetHandleVerifier [0x00B38688+193832]
	GetHandleVerifier [0x00B53AC5+305509]
	GetHandleVerifier [0x00B5021B+291003]
	GetHandleVerifier [0x00B4E0AC+282444]
	GetHandleVerifier [0x00B74A90+440624]
	GetHandleVerifier [0x00B747FC+439964]
	GetHandleVerifier [0x00B7154B+426987]
	GetHandleVerifier [0x00B54FFD+310941]
	GetHandleVerifier [0x00B55D8E+314414]
	GetHandleVerifier [0x00B55D19+314297]
	GetHandleVerifier [0x00C131EC+1089676]
	GetHandleVerifier [0x00C117C9+1082985]
	GetHandleVerifier [0x00C113A3+1081923]
	GetHandleVerifier [0x00D0D9FD+2115741]
	Ordinal0 [0x00A3B82E+1488942]
	Ordinal0 [0x009D5A7D+1071741]
	Ordinal0 [0x009D559B+1070491]
	Ordinal0 [0x009D54B1+1070257]
	Ordinal0 [0x00A0FF53+1310547]
	BaseThreadInitThunk [0x76D50419+25]
	RtlGetAppContainerNamedObjectPath [0x778B66ED+237]
	RtlGetAppContainerNamedObjectPath [0x778B66BD+189]
]]>
            </message>
            <full-stacktrace>
              <![CDATA[org.openqa.selenium.SessionNotCreatedException: session not created: This version of ChromeDriver only supports Chrome version 89
Current browser version is 92.0.4515.159 with binary path C:\Program Files (x86)\Google\Chrome\Application\chrome.exe
Build info: version: '3.7.1', revision: '8a0099a', time: '2017-11-06T21:01:39.354Z'
System info: host: 'ISW-ENGR-AA9', ip: '172.15.13.164', os.name: 'Windows 10', os.arch: 'amd64', os.version: '10.0', java.version: '1.8.0_301'
Driver info: driver.version: ChromeDriver
remote stacktrace: Backtrace:
	Ordinal0 [0x008EE7D3+124883]
	Ordinal0 [0x008EE7B1+124849]
	GetHandleVerifier [0x00B38688+193832]
	GetHandleVerifier [0x00B53AC5+305509]
	GetHandleVerifier [0x00B5021B+291003]
	GetHandleVerifier [0x00B4E0AC+282444]
	GetHandleVerifier [0x00B74A90+440624]
	GetHandleVerifier [0x00B747FC+439964]
	GetHandleVerifier [0x00B7154B+426987]
	GetHandleVerifier [0x00B54FFD+310941]
	GetHandleVerifier [0x00B55D8E+314414]
	GetHandleVerifier [0x00B55D19+314297]
	GetHandleVerifier [0x00C131EC+1089676]
	GetHandleVerifier [0x00C117C9+1082985]
	GetHandleVerifier [0x00C113A3+1081923]
	GetHandleVerifier [0x00D0D9FD+2115741]
	Ordinal0 [0x00A3B82E+1488942]
	Ordinal0 [0x009D5A7D+1071741]
	Ordinal0 [0x009D559B+1070491]
	Ordinal0 [0x009D54B1+1070257]
	Ordinal0 [0x00A0FF53+1310547]
	BaseThreadInitThunk [0x76D50419+25]
	RtlGetAppContainerNamedObjectPath [0x778B66ED+237]
	RtlGetAppContainerNamedObjectPath [0x778B66BD+189]

	at sun.reflect.NativeConstructorAccessorImpl.newInstance0(Native Method)
	at sun.reflect.NativeConstructorAccessorImpl.newInstance(Unknown Source)
	at sun.reflect.DelegatingConstructorAccessorImpl.newInstance(Unknown Source)
	at java.lang.reflect.Constructor.newInstance(Unknown Source)
	at org.openqa.selenium.remote.W3CHandshakeResponse.lambda$new$0(W3CHandshakeResponse.java:57)
	at org.openqa.selenium.remote.W3CHandshakeResponse.lambda$getResponseFunction$2(W3CHandshakeResponse.java:104)
	at org.openqa.selenium.remote.ProtocolHandshake.lambda$createSession$0(ProtocolHandshake.java:123)
	at java.util.stream.ReferencePipeline$3$1.accept(Unknown Source)
	at java.util.Spliterators$ArraySpliterator.tryAdvance(Unknown Source)
	at java.util.stream.ReferencePipeline.forEachWithCancel(Unknown Source)
	at java.util.stream.AbstractPipeline.copyIntoWithCancel(Unknown Source)
	at java.util.stream.AbstractPipeline.copyInto(Unknown Source)
	at java.util.stream.AbstractPipeline.wrapAndCopyInto(Unknown Source)
	at java.util.stream.FindOps$FindOp.evaluateSequential(Unknown Source)
	at java.util.stream.AbstractPipeline.evaluate(Unknown Source)
	at java.util.stream.ReferencePipeline.findFirst(Unknown Source)
	at org.openqa.selenium.remote.ProtocolHandshake.createSession(ProtocolHandshake.java:126)
	at org.openqa.selenium.remote.ProtocolHandshake.createSession(ProtocolHandshake.java:73)
	at org.openqa.selenium.remote.HttpCommandExecutor.execute(HttpCommandExecutor.java:142)
	at org.openqa.selenium.remote.service.DriverCommandExecutor.execute(DriverCommandExecutor.java:83)
	at org.openqa.selenium.remote.RemoteWebDriver.execute(RemoteWebDriver.java:600)
	at org.openqa.selenium.remote.RemoteWebDriver.startSession(RemoteWebDriver.java:219)
	at org.openqa.selenium.remote.RemoteWebDriver.<init>(RemoteWebDriver.java:142)
	at org.openqa.selenium.chrome.ChromeDriver.<init>(ChromeDriver.java:181)
	at org.openqa.selenium.chrome.ChromeDriver.<init>(ChromeDriver.java:168)
	at org.openqa.selenium.chrome.ChromeDriver.<init>(ChromeDriver.java:123)
	at pages.StartBrowser.initializeBrowser(StartBrowser.java:30)
	at actions.Passport2FATestSuite.startUp(Passport2FATestSuite.java:21)
	at sun.reflect.NativeMethodAccessorImpl.invoke0(Native Method)
	at sun.reflect.NativeMethodAccessorImpl.invoke(Unknown Source)
	at sun.reflect.DelegatingMethodAccessorImpl.invoke(Unknown Source)
	at java.lang.reflect.Method.invoke(Unknown Source)
	at org.testng.internal.MethodInvocationHelper.invokeMethod(MethodInvocationHelper.java:104)
	at org.testng.internal.Invoker.invokeConfigurationMethod(Invoker.java:515)
	at org.testng.internal.Invoker.invokeConfigurations(Invoker.java:217)
	at org.testng.internal.Invoker.invokeConfigurations(Invoker.java:144)
	at org.testng.TestRunner.beforeRun(TestRunner.java:634)
	at org.testng.TestRunner.run(TestRunner.java:602)
	at org.testng.SuiteRunner.runTest(SuiteRunner.java:387)
	at org.testng.SuiteRunner.runSequentially(SuiteRunner.java:382)
	at org.testng.SuiteRunner.privateRun(SuiteRunner.java:340)
	at org.testng.SuiteRunner.run(SuiteRunner.java:289)
	at org.testng.SuiteRunnerWorker.runSuite(SuiteRunnerWorker.java:52)
	at org.testng.SuiteRunnerWorker.run(SuiteRunnerWorker.java:86)
	at org.testng.TestNG.runSuitesSequentially(TestNG.java:1293)
	at org.testng.TestNG.runSuitesLocally(TestNG.java:1218)
	at org.testng.TestNG.runSuites(TestNG.java:1133)
	at org.testng.TestNG.run(TestNG.java:1104)
	at org.testng.remote.AbstractRemoteTestNG.run(AbstractRemoteTestNG.java:115)
	at org.testng.remote.RemoteTestNG.initAndRun(RemoteTestNG.java:251)
	at org.testng.remote.RemoteTestNG.main(RemoteTestNG.java:77)
]]>
            </full-stacktrace>
          </exception> <!-- org.openqa.selenium.SessionNotCreatedException -->
          <reporter-output>
          </reporter-output>
        </test-method> <!-- InValidUsernameInvalidPassword -->
        <test-method status="SKIP" signature="InValid5UsernamevalidPassword()[pri:4, instance:actions.UserLoginTest@523884b2]" name="InValid5UsernamevalidPassword" duration-ms="0" started-at="2021-09-05T21:58:53Z" finished-at="2021-09-05T21:58:53Z">
          <exception class="org.openqa.selenium.SessionNotCreatedException">
            <message>
              <![CDATA[session not created: This version of ChromeDriver only supports Chrome version 89
Current browser version is 92.0.4515.159 with binary path C:\Program Files (x86)\Google\Chrome\Application\chrome.exe
Build info: version: '3.7.1', revision: '8a0099a', time: '2017-11-06T21:01:39.354Z'
System info: host: 'ISW-ENGR-AA9', ip: '172.15.13.164', os.name: 'Windows 10', os.arch: 'amd64', os.version: '10.0', java.version: '1.8.0_301'
Driver info: driver.version: ChromeDriver
remote stacktrace: Backtrace:
	Ordinal0 [0x008EE7D3+124883]
	Ordinal0 [0x008EE7B1+124849]
	GetHandleVerifier [0x00B38688+193832]
	GetHandleVerifier [0x00B53AC5+305509]
	GetHandleVerifier [0x00B5021B+291003]
	GetHandleVerifier [0x00B4E0AC+282444]
	GetHandleVerifier [0x00B74A90+440624]
	GetHandleVerifier [0x00B747FC+439964]
	GetHandleVerifier [0x00B7154B+426987]
	GetHandleVerifier [0x00B54FFD+310941]
	GetHandleVerifier [0x00B55D8E+314414]
	GetHandleVerifier [0x00B55D19+314297]
	GetHandleVerifier [0x00C131EC+1089676]
	GetHandleVerifier [0x00C117C9+1082985]
	GetHandleVerifier [0x00C113A3+1081923]
	GetHandleVerifier [0x00D0D9FD+2115741]
	Ordinal0 [0x00A3B82E+1488942]
	Ordinal0 [0x009D5A7D+1071741]
	Ordinal0 [0x009D559B+1070491]
	Ordinal0 [0x009D54B1+1070257]
	Ordinal0 [0x00A0FF53+1310547]
	BaseThreadInitThunk [0x76D50419+25]
	RtlGetAppContainerNamedObjectPath [0x778B66ED+237]
	RtlGetAppContainerNamedObjectPath [0x778B66BD+189]
]]>
            </message>
            <full-stacktrace>
              <![CDATA[org.openqa.selenium.SessionNotCreatedException: session not created: This version of ChromeDriver only supports Chrome version 89
Current browser version is 92.0.4515.159 with binary path C:\Program Files (x86)\Google\Chrome\Application\chrome.exe
Build info: version: '3.7.1', revision: '8a0099a', time: '2017-11-06T21:01:39.354Z'
System info: host: 'ISW-ENGR-AA9', ip: '172.15.13.164', os.name: 'Windows 10', os.arch: 'amd64', os.version: '10.0', java.version: '1.8.0_301'
Driver info: driver.version: ChromeDriver
remote stacktrace: Backtrace:
	Ordinal0 [0x008EE7D3+124883]
	Ordinal0 [0x008EE7B1+124849]
	GetHandleVerifier [0x00B38688+193832]
	GetHandleVerifier [0x00B53AC5+305509]
	GetHandleVerifier [0x00B5021B+291003]
	GetHandleVerifier [0x00B4E0AC+282444]
	GetHandleVerifier [0x00B74A90+440624]
	GetHandleVerifier [0x00B747FC+439964]
	GetHandleVerifier [0x00B7154B+426987]
	GetHandleVerifier [0x00B54FFD+310941]
	GetHandleVerifier [0x00B55D8E+314414]
	GetHandleVerifier [0x00B55D19+314297]
	GetHandleVerifier [0x00C131EC+1089676]
	GetHandleVerifier [0x00C117C9+1082985]
	GetHandleVerifier [0x00C113A3+1081923]
	GetHandleVerifier [0x00D0D9FD+2115741]
	Ordinal0 [0x00A3B82E+1488942]
	Ordinal0 [0x009D5A7D+1071741]
	Ordinal0 [0x009D559B+1070491]
	Ordinal0 [0x009D54B1+1070257]
	Ordinal0 [0x00A0FF53+1310547]
	BaseThreadInitThunk [0x76D50419+25]
	RtlGetAppContainerNamedObjectPath [0x778B66ED+237]
	RtlGetAppContainerNamedObjectPath [0x778B66BD+189]

	at sun.reflect.NativeConstructorAccessorImpl.newInstance0(Native Method)
	at sun.reflect.NativeConstructorAccessorImpl.newInstance(Unknown Source)
	at sun.reflect.DelegatingConstructorAccessorImpl.newInstance(Unknown Source)
	at java.lang.reflect.Constructor.newInstance(Unknown Source)
	at org.openqa.selenium.remote.W3CHandshakeResponse.lambda$new$0(W3CHandshakeResponse.java:57)
	at org.openqa.selenium.remote.W3CHandshakeResponse.lambda$getResponseFunction$2(W3CHandshakeResponse.java:104)
	at org.openqa.selenium.remote.ProtocolHandshake.lambda$createSession$0(ProtocolHandshake.java:123)
	at java.util.stream.ReferencePipeline$3$1.accept(Unknown Source)
	at java.util.Spliterators$ArraySpliterator.tryAdvance(Unknown Source)
	at java.util.stream.ReferencePipeline.forEachWithCancel(Unknown Source)
	at java.util.stream.AbstractPipeline.copyIntoWithCancel(Unknown Source)
	at java.util.stream.AbstractPipeline.copyInto(Unknown Source)
	at java.util.stream.AbstractPipeline.wrapAndCopyInto(Unknown Source)
	at java.util.stream.FindOps$FindOp.evaluateSequential(Unknown Source)
	at java.util.stream.AbstractPipeline.evaluate(Unknown Source)
	at java.util.stream.ReferencePipeline.findFirst(Unknown Source)
	at org.openqa.selenium.remote.ProtocolHandshake.createSession(ProtocolHandshake.java:126)
	at org.openqa.selenium.remote.ProtocolHandshake.createSession(ProtocolHandshake.java:73)
	at org.openqa.selenium.remote.HttpCommandExecutor.execute(HttpCommandExecutor.java:142)
	at org.openqa.selenium.remote.service.DriverCommandExecutor.execute(DriverCommandExecutor.java:83)
	at org.openqa.selenium.remote.RemoteWebDriver.execute(RemoteWebDriver.java:600)
	at org.openqa.selenium.remote.RemoteWebDriver.startSession(RemoteWebDriver.java:219)
	at org.openqa.selenium.remote.RemoteWebDriver.<init>(RemoteWebDriver.java:142)
	at org.openqa.selenium.chrome.ChromeDriver.<init>(ChromeDriver.java:181)
	at org.openqa.selenium.chrome.ChromeDriver.<init>(ChromeDriver.java:168)
	at org.openqa.selenium.chrome.ChromeDriver.<init>(ChromeDriver.java:123)
	at pages.StartBrowser.initializeBrowser(StartBrowser.java:30)
	at actions.Passport2FATestSuite.startUp(Passport2FATestSuite.java:21)
	at sun.reflect.NativeMethodAccessorImpl.invoke0(Native Method)
	at sun.reflect.NativeMethodAccessorImpl.invoke(Unknown Source)
	at sun.reflect.DelegatingMethodAccessorImpl.invoke(Unknown Source)
	at java.lang.reflect.Method.invoke(Unknown Source)
	at org.testng.internal.MethodInvocationHelper.invokeMethod(MethodInvocationHelper.java:104)
	at org.testng.internal.Invoker.invokeConfigurationMethod(Invoker.java:515)
	at org.testng.internal.Invoker.invokeConfigurations(Invoker.java:217)
	at org.testng.internal.Invoker.invokeConfigurations(Invoker.java:144)
	at org.testng.TestRunner.beforeRun(TestRunner.java:634)
	at org.testng.TestRunner.run(TestRunner.java:602)
	at org.testng.SuiteRunner.runTest(SuiteRunner.java:387)
	at org.testng.SuiteRunner.runSequentially(SuiteRunner.java:382)
	at org.testng.SuiteRunner.privateRun(SuiteRunner.java:340)
	at org.testng.SuiteRunner.run(SuiteRunner.java:289)
	at org.testng.SuiteRunnerWorker.runSuite(SuiteRunnerWorker.java:52)
	at org.testng.SuiteRunnerWorker.run(SuiteRunnerWorker.java:86)
	at org.testng.TestNG.runSuitesSequentially(TestNG.java:1293)
	at org.testng.TestNG.runSuitesLocally(TestNG.java:1218)
	at org.testng.TestNG.runSuites(TestNG.java:1133)
	at org.testng.TestNG.run(TestNG.java:1104)
	at org.testng.remote.AbstractRemoteTestNG.run(AbstractRemoteTestNG.java:115)
	at org.testng.remote.RemoteTestNG.initAndRun(RemoteTestNG.java:251)
	at org.testng.remote.RemoteTestNG.main(RemoteTestNG.java:77)
]]>
            </full-stacktrace>
          </exception> <!-- org.openqa.selenium.SessionNotCreatedException -->
          <reporter-output>
          </reporter-output>
        </test-method> <!-- InValid5UsernamevalidPassword -->
      </class> <!-- actions.UserLoginTest -->
    </test> <!-- Default test -->
  </suite> <!-- Default suite -->
</testng-results>
