<?xml version="1.0" encoding="UTF-8"?>
<!-- Generated by org.testng.reporters.JUnitReportReporter -->
<testsuite name="actions.Passport2FATestSuite" tests="4" time="0.000" ignored="0" failures="0" timestamp="05 Sep 2021 20:58:54 GMT" skipped="3" hostname="ISW-ENGR-AA9" errors="1">
  <testcase name="InvalidOtp" time="0.000" classname="actions.Passport2FATestSuite">
    <skipped/>
  </testcase> <!-- InvalidOtp -->
  <testcase name="startUp" time="0.000" classname="actions.Passport2FATestSuite">
    <error type="org.openqa.selenium.SessionNotCreatedException" message="session not created: This version of ChromeDriver only supports Chrome version 89
Current browser version is 92.0.4515.159 with binary path C:\Program Files (x86)\Google\Chrome\Application\chrome.exe
Build info: version: &#039;3.7.1&#039;, revision: &#039;8a0099a&#039;, time: &#039;2017-11-06T21:01:39.354Z&#039;
System info: host: &#039;ISW-ENGR-AA9&#039;, ip: &#039;172.15.13.164&#039;, os.name: &#039;Windows 10&#039;, os.arch: &#039;amd64&#039;, os.version: &#039;10.0&#039;, java.version: &#039;1.8.0_301&#039;
Driver info: driver.version: ChromeDriver
remote stacktrace: Backtrace:
	Ordinal0 [0x008EE7D3+124883]
	Ordinal0 [0x008EE7B1+124849]
	GetHandleVerifier [0x00B38688+193832]
	GetHandleVerifier [0x00B53AC5+305509]
	GetHandleVerifier [0x00B5021B+291003]
	GetHandleVerifier [0x00B4E0AC+282444]
	GetHandleVerifier [0x00B74A90+440624]
	GetHandleVerifier [0x00B747FC+439964]
	GetHandleVerifier [0x00B7154B+426987]
	GetHandleVerifier [0x00B54FFD+310941]
	GetHandleVerifier [0x00B55D8E+314414]
	GetHandleVerifier [0x00B55D19+314297]
	GetHandleVerifier [0x00C131EC+1089676]
	GetHandleVerifier [0x00C117C9+1082985]
	GetHandleVerifier [0x00C113A3+1081923]
	GetHandleVerifier [0x00D0D9FD+2115741]
	Ordinal0 [0x00A3B82E+1488942]
	Ordinal0 [0x009D5A7D+1071741]
	Ordinal0 [0x009D559B+1070491]
	Ordinal0 [0x009D54B1+1070257]
	Ordinal0 [0x00A0FF53+1310547]
	BaseThreadInitThunk [0x76D50419+25]
	RtlGetAppContainerNamedObjectPath [0x778B66ED+237]
	RtlGetAppContainerNamedObjectPath [0x778B66BD+189]
">
      <![CDATA[org.openqa.selenium.SessionNotCreatedException: session not created: This version of ChromeDriver only supports Chrome version 89
Current browser version is 92.0.4515.159 with binary path C:\Program Files (x86)\Google\Chrome\Application\chrome.exe
Build info: version: '3.7.1', revision: '8a0099a', time: '2017-11-06T21:01:39.354Z'
System info: host: 'ISW-ENGR-AA9', ip: '172.15.13.164', os.name: 'Windows 10', os.arch: 'amd64', os.version: '10.0', java.version: '1.8.0_301'
Driver info: driver.version: ChromeDriver
remote stacktrace: Backtrace:
	Ordinal0 [0x008EE7D3+124883]
	Ordinal0 [0x008EE7B1+124849]
	GetHandleVerifier [0x00B38688+193832]
	GetHandleVerifier [0x00B53AC5+305509]
	GetHandleVerifier [0x00B5021B+291003]
	GetHandleVerifier [0x00B4E0AC+282444]
	GetHandleVerifier [0x00B74A90+440624]
	GetHandleVerifier [0x00B747FC+439964]
	GetHandleVerifier [0x00B7154B+426987]
	GetHandleVerifier [0x00B54FFD+310941]
	GetHandleVerifier [0x00B55D8E+314414]
	GetHandleVerifier [0x00B55D19+314297]
	GetHandleVerifier [0x00C131EC+1089676]
	GetHandleVerifier [0x00C117C9+1082985]
	GetHandleVerifier [0x00C113A3+1081923]
	GetHandleVerifier [0x00D0D9FD+2115741]
	Ordinal0 [0x00A3B82E+1488942]
	Ordinal0 [0x009D5A7D+1071741]
	Ordinal0 [0x009D559B+1070491]
	Ordinal0 [0x009D54B1+1070257]
	Ordinal0 [0x00A0FF53+1310547]
	BaseThreadInitThunk [0x76D50419+25]
	RtlGetAppContainerNamedObjectPath [0x778B66ED+237]
	RtlGetAppContainerNamedObjectPath [0x778B66BD+189]

	at sun.reflect.NativeConstructorAccessorImpl.newInstance0(Native Method)
	at sun.reflect.NativeConstructorAccessorImpl.newInstance(Unknown Source)
	at sun.reflect.DelegatingConstructorAccessorImpl.newInstance(Unknown Source)
	at java.lang.reflect.Constructor.newInstance(Unknown Source)
	at org.openqa.selenium.remote.W3CHandshakeResponse.lambda$new$0(W3CHandshakeResponse.java:57)
	at org.openqa.selenium.remote.W3CHandshakeResponse.lambda$getResponseFunction$2(W3CHandshakeResponse.java:104)
	at org.openqa.selenium.remote.ProtocolHandshake.lambda$createSession$0(ProtocolHandshake.java:123)
	at java.util.stream.ReferencePipeline$3$1.accept(Unknown Source)
	at java.util.Spliterators$ArraySpliterator.tryAdvance(Unknown Source)
	at java.util.stream.ReferencePipeline.forEachWithCancel(Unknown Source)
	at java.util.stream.AbstractPipeline.copyIntoWithCancel(Unknown Source)
	at java.util.stream.AbstractPipeline.copyInto(Unknown Source)
	at java.util.stream.AbstractPipeline.wrapAndCopyInto(Unknown Source)
	at java.util.stream.FindOps$FindOp.evaluateSequential(Unknown Source)
	at java.util.stream.AbstractPipeline.evaluate(Unknown Source)
	at java.util.stream.ReferencePipeline.findFirst(Unknown Source)
	at org.openqa.selenium.remote.ProtocolHandshake.createSession(ProtocolHandshake.java:126)
	at org.openqa.selenium.remote.ProtocolHandshake.createSession(ProtocolHandshake.java:73)
	at org.openqa.selenium.remote.HttpCommandExecutor.execute(HttpCommandExecutor.java:142)
	at org.openqa.selenium.remote.service.DriverCommandExecutor.execute(DriverCommandExecutor.java:83)
	at org.openqa.selenium.remote.RemoteWebDriver.execute(RemoteWebDriver.java:600)
	at org.openqa.selenium.remote.RemoteWebDriver.startSession(RemoteWebDriver.java:219)
	at org.openqa.selenium.remote.RemoteWebDriver.<init>(RemoteWebDriver.java:142)
	at org.openqa.selenium.chrome.ChromeDriver.<init>(ChromeDriver.java:181)
	at org.openqa.selenium.chrome.ChromeDriver.<init>(ChromeDriver.java:168)
	at org.openqa.selenium.chrome.ChromeDriver.<init>(ChromeDriver.java:123)
	at pages.StartBrowser.initializeBrowser(StartBrowser.java:30)
	at actions.Passport2FATestSuite.startUp(Passport2FATestSuite.java:21)
	at sun.reflect.NativeMethodAccessorImpl.invoke0(Native Method)
	at sun.reflect.NativeMethodAccessorImpl.invoke(Unknown Source)
	at sun.reflect.DelegatingMethodAccessorImpl.invoke(Unknown Source)
	at java.lang.reflect.Method.invoke(Unknown Source)
	at org.testng.internal.MethodInvocationHelper.invokeMethod(MethodInvocationHelper.java:104)
	at org.testng.internal.Invoker.invokeConfigurationMethod(Invoker.java:515)
	at org.testng.internal.Invoker.invokeConfigurations(Invoker.java:217)
	at org.testng.internal.Invoker.invokeConfigurations(Invoker.java:144)
	at org.testng.TestRunner.beforeRun(TestRunner.java:634)
	at org.testng.TestRunner.run(TestRunner.java:602)
	at org.testng.SuiteRunner.runTest(SuiteRunner.java:387)
	at org.testng.SuiteRunner.runSequentially(SuiteRunner.java:382)
	at org.testng.SuiteRunner.privateRun(SuiteRunner.java:340)
	at org.testng.SuiteRunner.run(SuiteRunner.java:289)
	at org.testng.SuiteRunnerWorker.runSuite(SuiteRunnerWorker.java:52)
	at org.testng.SuiteRunnerWorker.run(SuiteRunnerWorker.java:86)
	at org.testng.TestNG.runSuitesSequentially(TestNG.java:1293)
	at org.testng.TestNG.runSuitesLocally(TestNG.java:1218)
	at org.testng.TestNG.runSuites(TestNG.java:1133)
	at org.testng.TestNG.run(TestNG.java:1104)
	at org.testng.remote.AbstractRemoteTestNG.run(AbstractRemoteTestNG.java:115)
	at org.testng.remote.RemoteTestNG.initAndRun(RemoteTestNG.java:251)
	at org.testng.remote.RemoteTestNG.main(RemoteTestNG.java:77)
]]>
    </error>
  </testcase> <!-- startUp -->
  <testcase name="PassportSecondFactorAuthentication" time="0.000" classname="actions.Passport2FATestSuite">
    <skipped/>
  </testcase> <!-- PassportSecondFactorAuthentication -->
  <testcase name="ResendOtp" time="0.000" classname="actions.Passport2FATestSuite">
    <skipped/>
  </testcase> <!-- ResendOtp -->
</testsuite> <!-- actions.Passport2FATestSuite -->
